pos/dict8000_stacksub.png 1 0 0 35 35
pos/dict8001_stacksub.png 1 0 0 35 35
pos/dict8002_stacksub.png 1 0 0 35 35
pos/dict8003_stacksub.png 1 0 0 35 35
pos/dict8004_stacksub.png 1 0 0 35 35
pos/dict8005_stacksub.png 1 0 0 35 35
pos/dict8006_stacksub.png 1 0 0 35 35
pos/dict8007_stacksub.png 1 0 0 35 35
pos/dict8008_stacksub.png 1 0 0 35 35
pos/dict8009_stacksub.png 1 0 0 35 35
pos/dict8010_stacksub.png 1 0 0 35 35
pos/dict8011_stacksub.png 1 0 0 35 35
pos/dict8012_stacksub.png 1 0 0 35 35
pos/dict8013_stacksub.png 1 0 0 35 35
pos/dict8014_stacksub.png 1 0 0 35 35
pos/dict8015_stacksub.png 1 0 0 35 35
pos/dict8016_stacksub.png 1 0 0 35 35
pos/dict8017_stacksub.png 1 0 0 35 35
pos/dict8018_stacksub.png 1 0 0 35 35
pos/dict8019_stacksub.png 1 0 0 35 35
pos/dict8020_stacksub.png 1 0 0 35 35
pos/dict8021_stacksub.png 1 0 0 35 35
pos/dict8022_stacksub.png 1 0 0 35 35
pos/dict8023_stacksub.png 1 0 0 35 35
pos/dict8024_stacksub.png 1 0 0 35 35
pos/dict8025_stacksub.png 1 0 0 35 35
pos/dict8026_stacksub.png 1 0 0 35 35
pos/dict8027_stacksub.png 1 0 0 35 35
pos/dict8028_stacksub.png 1 0 0 35 35
pos/dict8029_stacksub.png 1 0 0 35 35
pos/dict8030_stacksub.png 1 0 0 35 35
pos/dict8031_stacksub.png 1 0 0 35 35
pos/dict8032_stacksub.png 1 0 0 35 35
pos/dict8033_stacksub.png 1 0 0 35 35
pos/dict8034_stacksub.png 1 0 0 35 35
pos/dict8035_stacksub.png 1 0 0 35 35
pos/dict8036_stacksub.png 1 0 0 35 35
pos/dict8037_stacksub.png 1 0 0 35 35
pos/dict8038_stacksub.png 1 0 0 35 35
pos/dict8039_stacksub.png 1 0 0 35 35
pos/dict8040_stacksub.png 1 0 0 35 35
pos/dict8041_stacksub.png 1 0 0 35 35
pos/dict8042_stacksub.png 1 0 0 35 35
pos/dict8043_stacksub.png 1 0 0 35 35
pos/dict8044_stacksub.png 1 0 0 35 35
pos/dict8045_stacksub.png 1 0 0 35 35
pos/dict8046_stacksub.png 1 0 0 35 35
pos/dict8047_stacksub.png 1 0 0 35 35
pos/dict8048_stacksub.png 1 0 0 35 35
pos/dict8049_stacksub.png 1 0 0 35 35
pos/dict8050_stacksub.png 1 0 0 35 35
pos/dict8051_stacksub.png 1 0 0 35 35
pos/dict8052_stacksub.png 1 0 0 35 35
pos/dict8053_stacksub.png 1 0 0 35 35
pos/dict8054_stacksub.png 1 0 0 35 35
pos/dict8055_stacksub.png 1 0 0 35 35
pos/dict8056_stacksub.png 1 0 0 35 35
pos/dict8057_stacksub.png 1 0 0 35 35
pos/dict8058_stacksub.png 1 0 0 35 35
pos/dict8059_stacksub.png 1 0 0 35 35
pos/dict8060_stacksub.png 1 0 0 35 35
pos/dict8061_stacksub.png 1 0 0 35 35
pos/dict8062_stacksub.png 1 0 0 35 35
pos/dict8063_stacksub.png 1 0 0 35 35
pos/dict8064_stacksub.png 1 0 0 35 35
pos/dict8065_stacksub.png 1 0 0 35 35
pos/dict8066_stacksub.png 1 0 0 35 35
pos/dict8067_stacksub.png 1 0 0 35 35
pos/dict8068_stacksub.png 1 0 0 35 35
pos/dict8069_stacksub.png 1 0 0 35 35
pos/dict8070_stacksub.png 1 0 0 35 35
pos/dict8071_stacksub.png 1 0 0 35 35
pos/dict8072_stacksub.png 1 0 0 35 35
pos/dict8073_stacksub.png 1 0 0 35 35
pos/dict8074_stacksub.png 1 0 0 35 35
pos/dict8075_stacksub.png 1 0 0 35 35
pos/dict8076_stacksub.png 1 0 0 35 35
pos/dict8077_stacksub.png 1 0 0 35 35
pos/dict8078_stacksub.png 1 0 0 35 35
pos/dict8079_stacksub.png 1 0 0 35 35
pos/dict8080_stacksub.png 1 0 0 35 35
pos/dict8081_stacksub.png 1 0 0 35 35
pos/dict8082_stacksub.png 1 0 0 35 35
pos/dict8083_stacksub.png 1 0 0 35 35
pos/dict8084_stacksub.png 1 0 0 35 35
pos/dict8085_stacksub.png 1 0 0 35 35
pos/dict8086_stacksub.png 1 0 0 35 35
pos/dict8087_stacksub.png 1 0 0 35 35
pos/dict8088_stacksub.png 1 0 0 35 35
pos/dict8089_stacksub.png 1 0 0 35 35
pos/dict8090_stacksub.png 1 0 0 35 35
pos/dict8091_stacksub.png 1 0 0 35 35
pos/dict8092_stacksub.png 1 0 0 35 35
pos/dict8093_stacksub.png 1 0 0 35 35
pos/dict8094_stacksub.png 1 0 0 35 35
pos/dict8095_stacksub.png 1 0 0 35 35
pos/dict8096_stacksub.png 1 0 0 35 35
pos/dict8097_stacksub.png 1 0 0 35 35
pos/dict8098_stacksub.png 1 0 0 35 35
pos/dict8099_stacksub.png 1 0 0 35 35
pos/dict8100_stacksub.png 1 0 0 35 35
pos/dict8101_stacksub.png 1 0 0 35 35
pos/dict8102_stacksub.png 1 0 0 35 35
pos/dict8103_stacksub.png 1 0 0 35 35
pos/dict8104_stacksub.png 1 0 0 35 35
pos/dict8105_stacksub.png 1 0 0 35 35
pos/dict8106_stacksub.png 1 0 0 35 35
pos/dict8107_stacksub.png 1 0 0 35 35
pos/dict8108_stacksub.png 1 0 0 35 35
pos/dict8109_stacksub.png 1 0 0 35 35
pos/dict8110_stacksub.png 1 0 0 35 35
pos/dict8111_stacksub.png 1 0 0 35 35
pos/dict8112_stacksub.png 1 0 0 35 35
pos/dict8113_stacksub.png 1 0 0 35 35
pos/dict8114_stacksub.png 1 0 0 35 35
pos/dict8115_stacksub.png 1 0 0 35 35
pos/dict8116_stacksub.png 1 0 0 35 35
pos/dict8117_stacksub.png 1 0 0 35 35
pos/dict8118_stacksub.png 1 0 0 35 35
pos/dict8119_stacksub.png 1 0 0 35 35
pos/dict8120_stacksub.png 1 0 0 35 35
pos/dict8121_stacksub.png 1 0 0 35 35
pos/dict8122_stacksub.png 1 0 0 35 35
pos/dict8123_stacksub.png 1 0 0 35 35
pos/dict8124_stacksub.png 1 0 0 35 35
pos/dict8125_stacksub.png 1 0 0 35 35
pos/dict8126_stacksub.png 1 0 0 35 35
pos/dict8127_stacksub.png 1 0 0 35 35
pos/dict8128_stacksub.png 1 0 0 35 35
pos/dict8129_stacksub.png 1 0 0 35 35
pos/dict8130_stacksub.png 1 0 0 35 35
pos/dict8131_stacksub.png 1 0 0 35 35
pos/dict8132_stacksub.png 1 0 0 35 35
pos/dict8133_stacksub.png 1 0 0 35 35
pos/dict8134_stacksub.png 1 0 0 35 35
pos/dict8135_stacksub.png 1 0 0 35 35
pos/dict8136_stacksub.png 1 0 0 35 35
pos/dict8137_stacksub.png 1 0 0 35 35
pos/dict8138_stacksub.png 1 0 0 35 35
pos/dict8139_stacksub.png 1 0 0 35 35
pos/dict8140_stacksub.png 1 0 0 35 35
pos/dict8141_stacksub.png 1 0 0 35 35
pos/dict8142_stacksub.png 1 0 0 35 35
pos/dict8143_stacksub.png 1 0 0 35 35
pos/dict8144_stacksub.png 1 0 0 35 35
pos/dict8145_stacksub.png 1 0 0 35 35
pos/dict8146_stacksub.png 1 0 0 35 35
pos/dict8147_stacksub.png 1 0 0 35 35
pos/dict8148_stacksub.png 1 0 0 35 35
pos/dict8149_stacksub.png 1 0 0 35 35
pos/dict8150_stacksub.png 1 0 0 35 35
pos/dict8151_stacksub.png 1 0 0 35 35
pos/dict8152_stacksub.png 1 0 0 35 35
pos/dict8153_stacksub.png 1 0 0 35 35
pos/dict8154_stacksub.png 1 0 0 35 35
pos/dict8155_stacksub.png 1 0 0 35 35
pos/dict8156_stacksub.png 1 0 0 35 35
pos/dict8157_stacksub.png 1 0 0 35 35
pos/dict8158_stacksub.png 1 0 0 35 35
pos/dict8159_stacksub.png 1 0 0 35 35
pos/dict8160_stacksub.png 1 0 0 35 35
pos/dict8161_stacksub.png 1 0 0 35 35
pos/dict8162_stacksub.png 1 0 0 35 35
pos/dict8163_stacksub.png 1 0 0 35 35
pos/dict8164_stacksub.png 1 0 0 35 35
pos/dict8165_stacksub.png 1 0 0 35 35
pos/dict8166_stacksub.png 1 0 0 35 35
pos/dict8167_stacksub.png 1 0 0 35 35
pos/dict8168_stacksub.png 1 0 0 35 35
pos/dict8169_stacksub.png 1 0 0 35 35
pos/dict8170_stacksub.png 1 0 0 35 35
pos/dict8171_stacksub.png 1 0 0 35 35
pos/dict8172_stacksub.png 1 0 0 35 35
pos/dict8173_stacksub.png 1 0 0 35 35
pos/dict8174_stacksub.png 1 0 0 35 35
pos/dict8175_stacksub.png 1 0 0 35 35
pos/dict8176_stacksub.png 1 0 0 35 35
pos/dict8177_stacksub.png 1 0 0 35 35
pos/dict8178_stacksub.png 1 0 0 35 35
pos/dict8179_stacksub.png 1 0 0 35 35
pos/dict8180_stacksub.png 1 0 0 35 35
pos/dict8181_stacksub.png 1 0 0 35 35
pos/dict8182_stacksub.png 1 0 0 35 35
pos/dict8183_stacksub.png 1 0 0 35 35
pos/dict8184_stacksub.png 1 0 0 35 35
pos/dict8185_stacksub.png 1 0 0 35 35
pos/dict8186_stacksub.png 1 0 0 35 35
pos/dict8187_stacksub.png 1 0 0 35 35
pos/dict8188_stacksub.png 1 0 0 35 35
pos/dict8189_stacksub.png 1 0 0 35 35
pos/dict8190_stacksub.png 1 0 0 35 35
pos/dict8191_stacksub.png 1 0 0 35 35
pos/dict8192_stacksub.png 1 0 0 35 35
pos/dict8193_stacksub.png 1 0 0 35 35
pos/dict8194_stacksub.png 1 0 0 35 35
pos/dict8195_stacksub.png 1 0 0 35 35
pos/dict8196_stacksub.png 1 0 0 35 35
pos/dict8197_stacksub.png 1 0 0 35 35
pos/dict8198_stacksub.png 1 0 0 35 35
pos/dict8199_stacksub.png 1 0 0 35 35
pos/dict8200_stacksub.png 1 0 0 35 35
pos/dict8201_stacksub.png 1 0 0 35 35
pos/dict8202_stacksub.png 1 0 0 35 35
pos/dict8203_stacksub.png 1 0 0 35 35
pos/dict8204_stacksub.png 1 0 0 35 35
pos/dict8205_stacksub.png 1 0 0 35 35
pos/dict8206_stacksub.png 1 0 0 35 35
pos/dict8207_stacksub.png 1 0 0 35 35
pos/dict8208_stacksub.png 1 0 0 35 35
pos/dict8209_stacksub.png 1 0 0 35 35
pos/dict8210_stacksub.png 1 0 0 35 35
pos/dict8211_stacksub.png 1 0 0 35 35
pos/dict8212_stacksub.png 1 0 0 35 35
pos/dict8213_stacksub.png 1 0 0 35 35
pos/dict8214_stacksub.png 1 0 0 35 35
pos/dict8215_stacksub.png 1 0 0 35 35
pos/dict8216_stacksub.png 1 0 0 35 35
pos/dict8217_stacksub.png 1 0 0 35 35
pos/dict8218_stacksub.png 1 0 0 35 35
pos/dict8219_stacksub.png 1 0 0 35 35
pos/dict8220_stacksub.png 1 0 0 35 35
pos/dict8221_stacksub.png 1 0 0 35 35
pos/dict8222_stacksub.png 1 0 0 35 35
pos/dict8223_stacksub.png 1 0 0 35 35
pos/dict8224_stacksub.png 1 0 0 35 35
pos/dict8225_stacksub.png 1 0 0 35 35
pos/dict8226_stacksub.png 1 0 0 35 35
pos/dict8227_stacksub.png 1 0 0 35 35
pos/dict8228_stacksub.png 1 0 0 35 35
pos/dict8229_stacksub.png 1 0 0 35 35
pos/dict8230_stacksub.png 1 0 0 35 35
pos/dict8231_stacksub.png 1 0 0 35 35
pos/dict8232_stacksub.png 1 0 0 35 35
pos/dict8233_stacksub.png 1 0 0 35 35
pos/dict8234_stacksub.png 1 0 0 35 35
pos/dict8235_stacksub.png 1 0 0 35 35
pos/dict8236_stacksub.png 1 0 0 35 35
pos/dict8237_stacksub.png 1 0 0 35 35
pos/dict8238_stacksub.png 1 0 0 35 35
pos/dict8239_stacksub.png 1 0 0 35 35
pos/dict8240_stacksub.png 1 0 0 35 35
pos/dict8241_stacksub.png 1 0 0 35 35
pos/dict8242_stacksub.png 1 0 0 35 35
pos/dict8243_stacksub.png 1 0 0 35 35
pos/dict8244_stacksub.png 1 0 0 35 35
pos/dict8245_stacksub.png 1 0 0 35 35
pos/dict8246_stacksub.png 1 0 0 35 35
pos/dict8247_stacksub.png 1 0 0 35 35
pos/dict8248_stacksub.png 1 0 0 35 35
pos/dict8249_stacksub.png 1 0 0 35 35
pos/dict8250_stacksub.png 1 0 0 35 35
pos/dict8251_stacksub.png 1 0 0 35 35
pos/dict8252_stacksub.png 1 0 0 35 35
pos/dict8253_stacksub.png 1 0 0 35 35
pos/dict8254_stacksub.png 1 0 0 35 35
pos/dict8255_stacksub.png 1 0 0 35 35
pos/dict8256_stacksub.png 1 0 0 35 35
pos/dict8257_stacksub.png 1 0 0 35 35
pos/dict8258_stacksub.png 1 0 0 35 35
pos/dict8259_stacksub.png 1 0 0 35 35
pos/dict8260_stacksub.png 1 0 0 35 35
pos/dict8261_stacksub.png 1 0 0 35 35
pos/dict8262_stacksub.png 1 0 0 35 35
pos/dict8263_stacksub.png 1 0 0 35 35
pos/dict8264_stacksub.png 1 0 0 35 35
pos/dict8265_stacksub.png 1 0 0 35 35
pos/dict8266_stacksub.png 1 0 0 35 35
pos/dict8267_stacksub.png 1 0 0 35 35
pos/dict8268_stacksub.png 1 0 0 35 35
pos/dict8269_stacksub.png 1 0 0 35 35
pos/dict8270_stacksub.png 1 0 0 35 35
pos/dict8271_stacksub.png 1 0 0 35 35
pos/dict8272_stacksub.png 1 0 0 35 35
pos/dict8273_stacksub.png 1 0 0 35 35
pos/dict8274_stacksub.png 1 0 0 35 35
pos/dict8275_stacksub.png 1 0 0 35 35
pos/dict8276_stacksub.png 1 0 0 35 35
pos/dict8277_stacksub.png 1 0 0 35 35
pos/dict8278_stacksub.png 1 0 0 35 35
pos/dict8279_stacksub.png 1 0 0 35 35
pos/dict8280_stacksub.png 1 0 0 35 35
pos/dict8281_stacksub.png 1 0 0 35 35
pos/dict8282_stacksub.png 1 0 0 35 35
pos/dict8283_stacksub.png 1 0 0 35 35
pos/dict8284_stacksub.png 1 0 0 35 35
pos/dict8285_stacksub.png 1 0 0 35 35
pos/dict8286_stacksub.png 1 0 0 35 35
pos/dict8287_stacksub.png 1 0 0 35 35
pos/dict8288_stacksub.png 1 0 0 35 35
pos/dict8289_stacksub.png 1 0 0 35 35
pos/dict8290_stacksub.png 1 0 0 35 35
pos/dict8291_stacksub.png 1 0 0 35 35
pos/dict8292_stacksub.png 1 0 0 35 35
pos/dict8293_stacksub.png 1 0 0 35 35
pos/dict8294_stacksub.png 1 0 0 35 35
pos/dict8295_stacksub.png 1 0 0 35 35
pos/dict8296_stacksub.png 1 0 0 35 35
pos/dict8297_stacksub.png 1 0 0 35 35
pos/dict8298_stacksub.png 1 0 0 35 35
pos/dict8299_stacksub.png 1 0 0 35 35
pos/dict8300_stacksub.png 1 0 0 35 35
pos/dict8301_stacksub.png 1 0 0 35 35
pos/dict8302_stacksub.png 1 0 0 35 35
pos/dict8303_stacksub.png 1 0 0 35 35
pos/dict8304_stacksub.png 1 0 0 35 35
pos/dict8305_stacksub.png 1 0 0 35 35
pos/dict8306_stacksub.png 1 0 0 35 35
pos/dict8307_stacksub.png 1 0 0 35 35
pos/dict8308_stacksub.png 1 0 0 35 35
pos/dict8309_stacksub.png 1 0 0 35 35
pos/dict8310_stacksub.png 1 0 0 35 35
pos/dict8311_stacksub.png 1 0 0 35 35
pos/dict8312_stacksub.png 1 0 0 35 35
pos/dict8313_stacksub.png 1 0 0 35 35
pos/dict8314_stacksub.png 1 0 0 35 35
pos/dict8315_stacksub.png 1 0 0 35 35
pos/dict8316_stacksub.png 1 0 0 35 35
pos/dict8317_stacksub.png 1 0 0 35 35
pos/dict8318_stacksub.png 1 0 0 35 35
pos/dict8319_stacksub.png 1 0 0 35 35
pos/dict8320_stacksub.png 1 0 0 35 35
pos/dict8321_stacksub.png 1 0 0 35 35
pos/dict8322_stacksub.png 1 0 0 35 35
pos/dict8323_stacksub.png 1 0 0 35 35
pos/dict8324_stacksub.png 1 0 0 35 35
pos/dict8325_stacksub.png 1 0 0 35 35
pos/dict8326_stacksub.png 1 0 0 35 35
pos/dict8327_stacksub.png 1 0 0 35 35
pos/dict8328_stacksub.png 1 0 0 35 35
pos/dict8329_stacksub.png 1 0 0 35 35
pos/dict8330_stacksub.png 1 0 0 35 35
pos/dict8331_stacksub.png 1 0 0 35 35
pos/dict8332_stacksub.png 1 0 0 35 35
pos/dict8333_stacksub.png 1 0 0 35 35
pos/dict8334_stacksub.png 1 0 0 35 35
pos/dict8335_stacksub.png 1 0 0 35 35
pos/dict8336_stacksub.png 1 0 0 35 35
pos/dict8337_stacksub.png 1 0 0 35 35
pos/dict8338_stacksub.png 1 0 0 35 35
pos/dict8339_stacksub.png 1 0 0 35 35
pos/dict8340_stacksub.png 1 0 0 35 35
pos/dict8341_stacksub.png 1 0 0 35 35
pos/dict8342_stacksub.png 1 0 0 35 35
pos/dict8343_stacksub.png 1 0 0 35 35
pos/dict8344_stacksub.png 1 0 0 35 35
pos/dict8345_stacksub.png 1 0 0 35 35
pos/dict8346_stacksub.png 1 0 0 35 35
pos/dict8347_stacksub.png 1 0 0 35 35
pos/dict8348_stacksub.png 1 0 0 35 35
pos/dict8349_stacksub.png 1 0 0 35 35
pos/dict8350_stacksub.png 1 0 0 35 35
pos/dict8351_stacksub.png 1 0 0 35 35
pos/dict8352_stacksub.png 1 0 0 35 35
pos/dict8353_stacksub.png 1 0 0 35 35
pos/dict8354_stacksub.png 1 0 0 35 35
pos/dict8355_stacksub.png 1 0 0 35 35
pos/dict8356_stacksub.png 1 0 0 35 35
pos/dict8357_stacksub.png 1 0 0 35 35
pos/dict8358_stacksub.png 1 0 0 35 35
pos/dict8359_stacksub.png 1 0 0 35 35
pos/dict8360_stacksub.png 1 0 0 35 35
pos/dict8361_stacksub.png 1 0 0 35 35
pos/dict8362_stacksub.png 1 0 0 35 35
pos/dict8363_stacksub.png 1 0 0 35 35
pos/dict8364_stacksub.png 1 0 0 35 35
pos/dict8365_stacksub.png 1 0 0 35 35
pos/dict8366_stacksub.png 1 0 0 35 35
pos/dict8367_stacksub.png 1 0 0 35 35
pos/dict8368_stacksub.png 1 0 0 35 35
pos/dict8369_stacksub.png 1 0 0 35 35
pos/dict8370_stacksub.png 1 0 0 35 35
pos/dict8371_stacksub.png 1 0 0 35 35
pos/dict8372_stacksub.png 1 0 0 35 35
pos/dict8373_stacksub.png 1 0 0 35 35
pos/dict8374_stacksub.png 1 0 0 35 35
pos/dict8375_stacksub.png 1 0 0 35 35
pos/dict8376_stacksub.png 1 0 0 35 35
pos/dict8377_stacksub.png 1 0 0 35 35
pos/dict8378_stacksub.png 1 0 0 35 35
pos/dict8379_stacksub.png 1 0 0 35 35
pos/dict8380_stacksub.png 1 0 0 35 35
pos/dict8381_stacksub.png 1 0 0 35 35
pos/dict8382_stacksub.png 1 0 0 35 35
pos/dict8383_stacksub.png 1 0 0 35 35
pos/dict8384_stacksub.png 1 0 0 35 35
pos/dict8385_stacksub.png 1 0 0 35 35
pos/dict8386_stacksub.png 1 0 0 35 35
pos/dict8387_stacksub.png 1 0 0 35 35
pos/dict8388_stacksub.png 1 0 0 35 35
pos/dict8389_stacksub.png 1 0 0 35 35
pos/dict8390_stacksub.png 1 0 0 35 35
pos/dict8391_stacksub.png 1 0 0 35 35
pos/dict8392_stacksub.png 1 0 0 35 35
pos/dict8393_stacksub.png 1 0 0 35 35
pos/dict8394_stacksub.png 1 0 0 35 35
pos/dict8395_stacksub.png 1 0 0 35 35
pos/dict8396_stacksub.png 1 0 0 35 35
pos/dict8397_stacksub.png 1 0 0 35 35
pos/dict8398_stacksub.png 1 0 0 35 35
pos/dict8399_stacksub.png 1 0 0 35 35
pos/dict8400_stacksub.png 1 0 0 35 35
pos/dict8401_stacksub.png 1 0 0 35 35
pos/dict8402_stacksub.png 1 0 0 35 35
pos/dict8403_stacksub.png 1 0 0 35 35
pos/dict8404_stacksub.png 1 0 0 35 35
pos/dict8405_stacksub.png 1 0 0 35 35
pos/dict8406_stacksub.png 1 0 0 35 35
pos/dict8407_stacksub.png 1 0 0 35 35
pos/dict8408_stacksub.png 1 0 0 35 35
pos/dict8409_stacksub.png 1 0 0 35 35
pos/dict8410_stacksub.png 1 0 0 35 35
pos/dict8411_stacksub.png 1 0 0 35 35
pos/dict8412_stacksub.png 1 0 0 35 35
pos/dict8413_stacksub.png 1 0 0 35 35
pos/dict8414_stacksub.png 1 0 0 35 35
pos/dict8415_stacksub.png 1 0 0 35 35
pos/dict8416_stacksub.png 1 0 0 35 35
pos/dict8417_stacksub.png 1 0 0 35 35
pos/dict8418_stacksub.png 1 0 0 35 35
pos/dict8419_stacksub.png 1 0 0 35 35
pos/dict8420_stacksub.png 1 0 0 35 35
pos/dict8421_stacksub.png 1 0 0 35 35
pos/dict8422_stacksub.png 1 0 0 35 35
pos/dict8423_stacksub.png 1 0 0 35 35
pos/dict8424_stacksub.png 1 0 0 35 35
pos/dict8425_stacksub.png 1 0 0 35 35
pos/dict8426_stacksub.png 1 0 0 35 35
pos/dict8427_stacksub.png 1 0 0 35 35
pos/dict8428_stacksub.png 1 0 0 35 35
pos/dict8429_stacksub.png 1 0 0 35 35
pos/dict8430_stacksub.png 1 0 0 35 35
pos/dict8431_stacksub.png 1 0 0 35 35
pos/dict8432_stacksub.png 1 0 0 35 35
pos/dict8433_stacksub.png 1 0 0 35 35
pos/dict8434_stacksub.png 1 0 0 35 35
pos/dict8435_stacksub.png 1 0 0 35 35
pos/dict8436_stacksub.png 1 0 0 35 35
pos/dict8437_stacksub.png 1 0 0 35 35
pos/dict8438_stacksub.png 1 0 0 35 35
pos/dict8439_stacksub.png 1 0 0 35 35
pos/dict8440_stacksub.png 1 0 0 35 35
pos/dict8441_stacksub.png 1 0 0 35 35
pos/dict8442_stacksub.png 1 0 0 35 35
pos/dict8443_stacksub.png 1 0 0 35 35
pos/dict8444_stacksub.png 1 0 0 35 35
pos/dict8445_stacksub.png 1 0 0 35 35
pos/dict8446_stacksub.png 1 0 0 35 35
pos/dict8447_stacksub.png 1 0 0 35 35
pos/dict8448_stacksub.png 1 0 0 35 35
pos/dict8449_stacksub.png 1 0 0 35 35
pos/dict8450_stacksub.png 1 0 0 35 35
pos/dict8451_stacksub.png 1 0 0 35 35
pos/dict8452_stacksub.png 1 0 0 35 35
pos/dict8453_stacksub.png 1 0 0 35 35
pos/dict8454_stacksub.png 1 0 0 35 35
pos/dict8455_stacksub.png 1 0 0 35 35
pos/dict8456_stacksub.png 1 0 0 35 35
pos/dict8457_stacksub.png 1 0 0 35 35
pos/dict8458_stacksub.png 1 0 0 35 35
pos/dict8459_stacksub.png 1 0 0 35 35
pos/dict8460_stacksub.png 1 0 0 35 35
pos/dict8461_stacksub.png 1 0 0 35 35
pos/dict8462_stacksub.png 1 0 0 35 35
pos/dict8463_stacksub.png 1 0 0 35 35
pos/dict8464_stacksub.png 1 0 0 35 35
pos/dict8465_stacksub.png 1 0 0 35 35
pos/dict8466_stacksub.png 1 0 0 35 35
pos/dict8467_stacksub.png 1 0 0 35 35
pos/dict8468_stacksub.png 1 0 0 35 35
pos/dict8469_stacksub.png 1 0 0 35 35
pos/dict8470_stacksub.png 1 0 0 35 35
pos/dict8471_stacksub.png 1 0 0 35 35
pos/dict8472_stacksub.png 1 0 0 35 35
pos/dict8473_stacksub.png 1 0 0 35 35
pos/dict8474_stacksub.png 1 0 0 35 35
pos/dict8475_stacksub.png 1 0 0 35 35
pos/dict8476_stacksub.png 1 0 0 35 35
pos/dict8477_stacksub.png 1 0 0 35 35
pos/dict8478_stacksub.png 1 0 0 35 35
pos/dict8479_stacksub.png 1 0 0 35 35
pos/dict8480_stacksub.png 1 0 0 35 35
pos/dict8481_stacksub.png 1 0 0 35 35
pos/dict8482_stacksub.png 1 0 0 35 35
pos/dict8483_stacksub.png 1 0 0 35 35
pos/dict8484_stacksub.png 1 0 0 35 35
pos/dict8485_stacksub.png 1 0 0 35 35
pos/dict8486_stacksub.png 1 0 0 35 35
pos/dict8487_stacksub.png 1 0 0 35 35
pos/dict8488_stacksub.png 1 0 0 35 35
pos/dict8489_stacksub.png 1 0 0 35 35
pos/dict8490_stacksub.png 1 0 0 35 35
pos/dict8491_stacksub.png 1 0 0 35 35
pos/dict8492_stacksub.png 1 0 0 35 35
pos/dict8493_stacksub.png 1 0 0 35 35
pos/dict8494_stacksub.png 1 0 0 35 35
pos/dict8495_stacksub.png 1 0 0 35 35
pos/dict8496_stacksub.png 1 0 0 35 35
pos/dict8497_stacksub.png 1 0 0 35 35
pos/dict8498_stacksub.png 1 0 0 35 35
pos/dict8499_stacksub.png 1 0 0 35 35
pos/dict8500_stacksub.png 1 0 0 35 35
pos/dict8501_stacksub.png 1 0 0 35 35
pos/dict8502_stacksub.png 1 0 0 35 35
pos/dict8503_stacksub.png 1 0 0 35 35
pos/dict8504_stacksub.png 1 0 0 35 35
pos/dict8505_stacksub.png 1 0 0 35 35
pos/dict8506_stacksub.png 1 0 0 35 35
pos/dict8507_stacksub.png 1 0 0 35 35
pos/dict8508_stacksub.png 1 0 0 35 35
pos/dict8509_stacksub.png 1 0 0 35 35
pos/dict8510_stacksub.png 1 0 0 35 35
pos/dict8511_stacksub.png 1 0 0 35 35
pos/dict8512_stacksub.png 1 0 0 35 35
pos/dict8513_stacksub.png 1 0 0 35 35
pos/dict8514_stacksub.png 1 0 0 35 35
pos/dict8515_stacksub.png 1 0 0 35 35
pos/dict8516_stacksub.png 1 0 0 35 35
pos/dict8517_stacksub.png 1 0 0 35 35
pos/dict8518_stacksub.png 1 0 0 35 35
pos/dict8519_stacksub.png 1 0 0 35 35
pos/dict8520_stacksub.png 1 0 0 35 35
pos/dict8521_stacksub.png 1 0 0 35 35
pos/dict8522_stacksub.png 1 0 0 35 35
pos/dict8523_stacksub.png 1 0 0 35 35
pos/dict8524_stacksub.png 1 0 0 35 35
pos/dict8525_stacksub.png 1 0 0 35 35
pos/dict8526_stacksub.png 1 0 0 35 35
pos/dict8527_stacksub.png 1 0 0 35 35
pos/dict8528_stacksub.png 1 0 0 35 35
pos/dict8529_stacksub.png 1 0 0 35 35
pos/dict8530_stacksub.png 1 0 0 35 35
pos/dict8531_stacksub.png 1 0 0 35 35
pos/dict8532_stacksub.png 1 0 0 35 35
pos/dict8533_stacksub.png 1 0 0 35 35
pos/dict8534_stacksub.png 1 0 0 35 35
pos/dict8535_stacksub.png 1 0 0 35 35
pos/dict8536_stacksub.png 1 0 0 35 35
pos/dict8537_stacksub.png 1 0 0 35 35
pos/dict8538_stacksub.png 1 0 0 35 35
pos/dict8539_stacksub.png 1 0 0 35 35
pos/dict8540_stacksub.png 1 0 0 35 35
pos/dict8541_stacksub.png 1 0 0 35 35
pos/dict8542_stacksub.png 1 0 0 35 35
pos/dict8543_stacksub.png 1 0 0 35 35
pos/dict8544_stacksub.png 1 0 0 35 35
pos/dict8545_stacksub.png 1 0 0 35 35
pos/dict8546_stacksub.png 1 0 0 35 35
pos/dict8547_stacksub.png 1 0 0 35 35
pos/dict8548_stacksub.png 1 0 0 35 35
pos/dict8549_stacksub.png 1 0 0 35 35
pos/dict8550_stacksub.png 1 0 0 35 35
pos/dict8551_stacksub.png 1 0 0 35 35
pos/dict8552_stacksub.png 1 0 0 35 35
pos/dict8553_stacksub.png 1 0 0 35 35
pos/dict8554_stacksub.png 1 0 0 35 35
pos/dict8555_stacksub.png 1 0 0 35 35
pos/dict8556_stacksub.png 1 0 0 35 35
pos/dict8557_stacksub.png 1 0 0 35 35
pos/dict8558_stacksub.png 1 0 0 35 35
pos/dict8559_stacksub.png 1 0 0 35 35
pos/dict8560_stacksub.png 1 0 0 35 35
pos/dict8561_stacksub.png 1 0 0 35 35
pos/dict8562_stacksub.png 1 0 0 35 35
pos/dict8563_stacksub.png 1 0 0 35 35
pos/dict8564_stacksub.png 1 0 0 35 35
pos/dict8565_stacksub.png 1 0 0 35 35
pos/dict8566_stacksub.png 1 0 0 35 35
pos/dict8567_stacksub.png 1 0 0 35 35
pos/dict8568_stacksub.png 1 0 0 35 35
pos/dict8569_stacksub.png 1 0 0 35 35
pos/dict8570_stacksub.png 1 0 0 35 35
pos/dict8571_stacksub.png 1 0 0 35 35
pos/dict8572_stacksub.png 1 0 0 35 35
pos/dict8573_stacksub.png 1 0 0 35 35
pos/dict8574_stacksub.png 1 0 0 35 35
pos/dict8575_stacksub.png 1 0 0 35 35
pos/dict8576_stacksub.png 1 0 0 35 35
pos/dict8577_stacksub.png 1 0 0 35 35
pos/dict8578_stacksub.png 1 0 0 35 35
pos/dict8579_stacksub.png 1 0 0 35 35
pos/dict8580_stacksub.png 1 0 0 35 35
pos/dict8581_stacksub.png 1 0 0 35 35
pos/dict8582_stacksub.png 1 0 0 35 35
pos/dict8583_stacksub.png 1 0 0 35 35
pos/dict8584_stacksub.png 1 0 0 35 35
pos/dict8585_stacksub.png 1 0 0 35 35
pos/dict8586_stacksub.png 1 0 0 35 35
pos/dict8587_stacksub.png 1 0 0 35 35
pos/dict8588_stacksub.png 1 0 0 35 35
pos/dict8589_stacksub.png 1 0 0 35 35
pos/dict8590_stacksub.png 1 0 0 35 35
pos/dict8591_stacksub.png 1 0 0 35 35
pos/dict8592_stacksub.png 1 0 0 35 35
pos/dict8593_stacksub.png 1 0 0 35 35
pos/dict8594_stacksub.png 1 0 0 35 35
pos/dict8595_stacksub.png 1 0 0 35 35
pos/dict8596_stacksub.png 1 0 0 35 35
pos/dict8597_stacksub.png 1 0 0 35 35
pos/dict8598_stacksub.png 1 0 0 35 35
pos/dict8599_stacksub.png 1 0 0 35 35
pos/dict8600_stacksub.png 1 0 0 35 35
pos/dict8601_stacksub.png 1 0 0 35 35
pos/dict8602_stacksub.png 1 0 0 35 35
pos/dict8603_stacksub.png 1 0 0 35 35
pos/dict8604_stacksub.png 1 0 0 35 35
pos/dict8605_stacksub.png 1 0 0 35 35
pos/dict8606_stacksub.png 1 0 0 35 35
pos/dict8607_stacksub.png 1 0 0 35 35
pos/dict8608_stacksub.png 1 0 0 35 35
pos/dict8609_stacksub.png 1 0 0 35 35
pos/dict8610_stacksub.png 1 0 0 35 35
pos/dict8611_stacksub.png 1 0 0 35 35
pos/dict8612_stacksub.png 1 0 0 35 35
pos/dict8613_stacksub.png 1 0 0 35 35
pos/dict8614_stacksub.png 1 0 0 35 35
pos/dict8615_stacksub.png 1 0 0 35 35
pos/dict8616_stacksub.png 1 0 0 35 35
pos/dict8617_stacksub.png 1 0 0 35 35
pos/dict8618_stacksub.png 1 0 0 35 35
pos/dict8619_stacksub.png 1 0 0 35 35
pos/dict8620_stacksub.png 1 0 0 35 35
pos/dict8621_stacksub.png 1 0 0 35 35
pos/dict8622_stacksub.png 1 0 0 35 35
pos/dict8623_stacksub.png 1 0 0 35 35
pos/dict8624_stacksub.png 1 0 0 35 35
pos/dict8625_stacksub.png 1 0 0 35 35
pos/dict8626_stacksub.png 1 0 0 35 35
pos/dict8627_stacksub.png 1 0 0 35 35
pos/dict8628_stacksub.png 1 0 0 35 35
pos/dict8629_stacksub.png 1 0 0 35 35
pos/dict8630_stacksub.png 1 0 0 35 35
pos/dict8631_stacksub.png 1 0 0 35 35
pos/dict8632_stacksub.png 1 0 0 35 35
pos/dict8633_stacksub.png 1 0 0 35 35
pos/dict8634_stacksub.png 1 0 0 35 35
pos/dict8635_stacksub.png 1 0 0 35 35
pos/dict8636_stacksub.png 1 0 0 35 35
pos/dict8637_stacksub.png 1 0 0 35 35
pos/dict8638_stacksub.png 1 0 0 35 35
pos/dict8639_stacksub.png 1 0 0 35 35
pos/dict8640_stacksub.png 1 0 0 35 35
pos/dict8641_stacksub.png 1 0 0 35 35
pos/dict8642_stacksub.png 1 0 0 35 35
pos/dict8643_stacksub.png 1 0 0 35 35
pos/dict8644_stacksub.png 1 0 0 35 35
pos/dict8645_stacksub.png 1 0 0 35 35
pos/dict8646_stacksub.png 1 0 0 35 35
pos/dict8647_stacksub.png 1 0 0 35 35
pos/dict8648_stacksub.png 1 0 0 35 35
pos/dict8649_stacksub.png 1 0 0 35 35
pos/dict8650_stacksub.png 1 0 0 35 35
pos/dict8651_stacksub.png 1 0 0 35 35
pos/dict8652_stacksub.png 1 0 0 35 35
pos/dict8653_stacksub.png 1 0 0 35 35
pos/dict8654_stacksub.png 1 0 0 35 35
pos/dict8655_stacksub.png 1 0 0 35 35
pos/dict8656_stacksub.png 1 0 0 35 35
pos/dict8657_stacksub.png 1 0 0 35 35
pos/dict8658_stacksub.png 1 0 0 35 35
pos/dict8659_stacksub.png 1 0 0 35 35
pos/dict8660_stacksub.png 1 0 0 35 35
pos/dict8661_stacksub.png 1 0 0 35 35
pos/dict8662_stacksub.png 1 0 0 35 35
pos/dict8663_stacksub.png 1 0 0 35 35
pos/dict8664_stacksub.png 1 0 0 35 35
pos/dict8665_stacksub.png 1 0 0 35 35
pos/dict8666_stacksub.png 1 0 0 35 35
pos/dict8667_stacksub.png 1 0 0 35 35
pos/dict8668_stacksub.png 1 0 0 35 35
pos/dict8669_stacksub.png 1 0 0 35 35
pos/dict8670_stacksub.png 1 0 0 35 35
pos/dict8671_stacksub.png 1 0 0 35 35
pos/dict8672_stacksub.png 1 0 0 35 35
pos/dict8673_stacksub.png 1 0 0 35 35
pos/dict8674_stacksub.png 1 0 0 35 35
pos/dict8675_stacksub.png 1 0 0 35 35
pos/dict8676_stacksub.png 1 0 0 35 35
pos/dict8677_stacksub.png 1 0 0 35 35
pos/dict8678_stacksub.png 1 0 0 35 35
pos/dict8679_stacksub.png 1 0 0 35 35
pos/dict8680_stacksub.png 1 0 0 35 35
pos/dict8681_stacksub.png 1 0 0 35 35
pos/dict8682_stacksub.png 1 0 0 35 35
pos/dict8683_stacksub.png 1 0 0 35 35
pos/dict8684_stacksub.png 1 0 0 35 35
pos/dict8685_stacksub.png 1 0 0 35 35
pos/dict8686_stacksub.png 1 0 0 35 35
pos/dict8687_stacksub.png 1 0 0 35 35
pos/dict8688_stacksub.png 1 0 0 35 35
pos/dict8689_stacksub.png 1 0 0 35 35
pos/dict8690_stacksub.png 1 0 0 35 35
pos/dict8691_stacksub.png 1 0 0 35 35
pos/dict8692_stacksub.png 1 0 0 35 35
pos/dict8693_stacksub.png 1 0 0 35 35
pos/dict8694_stacksub.png 1 0 0 35 35
pos/dict8695_stacksub.png 1 0 0 35 35
pos/dict8696_stacksub.png 1 0 0 35 35
pos/dict8697_stacksub.png 1 0 0 35 35
pos/dict8698_stacksub.png 1 0 0 35 35
pos/dict8699_stacksub.png 1 0 0 35 35
pos/dict8700_stacksub.png 1 0 0 35 35
pos/dict8701_stacksub.png 1 0 0 35 35
pos/dict8702_stacksub.png 1 0 0 35 35
pos/dict8703_stacksub.png 1 0 0 35 35
pos/dict8704_stacksub.png 1 0 0 35 35
pos/dict8705_stacksub.png 1 0 0 35 35
pos/dict8706_stacksub.png 1 0 0 35 35
pos/dict8707_stacksub.png 1 0 0 35 35
pos/dict8708_stacksub.png 1 0 0 35 35
pos/dict8709_stacksub.png 1 0 0 35 35
pos/dict8710_stacksub.png 1 0 0 35 35
pos/dict8711_stacksub.png 1 0 0 35 35
pos/dict8712_stacksub.png 1 0 0 35 35
pos/dict8713_stacksub.png 1 0 0 35 35
pos/dict8714_stacksub.png 1 0 0 35 35
pos/dict8715_stacksub.png 1 0 0 35 35
pos/dict8716_stacksub.png 1 0 0 35 35
pos/dict8717_stacksub.png 1 0 0 35 35
pos/dict8718_stacksub.png 1 0 0 35 35
pos/dict8719_stacksub.png 1 0 0 35 35
pos/dict8720_stacksub.png 1 0 0 35 35
pos/dict8721_stacksub.png 1 0 0 35 35
pos/dict8722_stacksub.png 1 0 0 35 35
pos/dict8723_stacksub.png 1 0 0 35 35
pos/dict8724_stacksub.png 1 0 0 35 35
pos/dict8725_stacksub.png 1 0 0 35 35
pos/dict8726_stacksub.png 1 0 0 35 35
pos/dict8727_stacksub.png 1 0 0 35 35
pos/dict8728_stacksub.png 1 0 0 35 35
pos/dict8729_stacksub.png 1 0 0 35 35
pos/dict8730_stacksub.png 1 0 0 35 35
pos/dict8731_stacksub.png 1 0 0 35 35
pos/dict8732_stacksub.png 1 0 0 35 35
pos/dict8733_stacksub.png 1 0 0 35 35
pos/dict8734_stacksub.png 1 0 0 35 35
pos/dict8735_stacksub.png 1 0 0 35 35
pos/dict8736_stacksub.png 1 0 0 35 35
pos/dict8737_stacksub.png 1 0 0 35 35
pos/dict8738_stacksub.png 1 0 0 35 35
pos/dict8739_stacksub.png 1 0 0 35 35
pos/dict8740_stacksub.png 1 0 0 35 35
pos/dict8741_stacksub.png 1 0 0 35 35
pos/dict8742_stacksub.png 1 0 0 35 35
pos/dict8743_stacksub.png 1 0 0 35 35
pos/dict8744_stacksub.png 1 0 0 35 35
pos/dict8745_stacksub.png 1 0 0 35 35
pos/dict8746_stacksub.png 1 0 0 35 35
pos/dict8747_stacksub.png 1 0 0 35 35
pos/dict8748_stacksub.png 1 0 0 35 35
pos/dict8749_stacksub.png 1 0 0 35 35
pos/dict8750_stacksub.png 1 0 0 35 35
pos/dict8751_stacksub.png 1 0 0 35 35
pos/dict8752_stacksub.png 1 0 0 35 35
pos/dict8753_stacksub.png 1 0 0 35 35
pos/dict8754_stacksub.png 1 0 0 35 35
pos/dict8755_stacksub.png 1 0 0 35 35
pos/dict8756_stacksub.png 1 0 0 35 35
pos/dict8757_stacksub.png 1 0 0 35 35
pos/dict8758_stacksub.png 1 0 0 35 35
pos/dict8759_stacksub.png 1 0 0 35 35
pos/dict8760_stacksub.png 1 0 0 35 35
pos/dict8761_stacksub.png 1 0 0 35 35
pos/dict8762_stacksub.png 1 0 0 35 35
pos/dict8763_stacksub.png 1 0 0 35 35
pos/dict8764_stacksub.png 1 0 0 35 35
pos/dict8765_stacksub.png 1 0 0 35 35
pos/dict8766_stacksub.png 1 0 0 35 35
pos/dict8767_stacksub.png 1 0 0 35 35
pos/dict8768_stacksub.png 1 0 0 35 35
pos/dict8769_stacksub.png 1 0 0 35 35
pos/dict8770_stacksub.png 1 0 0 35 35
pos/dict8771_stacksub.png 1 0 0 35 35
pos/dict8772_stacksub.png 1 0 0 35 35
pos/dict8773_stacksub.png 1 0 0 35 35
pos/dict8774_stacksub.png 1 0 0 35 35
pos/dict8775_stacksub.png 1 0 0 35 35
pos/dict8776_stacksub.png 1 0 0 35 35
pos/dict8777_stacksub.png 1 0 0 35 35
pos/dict8778_stacksub.png 1 0 0 35 35
pos/dict8779_stacksub.png 1 0 0 35 35
pos/dict8780_stacksub.png 1 0 0 35 35
pos/dict8781_stacksub.png 1 0 0 35 35
pos/dict8782_stacksub.png 1 0 0 35 35
pos/dict8783_stacksub.png 1 0 0 35 35
pos/dict8784_stacksub.png 1 0 0 35 35
pos/dict8785_stacksub.png 1 0 0 35 35
pos/dict8786_stacksub.png 1 0 0 35 35
pos/dict8787_stacksub.png 1 0 0 35 35
pos/dict8788_stacksub.png 1 0 0 35 35
pos/dict8789_stacksub.png 1 0 0 35 35
pos/dict8790_stacksub.png 1 0 0 35 35
pos/dict8791_stacksub.png 1 0 0 35 35
pos/dict8792_stacksub.png 1 0 0 35 35
pos/dict8793_stacksub.png 1 0 0 35 35
pos/dict8794_stacksub.png 1 0 0 35 35
pos/dict8795_stacksub.png 1 0 0 35 35
pos/dict8796_stacksub.png 1 0 0 35 35
pos/dict8797_stacksub.png 1 0 0 35 35
pos/dict8798_stacksub.png 1 0 0 35 35
pos/dict8799_stacksub.png 1 0 0 35 35
pos/dict8800_stacksub.png 1 0 0 35 35
pos/dict8801_stacksub.png 1 0 0 35 35
pos/dict8802_stacksub.png 1 0 0 35 35
pos/dict8803_stacksub.png 1 0 0 35 35
pos/dict8804_stacksub.png 1 0 0 35 35
pos/dict8805_stacksub.png 1 0 0 35 35
pos/dict8806_stacksub.png 1 0 0 35 35
pos/dict8807_stacksub.png 1 0 0 35 35
pos/dict8808_stacksub.png 1 0 0 35 35
pos/dict8809_stacksub.png 1 0 0 35 35
pos/dict8810_stacksub.png 1 0 0 35 35
pos/dict8811_stacksub.png 1 0 0 35 35
pos/dict8812_stacksub.png 1 0 0 35 35
pos/dict8813_stacksub.png 1 0 0 35 35
pos/dict8814_stacksub.png 1 0 0 35 35
pos/dict8815_stacksub.png 1 0 0 35 35
pos/dict8816_stacksub.png 1 0 0 35 35
pos/dict8817_stacksub.png 1 0 0 35 35
pos/dict8818_stacksub.png 1 0 0 35 35
pos/dict8819_stacksub.png 1 0 0 35 35
pos/dict8820_stacksub.png 1 0 0 35 35
pos/dict8821_stacksub.png 1 0 0 35 35
pos/dict8822_stacksub.png 1 0 0 35 35
pos/dict8823_stacksub.png 1 0 0 35 35
pos/dict8824_stacksub.png 1 0 0 35 35
pos/dict8825_stacksub.png 1 0 0 35 35
pos/dict8826_stacksub.png 1 0 0 35 35
pos/dict8827_stacksub.png 1 0 0 35 35
pos/dict8828_stacksub.png 1 0 0 35 35
pos/dict8829_stacksub.png 1 0 0 35 35
pos/dict8830_stacksub.png 1 0 0 35 35
pos/dict8831_stacksub.png 1 0 0 35 35
pos/dict8832_stacksub.png 1 0 0 35 35
pos/dict8833_stacksub.png 1 0 0 35 35
pos/dict8834_stacksub.png 1 0 0 35 35
pos/dict8835_stacksub.png 1 0 0 35 35
pos/dict8836_stacksub.png 1 0 0 35 35
pos/dict8837_stacksub.png 1 0 0 35 35
pos/dict8838_stacksub.png 1 0 0 35 35
pos/dict8839_stacksub.png 1 0 0 35 35
pos/dict8840_stacksub.png 1 0 0 35 35
pos/dict8841_stacksub.png 1 0 0 35 35
pos/dict8842_stacksub.png 1 0 0 35 35
pos/dict8843_stacksub.png 1 0 0 35 35
pos/dict8844_stacksub.png 1 0 0 35 35
pos/dict8845_stacksub.png 1 0 0 35 35
pos/dict8846_stacksub.png 1 0 0 35 35
pos/dict8847_stacksub.png 1 0 0 35 35
pos/dict8848_stacksub.png 1 0 0 35 35
pos/dict8849_stacksub.png 1 0 0 35 35
pos/dict8850_stacksub.png 1 0 0 35 35
pos/dict8851_stacksub.png 1 0 0 35 35
pos/dict8852_stacksub.png 1 0 0 35 35
pos/dict8853_stacksub.png 1 0 0 35 35
pos/dict8854_stacksub.png 1 0 0 35 35
pos/dict8855_stacksub.png 1 0 0 35 35
pos/dict8856_stacksub.png 1 0 0 35 35
pos/dict8857_stacksub.png 1 0 0 35 35
pos/dict8858_stacksub.png 1 0 0 35 35
pos/dict8859_stacksub.png 1 0 0 35 35
pos/dict8860_stacksub.png 1 0 0 35 35
pos/dict8861_stacksub.png 1 0 0 35 35
pos/dict8862_stacksub.png 1 0 0 35 35
pos/dict8863_stacksub.png 1 0 0 35 35
pos/dict8864_stacksub.png 1 0 0 35 35
pos/dict8865_stacksub.png 1 0 0 35 35
pos/dict8866_stacksub.png 1 0 0 35 35
pos/dict8867_stacksub.png 1 0 0 35 35
pos/dict8868_stacksub.png 1 0 0 35 35
pos/dict8869_stacksub.png 1 0 0 35 35
pos/dict8870_stacksub.png 1 0 0 35 35
pos/dict8871_stacksub.png 1 0 0 35 35
pos/dict8872_stacksub.png 1 0 0 35 35
pos/dict8873_stacksub.png 1 0 0 35 35
pos/dict8874_stacksub.png 1 0 0 35 35
pos/dict8875_stacksub.png 1 0 0 35 35
pos/dict8876_stacksub.png 1 0 0 35 35
pos/dict8877_stacksub.png 1 0 0 35 35
pos/dict8878_stacksub.png 1 0 0 35 35
pos/dict8879_stacksub.png 1 0 0 35 35
pos/dict8880_stacksub.png 1 0 0 35 35
pos/dict8881_stacksub.png 1 0 0 35 35
pos/dict8882_stacksub.png 1 0 0 35 35
pos/dict8883_stacksub.png 1 0 0 35 35
pos/dict8884_stacksub.png 1 0 0 35 35
pos/dict8885_stacksub.png 1 0 0 35 35
pos/dict8886_stacksub.png 1 0 0 35 35
pos/dict8887_stacksub.png 1 0 0 35 35
pos/dict8888_stacksub.png 1 0 0 35 35
pos/dict8889_stacksub.png 1 0 0 35 35
pos/dict8890_stacksub.png 1 0 0 35 35
pos/dict8891_stacksub.png 1 0 0 35 35
pos/dict8892_stacksub.png 1 0 0 35 35
pos/dict8893_stacksub.png 1 0 0 35 35
pos/dict8894_stacksub.png 1 0 0 35 35
pos/dict8895_stacksub.png 1 0 0 35 35
pos/dict8896_stacksub.png 1 0 0 35 35
pos/dict8897_stacksub.png 1 0 0 35 35
pos/dict8898_stacksub.png 1 0 0 35 35
pos/dict8899_stacksub.png 1 0 0 35 35
pos/dict8900_stacksub.png 1 0 0 35 35
pos/dict8901_stacksub.png 1 0 0 35 35
pos/dict8902_stacksub.png 1 0 0 35 35
pos/dict8903_stacksub.png 1 0 0 35 35
pos/dict8904_stacksub.png 1 0 0 35 35
pos/dict8905_stacksub.png 1 0 0 35 35
pos/dict8906_stacksub.png 1 0 0 35 35
pos/dict8907_stacksub.png 1 0 0 35 35
pos/dict8908_stacksub.png 1 0 0 35 35
pos/dict8909_stacksub.png 1 0 0 35 35
pos/dict8910_stacksub.png 1 0 0 35 35
pos/dict8911_stacksub.png 1 0 0 35 35
pos/dict8912_stacksub.png 1 0 0 35 35
pos/dict8913_stacksub.png 1 0 0 35 35
pos/dict8914_stacksub.png 1 0 0 35 35
pos/dict8915_stacksub.png 1 0 0 35 35
pos/dict8916_stacksub.png 1 0 0 35 35
pos/dict8917_stacksub.png 1 0 0 35 35
pos/dict8918_stacksub.png 1 0 0 35 35
pos/dict8919_stacksub.png 1 0 0 35 35
pos/dict8920_stacksub.png 1 0 0 35 35
pos/dict8921_stacksub.png 1 0 0 35 35
pos/dict8922_stacksub.png 1 0 0 35 35
pos/dict8923_stacksub.png 1 0 0 35 35
pos/dict8924_stacksub.png 1 0 0 35 35
pos/dict8925_stacksub.png 1 0 0 35 35
pos/dict8926_stacksub.png 1 0 0 35 35
pos/dict8927_stacksub.png 1 0 0 35 35
pos/dict8928_stacksub.png 1 0 0 35 35
pos/dict8929_stacksub.png 1 0 0 35 35
pos/dict8930_stacksub.png 1 0 0 35 35
pos/dict8931_stacksub.png 1 0 0 35 35
pos/dict8932_stacksub.png 1 0 0 35 35
pos/dict8933_stacksub.png 1 0 0 35 35
pos/dict8934_stacksub.png 1 0 0 35 35
pos/dict8935_stacksub.png 1 0 0 35 35
pos/dict8936_stacksub.png 1 0 0 35 35
pos/dict8937_stacksub.png 1 0 0 35 35
pos/dict8938_stacksub.png 1 0 0 35 35
pos/dict8939_stacksub.png 1 0 0 35 35
pos/dict8940_stacksub.png 1 0 0 35 35
pos/dict8941_stacksub.png 1 0 0 35 35
pos/dict8942_stacksub.png 1 0 0 35 35
pos/dict8943_stacksub.png 1 0 0 35 35
pos/dict8944_stacksub.png 1 0 0 35 35
pos/dict8945_stacksub.png 1 0 0 35 35
pos/dict8946_stacksub.png 1 0 0 35 35
pos/dict8947_stacksub.png 1 0 0 35 35
pos/dict8948_stacksub.png 1 0 0 35 35
pos/dict8949_stacksub.png 1 0 0 35 35
pos/dict8950_stacksub.png 1 0 0 35 35
pos/dict8951_stacksub.png 1 0 0 35 35
pos/dict8952_stacksub.png 1 0 0 35 35
pos/dict8953_stacksub.png 1 0 0 35 35
pos/dict8954_stacksub.png 1 0 0 35 35
pos/dict8955_stacksub.png 1 0 0 35 35
pos/dict8956_stacksub.png 1 0 0 35 35
pos/dict8957_stacksub.png 1 0 0 35 35
pos/dict8958_stacksub.png 1 0 0 35 35
pos/dict8959_stacksub.png 1 0 0 35 35
pos/dict8960_stacksub.png 1 0 0 35 35
pos/dict8961_stacksub.png 1 0 0 35 35
pos/dict8962_stacksub.png 1 0 0 35 35
pos/dict8963_stacksub.png 1 0 0 35 35
pos/dict8964_stacksub.png 1 0 0 35 35
pos/dict8965_stacksub.png 1 0 0 35 35
pos/dict8966_stacksub.png 1 0 0 35 35
pos/dict8967_stacksub.png 1 0 0 35 35
pos/dict8968_stacksub.png 1 0 0 35 35
pos/dict8969_stacksub.png 1 0 0 35 35
pos/dict8970_stacksub.png 1 0 0 35 35
pos/dict8971_stacksub.png 1 0 0 35 35
pos/dict8972_stacksub.png 1 0 0 35 35
pos/dict8973_stacksub.png 1 0 0 35 35
pos/dict8974_stacksub.png 1 0 0 35 35
pos/dict8975_stacksub.png 1 0 0 35 35
pos/dict8976_stacksub.png 1 0 0 35 35
pos/dict8977_stacksub.png 1 0 0 35 35
pos/dict8978_stacksub.png 1 0 0 35 35
pos/dict8979_stacksub.png 1 0 0 35 35
pos/dict8980_stacksub.png 1 0 0 35 35
pos/dict8981_stacksub.png 1 0 0 35 35
pos/dict8982_stacksub.png 1 0 0 35 35
pos/dict8983_stacksub.png 1 0 0 35 35
pos/dict8984_stacksub.png 1 0 0 35 35
pos/dict8985_stacksub.png 1 0 0 35 35
pos/dict8986_stacksub.png 1 0 0 35 35
pos/dict8987_stacksub.png 1 0 0 35 35
pos/dict8988_stacksub.png 1 0 0 35 35
pos/dict8989_stacksub.png 1 0 0 35 35
pos/dict8990_stacksub.png 1 0 0 35 35
pos/dict8991_stacksub.png 1 0 0 35 35
pos/dict8992_stacksub.png 1 0 0 35 35
pos/dict8993_stacksub.png 1 0 0 35 35
pos/dict8994_stacksub.png 1 0 0 35 35
pos/dict8995_stacksub.png 1 0 0 35 35
pos/dict8996_stacksub.png 1 0 0 35 35
pos/dict8997_stacksub.png 1 0 0 35 35
pos/dict8998_stacksub.png 1 0 0 35 35
pos/dict8999_stacksub.png 1 0 0 35 35
pos/dict9000_stacksub.png 1 0 0 35 35
pos/dict9001_stacksub.png 1 0 0 35 35
pos/dict9002_stacksub.png 1 0 0 35 35
pos/dict9003_stacksub.png 1 0 0 35 35
pos/dict9004_stacksub.png 1 0 0 35 35
pos/dict9005_stacksub.png 1 0 0 35 35
pos/dict9006_stacksub.png 1 0 0 35 35
pos/dict9007_stacksub.png 1 0 0 35 35
pos/dict9008_stacksub.png 1 0 0 35 35
pos/dict9009_stacksub.png 1 0 0 35 35
pos/dict9010_stacksub.png 1 0 0 35 35
pos/dict9011_stacksub.png 1 0 0 35 35
pos/dict9012_stacksub.png 1 0 0 35 35
pos/dict9013_stacksub.png 1 0 0 35 35
pos/dict9014_stacksub.png 1 0 0 35 35
pos/dict9015_stacksub.png 1 0 0 35 35
pos/dict9016_stacksub.png 1 0 0 35 35
pos/dict9017_stacksub.png 1 0 0 35 35
pos/dict9018_stacksub.png 1 0 0 35 35
pos/dict9019_stacksub.png 1 0 0 35 35
pos/dict9020_stacksub.png 1 0 0 35 35
pos/dict9021_stacksub.png 1 0 0 35 35
pos/dict9022_stacksub.png 1 0 0 35 35
pos/dict9023_stacksub.png 1 0 0 35 35
pos/dict9024_stacksub.png 1 0 0 35 35
pos/dict9025_stacksub.png 1 0 0 35 35
pos/dict9026_stacksub.png 1 0 0 35 35
pos/dict9027_stacksub.png 1 0 0 35 35
pos/dict9028_stacksub.png 1 0 0 35 35
pos/dict9029_stacksub.png 1 0 0 35 35
pos/dict9030_stacksub.png 1 0 0 35 35
pos/dict9031_stacksub.png 1 0 0 35 35
pos/dict9032_stacksub.png 1 0 0 35 35
pos/dict9033_stacksub.png 1 0 0 35 35
pos/dict9034_stacksub.png 1 0 0 35 35
pos/dict9035_stacksub.png 1 0 0 35 35
pos/dict9036_stacksub.png 1 0 0 35 35
pos/dict9037_stacksub.png 1 0 0 35 35
pos/dict9038_stacksub.png 1 0 0 35 35
pos/dict9039_stacksub.png 1 0 0 35 35
pos/dict9040_stacksub.png 1 0 0 35 35
pos/dict9041_stacksub.png 1 0 0 35 35
pos/dict9042_stacksub.png 1 0 0 35 35
pos/dict9043_stacksub.png 1 0 0 35 35
pos/dict9044_stacksub.png 1 0 0 35 35
pos/dict9045_stacksub.png 1 0 0 35 35
pos/dict9046_stacksub.png 1 0 0 35 35
pos/dict9047_stacksub.png 1 0 0 35 35
pos/dict9048_stacksub.png 1 0 0 35 35
pos/dict9049_stacksub.png 1 0 0 35 35
pos/dict9050_stacksub.png 1 0 0 35 35
pos/dict9051_stacksub.png 1 0 0 35 35
pos/dict9052_stacksub.png 1 0 0 35 35
pos/dict9053_stacksub.png 1 0 0 35 35
pos/dict9054_stacksub.png 1 0 0 35 35
pos/dict9055_stacksub.png 1 0 0 35 35
pos/dict9056_stacksub.png 1 0 0 35 35
pos/dict9057_stacksub.png 1 0 0 35 35
pos/dict9058_stacksub.png 1 0 0 35 35
pos/dict9059_stacksub.png 1 0 0 35 35
pos/dict9060_stacksub.png 1 0 0 35 35
pos/dict9061_stacksub.png 1 0 0 35 35
pos/dict9062_stacksub.png 1 0 0 35 35
pos/dict9063_stacksub.png 1 0 0 35 35
pos/dict9064_stacksub.png 1 0 0 35 35
pos/dict9065_stacksub.png 1 0 0 35 35
pos/dict9066_stacksub.png 1 0 0 35 35
pos/dict9067_stacksub.png 1 0 0 35 35
pos/dict9068_stacksub.png 1 0 0 35 35
pos/dict9069_stacksub.png 1 0 0 35 35
pos/dict9070_stacksub.png 1 0 0 35 35
pos/dict9071_stacksub.png 1 0 0 35 35
pos/dict9072_stacksub.png 1 0 0 35 35
pos/dict9073_stacksub.png 1 0 0 35 35
pos/dict9074_stacksub.png 1 0 0 35 35
pos/dict9075_stacksub.png 1 0 0 35 35
pos/dict9076_stacksub.png 1 0 0 35 35
pos/dict9077_stacksub.png 1 0 0 35 35
pos/dict9078_stacksub.png 1 0 0 35 35
pos/dict9079_stacksub.png 1 0 0 35 35
pos/dict9080_stacksub.png 1 0 0 35 35
pos/dict9081_stacksub.png 1 0 0 35 35
pos/dict9082_stacksub.png 1 0 0 35 35
pos/dict9083_stacksub.png 1 0 0 35 35
pos/dict9084_stacksub.png 1 0 0 35 35
pos/dict9085_stacksub.png 1 0 0 35 35
pos/dict9086_stacksub.png 1 0 0 35 35
pos/dict9087_stacksub.png 1 0 0 35 35
pos/dict9088_stacksub.png 1 0 0 35 35
pos/dict9089_stacksub.png 1 0 0 35 35
pos/dict9090_stacksub.png 1 0 0 35 35
pos/dict9091_stacksub.png 1 0 0 35 35
pos/dict9092_stacksub.png 1 0 0 35 35
pos/dict9093_stacksub.png 1 0 0 35 35
pos/dict9094_stacksub.png 1 0 0 35 35
pos/dict9095_stacksub.png 1 0 0 35 35
pos/dict9096_stacksub.png 1 0 0 35 35
pos/dict9097_stacksub.png 1 0 0 35 35
pos/dict9098_stacksub.png 1 0 0 35 35
pos/dict9099_stacksub.png 1 0 0 35 35
pos/dict9100_stacksub.png 1 0 0 35 35
pos/dict9101_stacksub.png 1 0 0 35 35
pos/dict9102_stacksub.png 1 0 0 35 35
pos/dict9103_stacksub.png 1 0 0 35 35
pos/dict9104_stacksub.png 1 0 0 35 35
pos/dict9105_stacksub.png 1 0 0 35 35
pos/dict9106_stacksub.png 1 0 0 35 35
pos/dict9107_stacksub.png 1 0 0 35 35
pos/dict9108_stacksub.png 1 0 0 35 35
pos/dict9109_stacksub.png 1 0 0 35 35
pos/dict9110_stacksub.png 1 0 0 35 35
pos/dict9111_stacksub.png 1 0 0 35 35
pos/dict9112_stacksub.png 1 0 0 35 35
pos/dict9113_stacksub.png 1 0 0 35 35
pos/dict9114_stacksub.png 1 0 0 35 35
pos/dict9115_stacksub.png 1 0 0 35 35
pos/dict9116_stacksub.png 1 0 0 35 35
pos/dict9117_stacksub.png 1 0 0 35 35
pos/dict9118_stacksub.png 1 0 0 35 35
pos/dict9119_stacksub.png 1 0 0 35 35
pos/dict9120_stacksub.png 1 0 0 35 35
pos/dict9121_stacksub.png 1 0 0 35 35
pos/dict9122_stacksub.png 1 0 0 35 35
pos/dict9123_stacksub.png 1 0 0 35 35
pos/dict9124_stacksub.png 1 0 0 35 35
pos/dict9125_stacksub.png 1 0 0 35 35
pos/dict9126_stacksub.png 1 0 0 35 35
pos/dict9127_stacksub.png 1 0 0 35 35
pos/dict9128_stacksub.png 1 0 0 35 35
pos/dict9129_stacksub.png 1 0 0 35 35
pos/dict9130_stacksub.png 1 0 0 35 35
pos/dict9131_stacksub.png 1 0 0 35 35
pos/dict9132_stacksub.png 1 0 0 35 35
pos/dict9133_stacksub.png 1 0 0 35 35
pos/dict9134_stacksub.png 1 0 0 35 35
pos/dict9135_stacksub.png 1 0 0 35 35
pos/dict9136_stacksub.png 1 0 0 35 35
pos/dict9137_stacksub.png 1 0 0 35 35
pos/dict9138_stacksub.png 1 0 0 35 35
pos/dict9139_stacksub.png 1 0 0 35 35
pos/dict9140_stacksub.png 1 0 0 35 35
pos/dict9141_stacksub.png 1 0 0 35 35
pos/dict9142_stacksub.png 1 0 0 35 35
pos/dict9143_stacksub.png 1 0 0 35 35
pos/dict9144_stacksub.png 1 0 0 35 35
pos/dict9145_stacksub.png 1 0 0 35 35
pos/dict9146_stacksub.png 1 0 0 35 35
pos/dict9147_stacksub.png 1 0 0 35 35
pos/dict9148_stacksub.png 1 0 0 35 35
pos/dict9149_stacksub.png 1 0 0 35 35
pos/dict9150_stacksub.png 1 0 0 35 35
pos/dict9151_stacksub.png 1 0 0 35 35
pos/dict9152_stacksub.png 1 0 0 35 35
pos/dict9153_stacksub.png 1 0 0 35 35
pos/dict9154_stacksub.png 1 0 0 35 35
pos/dict9155_stacksub.png 1 0 0 35 35
pos/dict9156_stacksub.png 1 0 0 35 35
pos/dict9157_stacksub.png 1 0 0 35 35
pos/dict9158_stacksub.png 1 0 0 35 35
pos/dict9159_stacksub.png 1 0 0 35 35
pos/dict9160_stacksub.png 1 0 0 35 35
pos/dict9161_stacksub.png 1 0 0 35 35
pos/dict9162_stacksub.png 1 0 0 35 35
pos/dict9163_stacksub.png 1 0 0 35 35
pos/dict9164_stacksub.png 1 0 0 35 35
pos/dict9165_stacksub.png 1 0 0 35 35
pos/dict9166_stacksub.png 1 0 0 35 35
pos/dict9167_stacksub.png 1 0 0 35 35
pos/dict9168_stacksub.png 1 0 0 35 35
pos/dict9169_stacksub.png 1 0 0 35 35
pos/dict9170_stacksub.png 1 0 0 35 35
pos/dict9171_stacksub.png 1 0 0 35 35
pos/dict9172_stacksub.png 1 0 0 35 35
pos/dict9173_stacksub.png 1 0 0 35 35
pos/dict9174_stacksub.png 1 0 0 35 35
pos/dict9175_stacksub.png 1 0 0 35 35
pos/dict9176_stacksub.png 1 0 0 35 35
pos/dict9177_stacksub.png 1 0 0 35 35
pos/dict9178_stacksub.png 1 0 0 35 35
pos/dict9179_stacksub.png 1 0 0 35 35
pos/dict9180_stacksub.png 1 0 0 35 35
pos/dict9181_stacksub.png 1 0 0 35 35
pos/dict9182_stacksub.png 1 0 0 35 35
pos/dict9183_stacksub.png 1 0 0 35 35
pos/dict9184_stacksub.png 1 0 0 35 35
pos/dict9185_stacksub.png 1 0 0 35 35
pos/dict9186_stacksub.png 1 0 0 35 35
pos/dict9187_stacksub.png 1 0 0 35 35
pos/dict9188_stacksub.png 1 0 0 35 35
pos/dict9189_stacksub.png 1 0 0 35 35
pos/dict9190_stacksub.png 1 0 0 35 35
pos/dict9191_stacksub.png 1 0 0 35 35
pos/dict9192_stacksub.png 1 0 0 35 35
pos/dict9193_stacksub.png 1 0 0 35 35
pos/dict9194_stacksub.png 1 0 0 35 35
pos/dict9195_stacksub.png 1 0 0 35 35
pos/dict9196_stacksub.png 1 0 0 35 35
pos/dict9197_stacksub.png 1 0 0 35 35
pos/dict9198_stacksub.png 1 0 0 35 35
pos/dict9199_stacksub.png 1 0 0 35 35
pos/dict9200_stacksub.png 1 0 0 35 35
pos/dict9201_stacksub.png 1 0 0 35 35
pos/dict9202_stacksub.png 1 0 0 35 35
pos/dict9203_stacksub.png 1 0 0 35 35
pos/dict9204_stacksub.png 1 0 0 35 35
pos/dict9205_stacksub.png 1 0 0 35 35
pos/dict9206_stacksub.png 1 0 0 35 35
pos/dict9207_stacksub.png 1 0 0 35 35
pos/dict9208_stacksub.png 1 0 0 35 35
pos/dict9209_stacksub.png 1 0 0 35 35
pos/dict9210_stacksub.png 1 0 0 35 35
pos/dict9211_stacksub.png 1 0 0 35 35
pos/dict9212_stacksub.png 1 0 0 35 35
pos/dict9213_stacksub.png 1 0 0 35 35
pos/dict9214_stacksub.png 1 0 0 35 35
pos/dict9215_stacksub.png 1 0 0 35 35
pos/dict9216_stacksub.png 1 0 0 35 35
pos/dict9217_stacksub.png 1 0 0 35 35
pos/dict9218_stacksub.png 1 0 0 35 35
pos/dict9219_stacksub.png 1 0 0 35 35
pos/dict9220_stacksub.png 1 0 0 35 35
pos/dict9221_stacksub.png 1 0 0 35 35
pos/dict9222_stacksub.png 1 0 0 35 35
pos/dict9223_stacksub.png 1 0 0 35 35
pos/dict9224_stacksub.png 1 0 0 35 35
pos/dict9225_stacksub.png 1 0 0 35 35
pos/dict9226_stacksub.png 1 0 0 35 35
pos/dict9227_stacksub.png 1 0 0 35 35
pos/dict9228_stacksub.png 1 0 0 35 35
pos/dict9229_stacksub.png 1 0 0 35 35
pos/dict9230_stacksub.png 1 0 0 35 35
pos/dict9231_stacksub.png 1 0 0 35 35
pos/dict9232_stacksub.png 1 0 0 35 35
pos/dict9233_stacksub.png 1 0 0 35 35
pos/dict9234_stacksub.png 1 0 0 35 35
pos/dict9235_stacksub.png 1 0 0 35 35
pos/dict9236_stacksub.png 1 0 0 35 35
pos/dict9237_stacksub.png 1 0 0 35 35
pos/dict9238_stacksub.png 1 0 0 35 35
pos/dict9239_stacksub.png 1 0 0 35 35
pos/dict9240_stacksub.png 1 0 0 35 35
pos/dict9241_stacksub.png 1 0 0 35 35
pos/dict9242_stacksub.png 1 0 0 35 35
pos/dict9243_stacksub.png 1 0 0 35 35
pos/dict9244_stacksub.png 1 0 0 35 35
pos/dict9245_stacksub.png 1 0 0 35 35
pos/dict9246_stacksub.png 1 0 0 35 35
pos/dict9247_stacksub.png 1 0 0 35 35
pos/dict9248_stacksub.png 1 0 0 35 35
pos/dict9249_stacksub.png 1 0 0 35 35
pos/dict9250_stacksub.png 1 0 0 35 35
pos/dict9251_stacksub.png 1 0 0 35 35
pos/dict9252_stacksub.png 1 0 0 35 35
pos/dict9253_stacksub.png 1 0 0 35 35
pos/dict9254_stacksub.png 1 0 0 35 35
pos/dict9255_stacksub.png 1 0 0 35 35
pos/dict9256_stacksub.png 1 0 0 35 35
pos/dict9257_stacksub.png 1 0 0 35 35
pos/dict9258_stacksub.png 1 0 0 35 35
pos/dict9259_stacksub.png 1 0 0 35 35
pos/dict9260_stacksub.png 1 0 0 35 35
pos/dict9261_stacksub.png 1 0 0 35 35
pos/dict9262_stacksub.png 1 0 0 35 35
pos/dict9263_stacksub.png 1 0 0 35 35
pos/dict9264_stacksub.png 1 0 0 35 35
pos/dict9265_stacksub.png 1 0 0 35 35
pos/dict9266_stacksub.png 1 0 0 35 35
pos/dict9267_stacksub.png 1 0 0 35 35
pos/dict9268_stacksub.png 1 0 0 35 35
pos/dict9269_stacksub.png 1 0 0 35 35
pos/dict9270_stacksub.png 1 0 0 35 35
pos/dict9271_stacksub.png 1 0 0 35 35
pos/dict9272_stacksub.png 1 0 0 35 35
pos/dict9273_stacksub.png 1 0 0 35 35
pos/dict9274_stacksub.png 1 0 0 35 35
pos/dict9275_stacksub.png 1 0 0 35 35
pos/dict9276_stacksub.png 1 0 0 35 35
pos/dict9277_stacksub.png 1 0 0 35 35
pos/dict9278_stacksub.png 1 0 0 35 35
pos/dict9279_stacksub.png 1 0 0 35 35
pos/dict9280_stacksub.png 1 0 0 35 35
pos/dict9281_stacksub.png 1 0 0 35 35
pos/dict9282_stacksub.png 1 0 0 35 35
pos/dict9283_stacksub.png 1 0 0 35 35
pos/dict9284_stacksub.png 1 0 0 35 35
pos/dict9285_stacksub.png 1 0 0 35 35
pos/dict9286_stacksub.png 1 0 0 35 35
pos/dict9287_stacksub.png 1 0 0 35 35
pos/dict9288_stacksub.png 1 0 0 35 35
pos/dict9289_stacksub.png 1 0 0 35 35
pos/dict9290_stacksub.png 1 0 0 35 35
pos/dict9291_stacksub.png 1 0 0 35 35
pos/dict9292_stacksub.png 1 0 0 35 35
pos/dict9293_stacksub.png 1 0 0 35 35
pos/dict9294_stacksub.png 1 0 0 35 35
pos/dict9295_stacksub.png 1 0 0 35 35
pos/dict9296_stacksub.png 1 0 0 35 35
pos/dict9297_stacksub.png 1 0 0 35 35
pos/dict9298_stacksub.png 1 0 0 35 35
pos/dict9299_stacksub.png 1 0 0 35 35
pos/dict9300_stacksub.png 1 0 0 35 35
pos/dict9301_stacksub.png 1 0 0 35 35
pos/dict9302_stacksub.png 1 0 0 35 35
pos/dict9303_stacksub.png 1 0 0 35 35
pos/dict9304_stacksub.png 1 0 0 35 35
pos/dict9305_stacksub.png 1 0 0 35 35
pos/dict9306_stacksub.png 1 0 0 35 35
pos/dict9307_stacksub.png 1 0 0 35 35
pos/dict9308_stacksub.png 1 0 0 35 35
pos/dict9309_stacksub.png 1 0 0 35 35
pos/dict9310_stacksub.png 1 0 0 35 35
pos/dict9311_stacksub.png 1 0 0 35 35
pos/dict9312_stacksub.png 1 0 0 35 35
pos/dict9313_stacksub.png 1 0 0 35 35
pos/dict9314_stacksub.png 1 0 0 35 35
pos/dict9315_stacksub.png 1 0 0 35 35
pos/dict9316_stacksub.png 1 0 0 35 35
pos/dict9317_stacksub.png 1 0 0 35 35
pos/dict9318_stacksub.png 1 0 0 35 35
pos/dict9319_stacksub.png 1 0 0 35 35
pos/dict9320_stacksub.png 1 0 0 35 35
pos/dict9321_stacksub.png 1 0 0 35 35
pos/dict9322_stacksub.png 1 0 0 35 35
pos/dict9323_stacksub.png 1 0 0 35 35
pos/dict9324_stacksub.png 1 0 0 35 35
pos/dict9325_stacksub.png 1 0 0 35 35
pos/dict9326_stacksub.png 1 0 0 35 35
pos/dict9327_stacksub.png 1 0 0 35 35
pos/dict9328_stacksub.png 1 0 0 35 35
pos/dict9329_stacksub.png 1 0 0 35 35
pos/dict9330_stacksub.png 1 0 0 35 35
pos/dict9331_stacksub.png 1 0 0 35 35
pos/dict9332_stacksub.png 1 0 0 35 35
pos/dict9333_stacksub.png 1 0 0 35 35
pos/dict9334_stacksub.png 1 0 0 35 35
pos/dict9335_stacksub.png 1 0 0 35 35
pos/dict9336_stacksub.png 1 0 0 35 35
pos/dict9337_stacksub.png 1 0 0 35 35
pos/dict9338_stacksub.png 1 0 0 35 35
pos/dict9339_stacksub.png 1 0 0 35 35
pos/dict9340_stacksub.png 1 0 0 35 35
pos/dict9341_stacksub.png 1 0 0 35 35
pos/dict9342_stacksub.png 1 0 0 35 35
pos/dict9343_stacksub.png 1 0 0 35 35
pos/dict9344_stacksub.png 1 0 0 35 35
pos/dict9345_stacksub.png 1 0 0 35 35
pos/dict9346_stacksub.png 1 0 0 35 35
pos/dict9347_stacksub.png 1 0 0 35 35
pos/dict9348_stacksub.png 1 0 0 35 35
pos/dict9349_stacksub.png 1 0 0 35 35
pos/dict9350_stacksub.png 1 0 0 35 35
pos/dict9351_stacksub.png 1 0 0 35 35
pos/dict9352_stacksub.png 1 0 0 35 35
pos/dict9353_stacksub.png 1 0 0 35 35
pos/dict9354_stacksub.png 1 0 0 35 35
pos/dict9355_stacksub.png 1 0 0 35 35
pos/dict9356_stacksub.png 1 0 0 35 35
pos/dict9357_stacksub.png 1 0 0 35 35
pos/dict9358_stacksub.png 1 0 0 35 35
pos/dict9359_stacksub.png 1 0 0 35 35
pos/dict9360_stacksub.png 1 0 0 35 35
pos/dict9361_stacksub.png 1 0 0 35 35
pos/dict9362_stacksub.png 1 0 0 35 35
pos/dict9363_stacksub.png 1 0 0 35 35
pos/dict9364_stacksub.png 1 0 0 35 35
pos/dict9365_stacksub.png 1 0 0 35 35
pos/dict9366_stacksub.png 1 0 0 35 35
pos/dict9367_stacksub.png 1 0 0 35 35
pos/dict9368_stacksub.png 1 0 0 35 35
pos/dict9369_stacksub.png 1 0 0 35 35
pos/dict9370_stacksub.png 1 0 0 35 35
pos/dict9371_stacksub.png 1 0 0 35 35
pos/dict9372_stacksub.png 1 0 0 35 35
pos/dict9373_stacksub.png 1 0 0 35 35
pos/dict9374_stacksub.png 1 0 0 35 35
pos/dict9375_stacksub.png 1 0 0 35 35
pos/dict9376_stacksub.png 1 0 0 35 35
pos/dict9377_stacksub.png 1 0 0 35 35
pos/dict9378_stacksub.png 1 0 0 35 35
pos/dict9379_stacksub.png 1 0 0 35 35
pos/dict9380_stacksub.png 1 0 0 35 35
pos/dict9381_stacksub.png 1 0 0 35 35
pos/dict9382_stacksub.png 1 0 0 35 35
pos/dict9383_stacksub.png 1 0 0 35 35
pos/dict9384_stacksub.png 1 0 0 35 35
pos/dict9385_stacksub.png 1 0 0 35 35
pos/dict9386_stacksub.png 1 0 0 35 35
pos/dict9387_stacksub.png 1 0 0 35 35
pos/dict9388_stacksub.png 1 0 0 35 35
pos/dict9389_stacksub.png 1 0 0 35 35
pos/dict9390_stacksub.png 1 0 0 35 35
pos/dict9391_stacksub.png 1 0 0 35 35
pos/dict9392_stacksub.png 1 0 0 35 35
pos/dict9393_stacksub.png 1 0 0 35 35
pos/dict9394_stacksub.png 1 0 0 35 35
pos/dict9395_stacksub.png 1 0 0 35 35
pos/dict9396_stacksub.png 1 0 0 35 35
pos/dict9397_stacksub.png 1 0 0 35 35
pos/dict9398_stacksub.png 1 0 0 35 35
pos/dict9399_stacksub.png 1 0 0 35 35
pos/dict9400_stacksub.png 1 0 0 35 35
pos/dict9401_stacksub.png 1 0 0 35 35
pos/dict9402_stacksub.png 1 0 0 35 35
pos/dict9403_stacksub.png 1 0 0 35 35
pos/dict9404_stacksub.png 1 0 0 35 35
pos/dict9405_stacksub.png 1 0 0 35 35
pos/dict9406_stacksub.png 1 0 0 35 35
pos/dict9407_stacksub.png 1 0 0 35 35
pos/dict9408_stacksub.png 1 0 0 35 35
pos/dict9409_stacksub.png 1 0 0 35 35
pos/dict9410_stacksub.png 1 0 0 35 35
pos/dict9411_stacksub.png 1 0 0 35 35
pos/dict9412_stacksub.png 1 0 0 35 35
pos/dict9413_stacksub.png 1 0 0 35 35
pos/dict9414_stacksub.png 1 0 0 35 35
pos/dict9415_stacksub.png 1 0 0 35 35
pos/dict9416_stacksub.png 1 0 0 35 35
pos/dict9417_stacksub.png 1 0 0 35 35
pos/dict9418_stacksub.png 1 0 0 35 35
pos/dict9419_stacksub.png 1 0 0 35 35
pos/dict9420_stacksub.png 1 0 0 35 35
pos/dict9421_stacksub.png 1 0 0 35 35
pos/dict9422_stacksub.png 1 0 0 35 35
pos/dict9423_stacksub.png 1 0 0 35 35
pos/dict9424_stacksub.png 1 0 0 35 35
pos/dict9425_stacksub.png 1 0 0 35 35
pos/dict9426_stacksub.png 1 0 0 35 35
pos/dict9427_stacksub.png 1 0 0 35 35
pos/dict9428_stacksub.png 1 0 0 35 35
pos/dict9429_stacksub.png 1 0 0 35 35
pos/dict9430_stacksub.png 1 0 0 35 35
pos/dict9431_stacksub.png 1 0 0 35 35
pos/dict9432_stacksub.png 1 0 0 35 35
pos/dict9433_stacksub.png 1 0 0 35 35
pos/dict9434_stacksub.png 1 0 0 35 35
pos/dict9435_stacksub.png 1 0 0 35 35
pos/dict9436_stacksub.png 1 0 0 35 35
pos/dict9437_stacksub.png 1 0 0 35 35
pos/dict9438_stacksub.png 1 0 0 35 35
pos/dict9439_stacksub.png 1 0 0 35 35
pos/dict9440_stacksub.png 1 0 0 35 35
pos/dict9441_stacksub.png 1 0 0 35 35
pos/dict9442_stacksub.png 1 0 0 35 35
pos/dict9443_stacksub.png 1 0 0 35 35
pos/dict9444_stacksub.png 1 0 0 35 35
pos/dict9445_stacksub.png 1 0 0 35 35
pos/dict9446_stacksub.png 1 0 0 35 35
pos/dict9447_stacksub.png 1 0 0 35 35
pos/dict9448_stacksub.png 1 0 0 35 35
pos/dict9449_stacksub.png 1 0 0 35 35
pos/dict9450_stacksub.png 1 0 0 35 35
pos/dict9451_stacksub.png 1 0 0 35 35
pos/dict9452_stacksub.png 1 0 0 35 35
pos/dict9453_stacksub.png 1 0 0 35 35
pos/dict9454_stacksub.png 1 0 0 35 35
pos/dict9455_stacksub.png 1 0 0 35 35
pos/dict9456_stacksub.png 1 0 0 35 35
pos/dict9457_stacksub.png 1 0 0 35 35
pos/dict9458_stacksub.png 1 0 0 35 35
pos/dict9459_stacksub.png 1 0 0 35 35
pos/dict9460_stacksub.png 1 0 0 35 35
pos/dict9461_stacksub.png 1 0 0 35 35
pos/dict9462_stacksub.png 1 0 0 35 35
pos/dict9463_stacksub.png 1 0 0 35 35
pos/dict9464_stacksub.png 1 0 0 35 35
pos/dict9465_stacksub.png 1 0 0 35 35
pos/dict9466_stacksub.png 1 0 0 35 35
pos/dict9467_stacksub.png 1 0 0 35 35
pos/dict9468_stacksub.png 1 0 0 35 35
pos/dict9469_stacksub.png 1 0 0 35 35
pos/dict9470_stacksub.png 1 0 0 35 35
pos/dict9471_stacksub.png 1 0 0 35 35
pos/dict9472_stacksub.png 1 0 0 35 35
pos/dict9473_stacksub.png 1 0 0 35 35
pos/dict9474_stacksub.png 1 0 0 35 35
pos/dict9475_stacksub.png 1 0 0 35 35
pos/dict9476_stacksub.png 1 0 0 35 35
pos/dict9477_stacksub.png 1 0 0 35 35
pos/dict9478_stacksub.png 1 0 0 35 35
pos/dict9479_stacksub.png 1 0 0 35 35
pos/dict9480_stacksub.png 1 0 0 35 35
pos/dict9481_stacksub.png 1 0 0 35 35
pos/dict9482_stacksub.png 1 0 0 35 35
pos/dict9483_stacksub.png 1 0 0 35 35
pos/dict9484_stacksub.png 1 0 0 35 35
pos/dict9485_stacksub.png 1 0 0 35 35
pos/dict9486_stacksub.png 1 0 0 35 35
pos/dict9487_stacksub.png 1 0 0 35 35
pos/dict9488_stacksub.png 1 0 0 35 35
pos/dict9489_stacksub.png 1 0 0 35 35
pos/dict9490_stacksub.png 1 0 0 35 35
pos/dict9491_stacksub.png 1 0 0 35 35
pos/dict9492_stacksub.png 1 0 0 35 35
pos/dict9493_stacksub.png 1 0 0 35 35
pos/dict9494_stacksub.png 1 0 0 35 35
pos/dict9495_stacksub.png 1 0 0 35 35
pos/dict9496_stacksub.png 1 0 0 35 35
pos/dict9497_stacksub.png 1 0 0 35 35
pos/dict9498_stacksub.png 1 0 0 35 35
pos/dict9499_stacksub.png 1 0 0 35 35
pos/dict9500_stacksub.png 1 0 0 35 35
pos/dict9501_stacksub.png 1 0 0 35 35
pos/dict9502_stacksub.png 1 0 0 35 35
pos/dict9503_stacksub.png 1 0 0 35 35
pos/dict9504_stacksub.png 1 0 0 35 35
pos/dict9505_stacksub.png 1 0 0 35 35
pos/dict9506_stacksub.png 1 0 0 35 35
pos/dict9507_stacksub.png 1 0 0 35 35
pos/dict9508_stacksub.png 1 0 0 35 35
pos/dict9509_stacksub.png 1 0 0 35 35
pos/dict9510_stacksub.png 1 0 0 35 35
pos/dict9511_stacksub.png 1 0 0 35 35
pos/dict9512_stacksub.png 1 0 0 35 35
pos/dict9513_stacksub.png 1 0 0 35 35
pos/dict9514_stacksub.png 1 0 0 35 35
pos/dict9515_stacksub.png 1 0 0 35 35
pos/dict9516_stacksub.png 1 0 0 35 35
pos/dict9517_stacksub.png 1 0 0 35 35
pos/dict9518_stacksub.png 1 0 0 35 35
pos/dict9519_stacksub.png 1 0 0 35 35
pos/dict9520_stacksub.png 1 0 0 35 35
pos/dict9521_stacksub.png 1 0 0 35 35
pos/dict9522_stacksub.png 1 0 0 35 35
pos/dict9523_stacksub.png 1 0 0 35 35
pos/dict9524_stacksub.png 1 0 0 35 35
pos/dict9525_stacksub.png 1 0 0 35 35
pos/dict9526_stacksub.png 1 0 0 35 35
pos/dict9527_stacksub.png 1 0 0 35 35
pos/dict9528_stacksub.png 1 0 0 35 35
pos/dict9529_stacksub.png 1 0 0 35 35
pos/dict9530_stacksub.png 1 0 0 35 35
pos/dict9531_stacksub.png 1 0 0 35 35
pos/dict9532_stacksub.png 1 0 0 35 35
pos/dict9533_stacksub.png 1 0 0 35 35
pos/dict9534_stacksub.png 1 0 0 35 35
pos/dict9535_stacksub.png 1 0 0 35 35
pos/dict9536_stacksub.png 1 0 0 35 35
pos/dict9537_stacksub.png 1 0 0 35 35
pos/dict9538_stacksub.png 1 0 0 35 35
pos/dict9539_stacksub.png 1 0 0 35 35
pos/dict9540_stacksub.png 1 0 0 35 35
pos/dict9541_stacksub.png 1 0 0 35 35
pos/dict9542_stacksub.png 1 0 0 35 35
pos/dict9543_stacksub.png 1 0 0 35 35
pos/dict9544_stacksub.png 1 0 0 35 35
pos/dict9545_stacksub.png 1 0 0 35 35
pos/dict9546_stacksub.png 1 0 0 35 35
pos/dict9547_stacksub.png 1 0 0 35 35
pos/dict9548_stacksub.png 1 0 0 35 35
pos/dict9549_stacksub.png 1 0 0 35 35
pos/dict9550_stacksub.png 1 0 0 35 35
pos/dict9551_stacksub.png 1 0 0 35 35
pos/dict9552_stacksub.png 1 0 0 35 35
pos/dict9553_stacksub.png 1 0 0 35 35
pos/dict9554_stacksub.png 1 0 0 35 35
pos/dict9555_stacksub.png 1 0 0 35 35
pos/dict9556_stacksub.png 1 0 0 35 35
pos/dict9557_stacksub.png 1 0 0 35 35
pos/dict9558_stacksub.png 1 0 0 35 35
pos/dict9559_stacksub.png 1 0 0 35 35
pos/dict9560_stacksub.png 1 0 0 35 35
pos/dict9561_stacksub.png 1 0 0 35 35
pos/dict9562_stacksub.png 1 0 0 35 35
pos/dict9563_stacksub.png 1 0 0 35 35
pos/dict9564_stacksub.png 1 0 0 35 35
pos/dict9565_stacksub.png 1 0 0 35 35
pos/dict9566_stacksub.png 1 0 0 35 35
pos/dict9567_stacksub.png 1 0 0 35 35
pos/dict9568_stacksub.png 1 0 0 35 35
pos/dict9569_stacksub.png 1 0 0 35 35
pos/dict9570_stacksub.png 1 0 0 35 35
pos/dict9571_stacksub.png 1 0 0 35 35
pos/dict9572_stacksub.png 1 0 0 35 35
pos/dict9573_stacksub.png 1 0 0 35 35
pos/dict9574_stacksub.png 1 0 0 35 35
pos/dict9575_stacksub.png 1 0 0 35 35
pos/dict9576_stacksub.png 1 0 0 35 35
pos/dict9577_stacksub.png 1 0 0 35 35
pos/dict9578_stacksub.png 1 0 0 35 35
pos/dict9579_stacksub.png 1 0 0 35 35
pos/dict9580_stacksub.png 1 0 0 35 35
pos/dict9581_stacksub.png 1 0 0 35 35
pos/dict9582_stacksub.png 1 0 0 35 35
pos/dict9583_stacksub.png 1 0 0 35 35
pos/dict9584_stacksub.png 1 0 0 35 35
pos/dict9585_stacksub.png 1 0 0 35 35
pos/dict9586_stacksub.png 1 0 0 35 35
pos/dict9587_stacksub.png 1 0 0 35 35
pos/dict9588_stacksub.png 1 0 0 35 35
pos/dict9589_stacksub.png 1 0 0 35 35
pos/dict9590_stacksub.png 1 0 0 35 35
pos/dict9591_stacksub.png 1 0 0 35 35
pos/dict9592_stacksub.png 1 0 0 35 35
pos/dict9593_stacksub.png 1 0 0 35 35
pos/dict9594_stacksub.png 1 0 0 35 35
pos/dict9595_stacksub.png 1 0 0 35 35
pos/dict9596_stacksub.png 1 0 0 35 35
pos/dict9597_stacksub.png 1 0 0 35 35
pos/dict9598_stacksub.png 1 0 0 35 35
pos/dict9599_stacksub.png 1 0 0 35 35
pos/dict9600_stacksub.png 1 0 0 35 35
pos/dict9601_stacksub.png 1 0 0 35 35
pos/dict9602_stacksub.png 1 0 0 35 35
pos/dict9603_stacksub.png 1 0 0 35 35
pos/dict9604_stacksub.png 1 0 0 35 35
pos/dict9605_stacksub.png 1 0 0 35 35
pos/dict9606_stacksub.png 1 0 0 35 35
pos/dict9607_stacksub.png 1 0 0 35 35
pos/dict9608_stacksub.png 1 0 0 35 35
pos/dict9609_stacksub.png 1 0 0 35 35
pos/dict9610_stacksub.png 1 0 0 35 35
pos/dict9611_stacksub.png 1 0 0 35 35
pos/dict9612_stacksub.png 1 0 0 35 35
pos/dict9613_stacksub.png 1 0 0 35 35
pos/dict9614_stacksub.png 1 0 0 35 35
pos/dict9615_stacksub.png 1 0 0 35 35
pos/dict9616_stacksub.png 1 0 0 35 35
pos/dict9617_stacksub.png 1 0 0 35 35
pos/dict9618_stacksub.png 1 0 0 35 35
pos/dict9619_stacksub.png 1 0 0 35 35
pos/dict9620_stacksub.png 1 0 0 35 35
pos/dict9621_stacksub.png 1 0 0 35 35
pos/dict9622_stacksub.png 1 0 0 35 35
pos/dict9623_stacksub.png 1 0 0 35 35
pos/dict9624_stacksub.png 1 0 0 35 35
pos/dict9625_stacksub.png 1 0 0 35 35
pos/dict9626_stacksub.png 1 0 0 35 35
pos/dict9627_stacksub.png 1 0 0 35 35
pos/dict9628_stacksub.png 1 0 0 35 35
pos/dict9629_stacksub.png 1 0 0 35 35
pos/dict9630_stacksub.png 1 0 0 35 35
pos/dict9631_stacksub.png 1 0 0 35 35
pos/dict9632_stacksub.png 1 0 0 35 35
pos/dict9633_stacksub.png 1 0 0 35 35
pos/dict9634_stacksub.png 1 0 0 35 35
pos/dict9635_stacksub.png 1 0 0 35 35
pos/dict9636_stacksub.png 1 0 0 35 35
pos/dict9637_stacksub.png 1 0 0 35 35
pos/dict9638_stacksub.png 1 0 0 35 35
pos/dict9639_stacksub.png 1 0 0 35 35
pos/dict9640_stacksub.png 1 0 0 35 35
pos/dict9641_stacksub.png 1 0 0 35 35
pos/dict9642_stacksub.png 1 0 0 35 35
pos/dict9643_stacksub.png 1 0 0 35 35
pos/dict9644_stacksub.png 1 0 0 35 35
pos/dict9645_stacksub.png 1 0 0 35 35
pos/dict9646_stacksub.png 1 0 0 35 35
pos/dict9647_stacksub.png 1 0 0 35 35
pos/dict9648_stacksub.png 1 0 0 35 35
pos/dict9649_stacksub.png 1 0 0 35 35
pos/dict9650_stacksub.png 1 0 0 35 35
pos/dict9651_stacksub.png 1 0 0 35 35
pos/dict9652_stacksub.png 1 0 0 35 35
pos/dict9653_stacksub.png 1 0 0 35 35
pos/dict9654_stacksub.png 1 0 0 35 35
pos/dict9655_stacksub.png 1 0 0 35 35
pos/dict9656_stacksub.png 1 0 0 35 35
pos/dict9657_stacksub.png 1 0 0 35 35
pos/dict9658_stacksub.png 1 0 0 35 35
pos/dict9659_stacksub.png 1 0 0 35 35
pos/dict9660_stacksub.png 1 0 0 35 35
pos/dict9661_stacksub.png 1 0 0 35 35
pos/dict9662_stacksub.png 1 0 0 35 35
pos/dict9663_stacksub.png 1 0 0 35 35
pos/dict9664_stacksub.png 1 0 0 35 35
pos/dict9665_stacksub.png 1 0 0 35 35
pos/dict9666_stacksub.png 1 0 0 35 35
pos/dict9667_stacksub.png 1 0 0 35 35
pos/dict9668_stacksub.png 1 0 0 35 35
pos/dict9669_stacksub.png 1 0 0 35 35
pos/dict9670_stacksub.png 1 0 0 35 35
pos/dict9671_stacksub.png 1 0 0 35 35
pos/dict9672_stacksub.png 1 0 0 35 35
pos/dict9673_stacksub.png 1 0 0 35 35
pos/dict9674_stacksub.png 1 0 0 35 35
pos/dict9675_stacksub.png 1 0 0 35 35
pos/dict9676_stacksub.png 1 0 0 35 35
pos/dict9677_stacksub.png 1 0 0 35 35
pos/dict9678_stacksub.png 1 0 0 35 35
pos/dict9679_stacksub.png 1 0 0 35 35
pos/dict9680_stacksub.png 1 0 0 35 35
pos/dict9681_stacksub.png 1 0 0 35 35
pos/dict9682_stacksub.png 1 0 0 35 35
pos/dict9683_stacksub.png 1 0 0 35 35
pos/dict9684_stacksub.png 1 0 0 35 35
pos/dict9685_stacksub.png 1 0 0 35 35
pos/dict9686_stacksub.png 1 0 0 35 35
pos/dict9687_stacksub.png 1 0 0 35 35
pos/dict9688_stacksub.png 1 0 0 35 35
pos/dict9689_stacksub.png 1 0 0 35 35
pos/dict9690_stacksub.png 1 0 0 35 35
pos/dict9691_stacksub.png 1 0 0 35 35
pos/dict9692_stacksub.png 1 0 0 35 35
pos/dict9693_stacksub.png 1 0 0 35 35
pos/dict9694_stacksub.png 1 0 0 35 35
pos/dict9695_stacksub.png 1 0 0 35 35
pos/dict9696_stacksub.png 1 0 0 35 35
pos/dict9697_stacksub.png 1 0 0 35 35
pos/dict9698_stacksub.png 1 0 0 35 35
pos/dict9699_stacksub.png 1 0 0 35 35
pos/dict9700_stacksub.png 1 0 0 35 35
pos/dict9701_stacksub.png 1 0 0 35 35
pos/dict9702_stacksub.png 1 0 0 35 35
pos/dict9703_stacksub.png 1 0 0 35 35
pos/dict9704_stacksub.png 1 0 0 35 35
pos/dict9705_stacksub.png 1 0 0 35 35
pos/dict9706_stacksub.png 1 0 0 35 35
pos/dict9707_stacksub.png 1 0 0 35 35
pos/dict9708_stacksub.png 1 0 0 35 35
pos/dict9709_stacksub.png 1 0 0 35 35
pos/dict9710_stacksub.png 1 0 0 35 35
pos/dict9711_stacksub.png 1 0 0 35 35
pos/dict9712_stacksub.png 1 0 0 35 35
pos/dict9713_stacksub.png 1 0 0 35 35
pos/dict9714_stacksub.png 1 0 0 35 35
pos/dict9715_stacksub.png 1 0 0 35 35
pos/dict9716_stacksub.png 1 0 0 35 35
pos/dict9717_stacksub.png 1 0 0 35 35
pos/dict9718_stacksub.png 1 0 0 35 35
pos/dict9719_stacksub.png 1 0 0 35 35
pos/dict9720_stacksub.png 1 0 0 35 35
pos/dict9721_stacksub.png 1 0 0 35 35
pos/dict9722_stacksub.png 1 0 0 35 35
pos/dict9723_stacksub.png 1 0 0 35 35
pos/dict9724_stacksub.png 1 0 0 35 35
pos/dict9725_stacksub.png 1 0 0 35 35
pos/dict9726_stacksub.png 1 0 0 35 35
pos/dict9727_stacksub.png 1 0 0 35 35
pos/dict9728_stacksub.png 1 0 0 35 35
pos/dict9729_stacksub.png 1 0 0 35 35
pos/dict9730_stacksub.png 1 0 0 35 35
pos/dict9731_stacksub.png 1 0 0 35 35
pos/dict9732_stacksub.png 1 0 0 35 35
pos/dict9733_stacksub.png 1 0 0 35 35
pos/dict9734_stacksub.png 1 0 0 35 35
pos/dict9735_stacksub.png 1 0 0 35 35
pos/dict9736_stacksub.png 1 0 0 35 35
pos/dict9737_stacksub.png 1 0 0 35 35
pos/dict9738_stacksub.png 1 0 0 35 35
pos/dict9739_stacksub.png 1 0 0 35 35
pos/dict9740_stacksub.png 1 0 0 35 35
pos/dict9741_stacksub.png 1 0 0 35 35
pos/dict9742_stacksub.png 1 0 0 35 35
pos/dict9743_stacksub.png 1 0 0 35 35
pos/dict9744_stacksub.png 1 0 0 35 35
pos/dict9745_stacksub.png 1 0 0 35 35
pos/dict9746_stacksub.png 1 0 0 35 35
pos/dict9747_stacksub.png 1 0 0 35 35
pos/dict9748_stacksub.png 1 0 0 35 35
pos/dict9749_stacksub.png 1 0 0 35 35
pos/dict9750_stacksub.png 1 0 0 35 35
pos/dict9751_stacksub.png 1 0 0 35 35
pos/dict9752_stacksub.png 1 0 0 35 35
pos/dict9753_stacksub.png 1 0 0 35 35
pos/dict9754_stacksub.png 1 0 0 35 35
pos/dict9755_stacksub.png 1 0 0 35 35
pos/dict9756_stacksub.png 1 0 0 35 35
pos/dict9757_stacksub.png 1 0 0 35 35
pos/dict9758_stacksub.png 1 0 0 35 35
pos/dict9759_stacksub.png 1 0 0 35 35
pos/dict9760_stacksub.png 1 0 0 35 35
pos/dict9761_stacksub.png 1 0 0 35 35
pos/dict9762_stacksub.png 1 0 0 35 35
pos/dict9763_stacksub.png 1 0 0 35 35
pos/dict9764_stacksub.png 1 0 0 35 35
pos/dict9765_stacksub.png 1 0 0 35 35
pos/dict9766_stacksub.png 1 0 0 35 35
pos/dict9767_stacksub.png 1 0 0 35 35
pos/dict9768_stacksub.png 1 0 0 35 35
pos/dict9769_stacksub.png 1 0 0 35 35
pos/dict9770_stacksub.png 1 0 0 35 35
pos/dict9771_stacksub.png 1 0 0 35 35
pos/dict9772_stacksub.png 1 0 0 35 35
pos/dict9773_stacksub.png 1 0 0 35 35
pos/dict9774_stacksub.png 1 0 0 35 35
pos/dict9775_stacksub.png 1 0 0 35 35
pos/dict9776_stacksub.png 1 0 0 35 35
pos/dict9777_stacksub.png 1 0 0 35 35
pos/dict9778_stacksub.png 1 0 0 35 35
pos/dict9779_stacksub.png 1 0 0 35 35
pos/dict9780_stacksub.png 1 0 0 35 35
pos/dict9781_stacksub.png 1 0 0 35 35
pos/dict9782_stacksub.png 1 0 0 35 35
pos/dict9783_stacksub.png 1 0 0 35 35
pos/dict9784_stacksub.png 1 0 0 35 35
pos/dict9785_stacksub.png 1 0 0 35 35
pos/dict9786_stacksub.png 1 0 0 35 35
pos/dict9787_stacksub.png 1 0 0 35 35
pos/dict9788_stacksub.png 1 0 0 35 35
pos/dict9789_stacksub.png 1 0 0 35 35
pos/dict9790_stacksub.png 1 0 0 35 35
pos/dict9791_stacksub.png 1 0 0 35 35
pos/dict9792_stacksub.png 1 0 0 35 35
pos/dict9793_stacksub.png 1 0 0 35 35
pos/dict9794_stacksub.png 1 0 0 35 35
pos/dict9795_stacksub.png 1 0 0 35 35
pos/dict9796_stacksub.png 1 0 0 35 35
pos/dict9797_stacksub.png 1 0 0 35 35
pos/dict9798_stacksub.png 1 0 0 35 35
pos/dict9799_stacksub.png 1 0 0 35 35
pos/dict9800_stacksub.png 1 0 0 35 35
pos/dict9801_stacksub.png 1 0 0 35 35
pos/dict9802_stacksub.png 1 0 0 35 35
pos/dict9803_stacksub.png 1 0 0 35 35
pos/dict9804_stacksub.png 1 0 0 35 35
pos/dict9805_stacksub.png 1 0 0 35 35
pos/dict9806_stacksub.png 1 0 0 35 35
pos/dict9807_stacksub.png 1 0 0 35 35
pos/dict9808_stacksub.png 1 0 0 35 35
pos/dict9809_stacksub.png 1 0 0 35 35
pos/dict9810_stacksub.png 1 0 0 35 35
pos/dict9811_stacksub.png 1 0 0 35 35
pos/dict9812_stacksub.png 1 0 0 35 35
pos/dict9813_stacksub.png 1 0 0 35 35
pos/dict9814_stacksub.png 1 0 0 35 35
pos/dict9815_stacksub.png 1 0 0 35 35
pos/dict9816_stacksub.png 1 0 0 35 35
pos/dict9817_stacksub.png 1 0 0 35 35
pos/dict9818_stacksub.png 1 0 0 35 35
pos/dict9819_stacksub.png 1 0 0 35 35
pos/dict9820_stacksub.png 1 0 0 35 35
pos/dict9821_stacksub.png 1 0 0 35 35
pos/dict9822_stacksub.png 1 0 0 35 35
pos/dict9823_stacksub.png 1 0 0 35 35
pos/dict9824_stacksub.png 1 0 0 35 35
pos/dict9825_stacksub.png 1 0 0 35 35
pos/dict9826_stacksub.png 1 0 0 35 35
pos/dict9827_stacksub.png 1 0 0 35 35
pos/dict9828_stacksub.png 1 0 0 35 35
pos/dict9829_stacksub.png 1 0 0 35 35
pos/dict9830_stacksub.png 1 0 0 35 35
pos/dict9831_stacksub.png 1 0 0 35 35
pos/dict9832_stacksub.png 1 0 0 35 35
pos/dict9833_stacksub.png 1 0 0 35 35
pos/dict9834_stacksub.png 1 0 0 35 35
pos/dict9835_stacksub.png 1 0 0 35 35
pos/dict9836_stacksub.png 1 0 0 35 35
pos/dict9837_stacksub.png 1 0 0 35 35
pos/dict9838_stacksub.png 1 0 0 35 35
pos/dict9839_stacksub.png 1 0 0 35 35
pos/dict9840_stacksub.png 1 0 0 35 35
pos/dict9841_stacksub.png 1 0 0 35 35
pos/dict9842_stacksub.png 1 0 0 35 35
pos/dict9843_stacksub.png 1 0 0 35 35
pos/dict9844_stacksub.png 1 0 0 35 35
pos/dict9845_stacksub.png 1 0 0 35 35
pos/dict9846_stacksub.png 1 0 0 35 35
pos/dict9847_stacksub.png 1 0 0 35 35
pos/dict9848_stacksub.png 1 0 0 35 35
pos/dict9849_stacksub.png 1 0 0 35 35
pos/dict9850_stacksub.png 1 0 0 35 35
pos/dict9851_stacksub.png 1 0 0 35 35
pos/dict9852_stacksub.png 1 0 0 35 35
pos/dict9853_stacksub.png 1 0 0 35 35
pos/dict9854_stacksub.png 1 0 0 35 35
pos/dict9855_stacksub.png 1 0 0 35 35
pos/dict9856_stacksub.png 1 0 0 35 35
pos/dict9857_stacksub.png 1 0 0 35 35
pos/dict9858_stacksub.png 1 0 0 35 35
pos/dict9859_stacksub.png 1 0 0 35 35
pos/dict9860_stacksub.png 1 0 0 35 35
pos/dict9861_stacksub.png 1 0 0 35 35
pos/dict9862_stacksub.png 1 0 0 35 35
pos/dict9863_stacksub.png 1 0 0 35 35
pos/dict9864_stacksub.png 1 0 0 35 35
pos/dict9865_stacksub.png 1 0 0 35 35
pos/dict9866_stacksub.png 1 0 0 35 35
pos/dict9867_stacksub.png 1 0 0 35 35
pos/dict9868_stacksub.png 1 0 0 35 35
pos/dict9869_stacksub.png 1 0 0 35 35
pos/dict9870_stacksub.png 1 0 0 35 35
pos/dict9871_stacksub.png 1 0 0 35 35
pos/dict9872_stacksub.png 1 0 0 35 35
pos/dict9873_stacksub.png 1 0 0 35 35
pos/dict9874_stacksub.png 1 0 0 35 35
pos/dict9875_stacksub.png 1 0 0 35 35
pos/dict9876_stacksub.png 1 0 0 35 35
pos/dict9877_stacksub.png 1 0 0 35 35
pos/dict9878_stacksub.png 1 0 0 35 35
pos/dict9879_stacksub.png 1 0 0 35 35
pos/dict9880_stacksub.png 1 0 0 35 35
pos/dict9881_stacksub.png 1 0 0 35 35
pos/dict9882_stacksub.png 1 0 0 35 35
pos/dict9883_stacksub.png 1 0 0 35 35
pos/dict9884_stacksub.png 1 0 0 35 35
pos/dict9885_stacksub.png 1 0 0 35 35
pos/dict9886_stacksub.png 1 0 0 35 35
pos/dict9887_stacksub.png 1 0 0 35 35
pos/dict9888_stacksub.png 1 0 0 35 35
pos/dict9889_stacksub.png 1 0 0 35 35
pos/dict9890_stacksub.png 1 0 0 35 35
pos/dict9891_stacksub.png 1 0 0 35 35
pos/dict9892_stacksub.png 1 0 0 35 35
pos/dict9893_stacksub.png 1 0 0 35 35
pos/dict9894_stacksub.png 1 0 0 35 35
pos/dict9895_stacksub.png 1 0 0 35 35
pos/dict9896_stacksub.png 1 0 0 35 35
pos/dict9897_stacksub.png 1 0 0 35 35
pos/dict9898_stacksub.png 1 0 0 35 35
pos/dict9899_stacksub.png 1 0 0 35 35
pos/dict9900_stacksub.png 1 0 0 35 35
pos/dict9901_stacksub.png 1 0 0 35 35
pos/dict9902_stacksub.png 1 0 0 35 35
pos/dict9903_stacksub.png 1 0 0 35 35
pos/dict9904_stacksub.png 1 0 0 35 35
pos/dict9905_stacksub.png 1 0 0 35 35
pos/dict9906_stacksub.png 1 0 0 35 35
pos/dict9907_stacksub.png 1 0 0 35 35
pos/dict9908_stacksub.png 1 0 0 35 35
pos/dict9909_stacksub.png 1 0 0 35 35
pos/dict9910_stacksub.png 1 0 0 35 35
pos/dict9911_stacksub.png 1 0 0 35 35
pos/dict9912_stacksub.png 1 0 0 35 35
pos/dict9913_stacksub.png 1 0 0 35 35
pos/dict9914_stacksub.png 1 0 0 35 35
pos/dict9915_stacksub.png 1 0 0 35 35
pos/dict9916_stacksub.png 1 0 0 35 35
pos/dict9917_stacksub.png 1 0 0 35 35
pos/dict9918_stacksub.png 1 0 0 35 35
pos/dict9919_stacksub.png 1 0 0 35 35
pos/dict9920_stacksub.png 1 0 0 35 35
pos/dict9921_stacksub.png 1 0 0 35 35
pos/dict9922_stacksub.png 1 0 0 35 35
pos/dict9923_stacksub.png 1 0 0 35 35
pos/dict9924_stacksub.png 1 0 0 35 35
pos/dict9925_stacksub.png 1 0 0 35 35
pos/dict9926_stacksub.png 1 0 0 35 35
pos/dict9927_stacksub.png 1 0 0 35 35
pos/dict9928_stacksub.png 1 0 0 35 35
pos/dict9929_stacksub.png 1 0 0 35 35
pos/dict9930_stacksub.png 1 0 0 35 35
pos/dict9931_stacksub.png 1 0 0 35 35
pos/dict9932_stacksub.png 1 0 0 35 35
pos/dict9933_stacksub.png 1 0 0 35 35
pos/dict9934_stacksub.png 1 0 0 35 35
pos/dict9935_stacksub.png 1 0 0 35 35
pos/dict9936_stacksub.png 1 0 0 35 35
pos/dict9937_stacksub.png 1 0 0 35 35
pos/dict9938_stacksub.png 1 0 0 35 35
pos/dict9939_stacksub.png 1 0 0 35 35
pos/dict9940_stacksub.png 1 0 0 35 35
pos/dict9941_stacksub.png 1 0 0 35 35
pos/dict9942_stacksub.png 1 0 0 35 35
pos/dict9943_stacksub.png 1 0 0 35 35
pos/dict9944_stacksub.png 1 0 0 35 35
pos/dict9945_stacksub.png 1 0 0 35 35
pos/dict9946_stacksub.png 1 0 0 35 35
pos/dict9947_stacksub.png 1 0 0 35 35
pos/dict9948_stacksub.png 1 0 0 35 35
pos/dict9949_stacksub.png 1 0 0 35 35
pos/dict9950_stacksub.png 1 0 0 35 35
pos/dict9951_stacksub.png 1 0 0 35 35
pos/dict9952_stacksub.png 1 0 0 35 35
pos/dict9953_stacksub.png 1 0 0 35 35
pos/dict9954_stacksub.png 1 0 0 35 35
pos/dict9955_stacksub.png 1 0 0 35 35
pos/dict9956_stacksub.png 1 0 0 35 35
pos/dict9957_stacksub.png 1 0 0 35 35
pos/dict9958_stacksub.png 1 0 0 35 35
pos/dict9959_stacksub.png 1 0 0 35 35
pos/dict9960_stacksub.png 1 0 0 35 35
pos/dict9961_stacksub.png 1 0 0 35 35
pos/dict9962_stacksub.png 1 0 0 35 35
pos/dict9963_stacksub.png 1 0 0 35 35
pos/dict9964_stacksub.png 1 0 0 35 35
pos/dict9965_stacksub.png 1 0 0 35 35
pos/dict9966_stacksub.png 1 0 0 35 35
pos/dict9967_stacksub.png 1 0 0 35 35
pos/dict9968_stacksub.png 1 0 0 35 35
pos/dict9969_stacksub.png 1 0 0 35 35
pos/dict9970_stacksub.png 1 0 0 35 35
pos/dict9971_stacksub.png 1 0 0 35 35
pos/dict9972_stacksub.png 1 0 0 35 35
pos/dict9973_stacksub.png 1 0 0 35 35
pos/dict9974_stacksub.png 1 0 0 35 35
pos/dict9975_stacksub.png 1 0 0 35 35
pos/dict9976_stacksub.png 1 0 0 35 35
pos/dict9977_stacksub.png 1 0 0 35 35
pos/dict9978_stacksub.png 1 0 0 35 35
pos/dict9979_stacksub.png 1 0 0 35 35
pos/dict9980_stacksub.png 1 0 0 35 35
pos/dict9981_stacksub.png 1 0 0 35 35
pos/dict9982_stacksub.png 1 0 0 35 35
pos/dict9983_stacksub.png 1 0 0 35 35
pos/dict9984_stacksub.png 1 0 0 35 35
pos/dict9985_stacksub.png 1 0 0 35 35
pos/dict9986_stacksub.png 1 0 0 35 35
pos/dict9987_stacksub.png 1 0 0 35 35
pos/dict9988_stacksub.png 1 0 0 35 35
pos/dict9989_stacksub.png 1 0 0 35 35
pos/dict9990_stacksub.png 1 0 0 35 35
pos/dict9991_stacksub.png 1 0 0 35 35
pos/dict9992_stacksub.png 1 0 0 35 35
pos/dict9993_stacksub.png 1 0 0 35 35
pos/dict9994_stacksub.png 1 0 0 35 35
pos/dict9995_stacksub.png 1 0 0 35 35
pos/dict9996_stacksub.png 1 0 0 35 35
pos/dict9997_stacksub.png 1 0 0 35 35
pos/dict9998_stacksub.png 1 0 0 35 35
pos/dict9999_stacksub.png 1 0 0 35 35
