pos/dict6000_stacksub.png 1 0 0 19 19
pos/dict6001_stacksub.png 1 0 0 19 19
pos/dict6002_stacksub.png 1 0 0 19 19
pos/dict6003_stacksub.png 1 0 0 19 19
pos/dict6004_stacksub.png 1 0 0 19 19
pos/dict6005_stacksub.png 1 0 0 19 19
pos/dict6006_stacksub.png 1 0 0 19 19
pos/dict6007_stacksub.png 1 0 0 19 19
pos/dict6008_stacksub.png 1 0 0 19 19
pos/dict6009_stacksub.png 1 0 0 19 19
pos/dict6010_stacksub.png 1 0 0 19 19
pos/dict6011_stacksub.png 1 0 0 19 19
pos/dict6012_stacksub.png 1 0 0 19 19
pos/dict6013_stacksub.png 1 0 0 19 19
pos/dict6014_stacksub.png 1 0 0 19 19
pos/dict6015_stacksub.png 1 0 0 19 19
pos/dict6016_stacksub.png 1 0 0 19 19
pos/dict6017_stacksub.png 1 0 0 19 19
pos/dict6018_stacksub.png 1 0 0 19 19
pos/dict6019_stacksub.png 1 0 0 19 19
pos/dict6020_stacksub.png 1 0 0 19 19
pos/dict6021_stacksub.png 1 0 0 19 19
pos/dict6022_stacksub.png 1 0 0 19 19
pos/dict6023_stacksub.png 1 0 0 19 19
pos/dict6024_stacksub.png 1 0 0 19 19
pos/dict6025_stacksub.png 1 0 0 19 19
pos/dict6026_stacksub.png 1 0 0 19 19
pos/dict6027_stacksub.png 1 0 0 19 19
pos/dict6028_stacksub.png 1 0 0 19 19
pos/dict6029_stacksub.png 1 0 0 19 19
pos/dict6030_stacksub.png 1 0 0 19 19
pos/dict6031_stacksub.png 1 0 0 19 19
pos/dict6032_stacksub.png 1 0 0 19 19
pos/dict6033_stacksub.png 1 0 0 19 19
pos/dict6034_stacksub.png 1 0 0 19 19
pos/dict6035_stacksub.png 1 0 0 19 19
pos/dict6036_stacksub.png 1 0 0 19 19
pos/dict6037_stacksub.png 1 0 0 19 19
pos/dict6038_stacksub.png 1 0 0 19 19
pos/dict6039_stacksub.png 1 0 0 19 19
pos/dict6040_stacksub.png 1 0 0 19 19
pos/dict6041_stacksub.png 1 0 0 19 19
pos/dict6042_stacksub.png 1 0 0 19 19
pos/dict6043_stacksub.png 1 0 0 19 19
pos/dict6044_stacksub.png 1 0 0 19 19
pos/dict6045_stacksub.png 1 0 0 19 19
pos/dict6046_stacksub.png 1 0 0 19 19
pos/dict6047_stacksub.png 1 0 0 19 19
pos/dict6048_stacksub.png 1 0 0 19 19
pos/dict6049_stacksub.png 1 0 0 19 19
pos/dict6050_stacksub.png 1 0 0 19 19
pos/dict6051_stacksub.png 1 0 0 19 19
pos/dict6052_stacksub.png 1 0 0 19 19
pos/dict6053_stacksub.png 1 0 0 19 19
pos/dict6054_stacksub.png 1 0 0 19 19
pos/dict6055_stacksub.png 1 0 0 19 19
pos/dict6056_stacksub.png 1 0 0 19 19
pos/dict6057_stacksub.png 1 0 0 19 19
pos/dict6058_stacksub.png 1 0 0 19 19
pos/dict6059_stacksub.png 1 0 0 19 19
pos/dict6060_stacksub.png 1 0 0 19 19
pos/dict6061_stacksub.png 1 0 0 19 19
pos/dict6062_stacksub.png 1 0 0 19 19
pos/dict6063_stacksub.png 1 0 0 19 19
pos/dict6064_stacksub.png 1 0 0 19 19
pos/dict6065_stacksub.png 1 0 0 19 19
pos/dict6066_stacksub.png 1 0 0 19 19
pos/dict6067_stacksub.png 1 0 0 19 19
pos/dict6068_stacksub.png 1 0 0 19 19
pos/dict6069_stacksub.png 1 0 0 19 19
pos/dict6070_stacksub.png 1 0 0 19 19
pos/dict6071_stacksub.png 1 0 0 19 19
pos/dict6072_stacksub.png 1 0 0 19 19
pos/dict6073_stacksub.png 1 0 0 19 19
pos/dict6074_stacksub.png 1 0 0 19 19
pos/dict6075_stacksub.png 1 0 0 19 19
pos/dict6076_stacksub.png 1 0 0 19 19
pos/dict6077_stacksub.png 1 0 0 19 19
pos/dict6078_stacksub.png 1 0 0 19 19
pos/dict6079_stacksub.png 1 0 0 19 19
pos/dict6080_stacksub.png 1 0 0 19 19
pos/dict6081_stacksub.png 1 0 0 19 19
pos/dict6082_stacksub.png 1 0 0 19 19
pos/dict6083_stacksub.png 1 0 0 19 19
pos/dict6084_stacksub.png 1 0 0 19 19
pos/dict6085_stacksub.png 1 0 0 19 19
pos/dict6086_stacksub.png 1 0 0 19 19
pos/dict6087_stacksub.png 1 0 0 19 19
pos/dict6088_stacksub.png 1 0 0 19 19
pos/dict6089_stacksub.png 1 0 0 19 19
pos/dict6090_stacksub.png 1 0 0 19 19
pos/dict6091_stacksub.png 1 0 0 19 19
pos/dict6092_stacksub.png 1 0 0 19 19
pos/dict6093_stacksub.png 1 0 0 19 19
pos/dict6094_stacksub.png 1 0 0 19 19
pos/dict6095_stacksub.png 1 0 0 19 19
pos/dict6096_stacksub.png 1 0 0 19 19
pos/dict6097_stacksub.png 1 0 0 19 19
pos/dict6098_stacksub.png 1 0 0 19 19
pos/dict6099_stacksub.png 1 0 0 19 19
pos/dict6100_stacksub.png 1 0 0 19 19
pos/dict6101_stacksub.png 1 0 0 19 19
pos/dict6102_stacksub.png 1 0 0 19 19
pos/dict6103_stacksub.png 1 0 0 19 19
pos/dict6104_stacksub.png 1 0 0 19 19
pos/dict6105_stacksub.png 1 0 0 19 19
pos/dict6106_stacksub.png 1 0 0 19 19
pos/dict6107_stacksub.png 1 0 0 19 19
pos/dict6108_stacksub.png 1 0 0 19 19
pos/dict6109_stacksub.png 1 0 0 19 19
pos/dict6110_stacksub.png 1 0 0 19 19
pos/dict6111_stacksub.png 1 0 0 19 19
pos/dict6112_stacksub.png 1 0 0 19 19
pos/dict6113_stacksub.png 1 0 0 19 19
pos/dict6114_stacksub.png 1 0 0 19 19
pos/dict6115_stacksub.png 1 0 0 19 19
pos/dict6116_stacksub.png 1 0 0 19 19
pos/dict6117_stacksub.png 1 0 0 19 19
pos/dict6118_stacksub.png 1 0 0 19 19
pos/dict6119_stacksub.png 1 0 0 19 19
pos/dict6120_stacksub.png 1 0 0 19 19
pos/dict6121_stacksub.png 1 0 0 19 19
pos/dict6122_stacksub.png 1 0 0 19 19
pos/dict6123_stacksub.png 1 0 0 19 19
pos/dict6124_stacksub.png 1 0 0 19 19
pos/dict6125_stacksub.png 1 0 0 19 19
pos/dict6126_stacksub.png 1 0 0 19 19
pos/dict6127_stacksub.png 1 0 0 19 19
pos/dict6128_stacksub.png 1 0 0 19 19
pos/dict6129_stacksub.png 1 0 0 19 19
pos/dict6130_stacksub.png 1 0 0 19 19
pos/dict6131_stacksub.png 1 0 0 19 19
pos/dict6132_stacksub.png 1 0 0 19 19
pos/dict6133_stacksub.png 1 0 0 19 19
pos/dict6134_stacksub.png 1 0 0 19 19
pos/dict6135_stacksub.png 1 0 0 19 19
pos/dict6136_stacksub.png 1 0 0 19 19
pos/dict6137_stacksub.png 1 0 0 19 19
pos/dict6138_stacksub.png 1 0 0 19 19
pos/dict6139_stacksub.png 1 0 0 19 19
pos/dict6140_stacksub.png 1 0 0 19 19
pos/dict6141_stacksub.png 1 0 0 19 19
pos/dict6142_stacksub.png 1 0 0 19 19
pos/dict6143_stacksub.png 1 0 0 19 19
pos/dict6144_stacksub.png 1 0 0 19 19
pos/dict6145_stacksub.png 1 0 0 19 19
pos/dict6146_stacksub.png 1 0 0 19 19
pos/dict6147_stacksub.png 1 0 0 19 19
pos/dict6148_stacksub.png 1 0 0 19 19
pos/dict6149_stacksub.png 1 0 0 19 19
pos/dict6150_stacksub.png 1 0 0 19 19
pos/dict6151_stacksub.png 1 0 0 19 19
pos/dict6152_stacksub.png 1 0 0 19 19
pos/dict6153_stacksub.png 1 0 0 19 19
pos/dict6154_stacksub.png 1 0 0 19 19
pos/dict6155_stacksub.png 1 0 0 19 19
pos/dict6156_stacksub.png 1 0 0 19 19
pos/dict6157_stacksub.png 1 0 0 19 19
pos/dict6158_stacksub.png 1 0 0 19 19
pos/dict6159_stacksub.png 1 0 0 19 19
pos/dict6160_stacksub.png 1 0 0 19 19
pos/dict6161_stacksub.png 1 0 0 19 19
pos/dict6162_stacksub.png 1 0 0 19 19
pos/dict6163_stacksub.png 1 0 0 19 19
pos/dict6164_stacksub.png 1 0 0 19 19
pos/dict6165_stacksub.png 1 0 0 19 19
pos/dict6166_stacksub.png 1 0 0 19 19
pos/dict6167_stacksub.png 1 0 0 19 19
pos/dict6168_stacksub.png 1 0 0 19 19
pos/dict6169_stacksub.png 1 0 0 19 19
pos/dict6170_stacksub.png 1 0 0 19 19
pos/dict6171_stacksub.png 1 0 0 19 19
pos/dict6172_stacksub.png 1 0 0 19 19
pos/dict6173_stacksub.png 1 0 0 19 19
pos/dict6174_stacksub.png 1 0 0 19 19
pos/dict6175_stacksub.png 1 0 0 19 19
pos/dict6176_stacksub.png 1 0 0 19 19
pos/dict6177_stacksub.png 1 0 0 19 19
pos/dict6178_stacksub.png 1 0 0 19 19
pos/dict6179_stacksub.png 1 0 0 19 19
pos/dict6180_stacksub.png 1 0 0 19 19
pos/dict6181_stacksub.png 1 0 0 19 19
pos/dict6182_stacksub.png 1 0 0 19 19
pos/dict6183_stacksub.png 1 0 0 19 19
pos/dict6184_stacksub.png 1 0 0 19 19
pos/dict6185_stacksub.png 1 0 0 19 19
pos/dict6186_stacksub.png 1 0 0 19 19
pos/dict6187_stacksub.png 1 0 0 19 19
pos/dict6188_stacksub.png 1 0 0 19 19
pos/dict6189_stacksub.png 1 0 0 19 19
pos/dict6190_stacksub.png 1 0 0 19 19
pos/dict6191_stacksub.png 1 0 0 19 19
pos/dict6192_stacksub.png 1 0 0 19 19
pos/dict6193_stacksub.png 1 0 0 19 19
pos/dict6194_stacksub.png 1 0 0 19 19
pos/dict6195_stacksub.png 1 0 0 19 19
pos/dict6196_stacksub.png 1 0 0 19 19
pos/dict6197_stacksub.png 1 0 0 19 19
pos/dict6198_stacksub.png 1 0 0 19 19
pos/dict6199_stacksub.png 1 0 0 19 19
pos/dict6200_stacksub.png 1 0 0 19 19
pos/dict6201_stacksub.png 1 0 0 19 19
pos/dict6202_stacksub.png 1 0 0 19 19
pos/dict6203_stacksub.png 1 0 0 19 19
pos/dict6204_stacksub.png 1 0 0 19 19
pos/dict6205_stacksub.png 1 0 0 19 19
pos/dict6206_stacksub.png 1 0 0 19 19
pos/dict6207_stacksub.png 1 0 0 19 19
pos/dict6208_stacksub.png 1 0 0 19 19
pos/dict6209_stacksub.png 1 0 0 19 19
pos/dict6210_stacksub.png 1 0 0 19 19
pos/dict6211_stacksub.png 1 0 0 19 19
pos/dict6212_stacksub.png 1 0 0 19 19
pos/dict6213_stacksub.png 1 0 0 19 19
pos/dict6214_stacksub.png 1 0 0 19 19
pos/dict6215_stacksub.png 1 0 0 19 19
pos/dict6216_stacksub.png 1 0 0 19 19
pos/dict6217_stacksub.png 1 0 0 19 19
pos/dict6218_stacksub.png 1 0 0 19 19
pos/dict6219_stacksub.png 1 0 0 19 19
pos/dict6220_stacksub.png 1 0 0 19 19
pos/dict6221_stacksub.png 1 0 0 19 19
pos/dict6222_stacksub.png 1 0 0 19 19
pos/dict6223_stacksub.png 1 0 0 19 19
pos/dict6224_stacksub.png 1 0 0 19 19
pos/dict6225_stacksub.png 1 0 0 19 19
pos/dict6226_stacksub.png 1 0 0 19 19
pos/dict6227_stacksub.png 1 0 0 19 19
pos/dict6228_stacksub.png 1 0 0 19 19
pos/dict6229_stacksub.png 1 0 0 19 19
pos/dict6230_stacksub.png 1 0 0 19 19
pos/dict6231_stacksub.png 1 0 0 19 19
pos/dict6232_stacksub.png 1 0 0 19 19
pos/dict6233_stacksub.png 1 0 0 19 19
pos/dict6234_stacksub.png 1 0 0 19 19
pos/dict6235_stacksub.png 1 0 0 19 19
pos/dict6236_stacksub.png 1 0 0 19 19
pos/dict6237_stacksub.png 1 0 0 19 19
pos/dict6238_stacksub.png 1 0 0 19 19
pos/dict6239_stacksub.png 1 0 0 19 19
pos/dict6240_stacksub.png 1 0 0 19 19
pos/dict6241_stacksub.png 1 0 0 19 19
pos/dict6242_stacksub.png 1 0 0 19 19
pos/dict6243_stacksub.png 1 0 0 19 19
pos/dict6244_stacksub.png 1 0 0 19 19
pos/dict6245_stacksub.png 1 0 0 19 19
pos/dict6246_stacksub.png 1 0 0 19 19
pos/dict6247_stacksub.png 1 0 0 19 19
pos/dict6248_stacksub.png 1 0 0 19 19
pos/dict6249_stacksub.png 1 0 0 19 19
pos/dict6250_stacksub.png 1 0 0 19 19
pos/dict6251_stacksub.png 1 0 0 19 19
pos/dict6252_stacksub.png 1 0 0 19 19
pos/dict6253_stacksub.png 1 0 0 19 19
pos/dict6254_stacksub.png 1 0 0 19 19
pos/dict6255_stacksub.png 1 0 0 19 19
pos/dict6256_stacksub.png 1 0 0 19 19
pos/dict6257_stacksub.png 1 0 0 19 19
pos/dict6258_stacksub.png 1 0 0 19 19
pos/dict6259_stacksub.png 1 0 0 19 19
pos/dict6260_stacksub.png 1 0 0 19 19
pos/dict6261_stacksub.png 1 0 0 19 19
pos/dict6262_stacksub.png 1 0 0 19 19
pos/dict6263_stacksub.png 1 0 0 19 19
pos/dict6264_stacksub.png 1 0 0 19 19
pos/dict6265_stacksub.png 1 0 0 19 19
pos/dict6266_stacksub.png 1 0 0 19 19
pos/dict6267_stacksub.png 1 0 0 19 19
pos/dict6268_stacksub.png 1 0 0 19 19
pos/dict6269_stacksub.png 1 0 0 19 19
pos/dict6270_stacksub.png 1 0 0 19 19
pos/dict6271_stacksub.png 1 0 0 19 19
pos/dict6272_stacksub.png 1 0 0 19 19
pos/dict6273_stacksub.png 1 0 0 19 19
pos/dict6274_stacksub.png 1 0 0 19 19
pos/dict6275_stacksub.png 1 0 0 19 19
pos/dict6276_stacksub.png 1 0 0 19 19
pos/dict6277_stacksub.png 1 0 0 19 19
pos/dict6278_stacksub.png 1 0 0 19 19
pos/dict6279_stacksub.png 1 0 0 19 19
pos/dict6280_stacksub.png 1 0 0 19 19
pos/dict6281_stacksub.png 1 0 0 19 19
pos/dict6282_stacksub.png 1 0 0 19 19
pos/dict6283_stacksub.png 1 0 0 19 19
pos/dict6284_stacksub.png 1 0 0 19 19
pos/dict6285_stacksub.png 1 0 0 19 19
pos/dict6286_stacksub.png 1 0 0 19 19
pos/dict6287_stacksub.png 1 0 0 19 19
pos/dict6288_stacksub.png 1 0 0 19 19
pos/dict6289_stacksub.png 1 0 0 19 19
pos/dict6290_stacksub.png 1 0 0 19 19
pos/dict6291_stacksub.png 1 0 0 19 19
pos/dict6292_stacksub.png 1 0 0 19 19
pos/dict6293_stacksub.png 1 0 0 19 19
pos/dict6294_stacksub.png 1 0 0 19 19
pos/dict6295_stacksub.png 1 0 0 19 19
pos/dict6296_stacksub.png 1 0 0 19 19
pos/dict6297_stacksub.png 1 0 0 19 19
pos/dict6298_stacksub.png 1 0 0 19 19
pos/dict6299_stacksub.png 1 0 0 19 19
pos/dict6300_stacksub.png 1 0 0 19 19
pos/dict6301_stacksub.png 1 0 0 19 19
pos/dict6302_stacksub.png 1 0 0 19 19
pos/dict6303_stacksub.png 1 0 0 19 19
pos/dict6304_stacksub.png 1 0 0 19 19
pos/dict6305_stacksub.png 1 0 0 19 19
pos/dict6306_stacksub.png 1 0 0 19 19
pos/dict6307_stacksub.png 1 0 0 19 19
pos/dict6308_stacksub.png 1 0 0 19 19
pos/dict6309_stacksub.png 1 0 0 19 19
pos/dict6310_stacksub.png 1 0 0 19 19
pos/dict6311_stacksub.png 1 0 0 19 19
pos/dict6312_stacksub.png 1 0 0 19 19
pos/dict6313_stacksub.png 1 0 0 19 19
pos/dict6314_stacksub.png 1 0 0 19 19
pos/dict6315_stacksub.png 1 0 0 19 19
pos/dict6316_stacksub.png 1 0 0 19 19
pos/dict6317_stacksub.png 1 0 0 19 19
pos/dict6318_stacksub.png 1 0 0 19 19
pos/dict6319_stacksub.png 1 0 0 19 19
pos/dict6320_stacksub.png 1 0 0 19 19
pos/dict6321_stacksub.png 1 0 0 19 19
pos/dict6322_stacksub.png 1 0 0 19 19
pos/dict6323_stacksub.png 1 0 0 19 19
pos/dict6324_stacksub.png 1 0 0 19 19
pos/dict6325_stacksub.png 1 0 0 19 19
pos/dict6326_stacksub.png 1 0 0 19 19
pos/dict6327_stacksub.png 1 0 0 19 19
pos/dict6328_stacksub.png 1 0 0 19 19
pos/dict6329_stacksub.png 1 0 0 19 19
pos/dict6330_stacksub.png 1 0 0 19 19
pos/dict6331_stacksub.png 1 0 0 19 19
pos/dict6332_stacksub.png 1 0 0 19 19
pos/dict6333_stacksub.png 1 0 0 19 19
pos/dict6334_stacksub.png 1 0 0 19 19
pos/dict6335_stacksub.png 1 0 0 19 19
pos/dict6336_stacksub.png 1 0 0 19 19
pos/dict6337_stacksub.png 1 0 0 19 19
pos/dict6338_stacksub.png 1 0 0 19 19
pos/dict6339_stacksub.png 1 0 0 19 19
pos/dict6340_stacksub.png 1 0 0 19 19
pos/dict6341_stacksub.png 1 0 0 19 19
pos/dict6342_stacksub.png 1 0 0 19 19
pos/dict6343_stacksub.png 1 0 0 19 19
pos/dict6344_stacksub.png 1 0 0 19 19
pos/dict6345_stacksub.png 1 0 0 19 19
pos/dict6346_stacksub.png 1 0 0 19 19
pos/dict6347_stacksub.png 1 0 0 19 19
pos/dict6348_stacksub.png 1 0 0 19 19
pos/dict6349_stacksub.png 1 0 0 19 19
pos/dict6350_stacksub.png 1 0 0 19 19
pos/dict6351_stacksub.png 1 0 0 19 19
pos/dict6352_stacksub.png 1 0 0 19 19
pos/dict6353_stacksub.png 1 0 0 19 19
pos/dict6354_stacksub.png 1 0 0 19 19
pos/dict6355_stacksub.png 1 0 0 19 19
pos/dict6356_stacksub.png 1 0 0 19 19
pos/dict6357_stacksub.png 1 0 0 19 19
pos/dict6358_stacksub.png 1 0 0 19 19
pos/dict6359_stacksub.png 1 0 0 19 19
pos/dict6360_stacksub.png 1 0 0 19 19
pos/dict6361_stacksub.png 1 0 0 19 19
pos/dict6362_stacksub.png 1 0 0 19 19
pos/dict6363_stacksub.png 1 0 0 19 19
pos/dict6364_stacksub.png 1 0 0 19 19
pos/dict6365_stacksub.png 1 0 0 19 19
pos/dict6366_stacksub.png 1 0 0 19 19
pos/dict6367_stacksub.png 1 0 0 19 19
pos/dict6368_stacksub.png 1 0 0 19 19
pos/dict6369_stacksub.png 1 0 0 19 19
pos/dict6370_stacksub.png 1 0 0 19 19
pos/dict6371_stacksub.png 1 0 0 19 19
pos/dict6372_stacksub.png 1 0 0 19 19
pos/dict6373_stacksub.png 1 0 0 19 19
pos/dict6374_stacksub.png 1 0 0 19 19
pos/dict6375_stacksub.png 1 0 0 19 19
pos/dict6376_stacksub.png 1 0 0 19 19
pos/dict6377_stacksub.png 1 0 0 19 19
pos/dict6378_stacksub.png 1 0 0 19 19
pos/dict6379_stacksub.png 1 0 0 19 19
pos/dict6380_stacksub.png 1 0 0 19 19
pos/dict6381_stacksub.png 1 0 0 19 19
pos/dict6382_stacksub.png 1 0 0 19 19
pos/dict6383_stacksub.png 1 0 0 19 19
pos/dict6384_stacksub.png 1 0 0 19 19
pos/dict6385_stacksub.png 1 0 0 19 19
pos/dict6386_stacksub.png 1 0 0 19 19
pos/dict6387_stacksub.png 1 0 0 19 19
pos/dict6388_stacksub.png 1 0 0 19 19
pos/dict6389_stacksub.png 1 0 0 19 19
pos/dict6390_stacksub.png 1 0 0 19 19
pos/dict6391_stacksub.png 1 0 0 19 19
pos/dict6392_stacksub.png 1 0 0 19 19
pos/dict6393_stacksub.png 1 0 0 19 19
pos/dict6394_stacksub.png 1 0 0 19 19
pos/dict6395_stacksub.png 1 0 0 19 19
pos/dict6396_stacksub.png 1 0 0 19 19
pos/dict6397_stacksub.png 1 0 0 19 19
pos/dict6398_stacksub.png 1 0 0 19 19
pos/dict6399_stacksub.png 1 0 0 19 19
pos/dict6400_stacksub.png 1 0 0 19 19
pos/dict6401_stacksub.png 1 0 0 19 19
pos/dict6402_stacksub.png 1 0 0 19 19
pos/dict6403_stacksub.png 1 0 0 19 19
pos/dict6404_stacksub.png 1 0 0 19 19
pos/dict6405_stacksub.png 1 0 0 19 19
pos/dict6406_stacksub.png 1 0 0 19 19
pos/dict6407_stacksub.png 1 0 0 19 19
pos/dict6408_stacksub.png 1 0 0 19 19
pos/dict6409_stacksub.png 1 0 0 19 19
pos/dict6410_stacksub.png 1 0 0 19 19
pos/dict6411_stacksub.png 1 0 0 19 19
pos/dict6412_stacksub.png 1 0 0 19 19
pos/dict6413_stacksub.png 1 0 0 19 19
pos/dict6414_stacksub.png 1 0 0 19 19
pos/dict6415_stacksub.png 1 0 0 19 19
pos/dict6416_stacksub.png 1 0 0 19 19
pos/dict6417_stacksub.png 1 0 0 19 19
pos/dict6418_stacksub.png 1 0 0 19 19
pos/dict6419_stacksub.png 1 0 0 19 19
pos/dict6420_stacksub.png 1 0 0 19 19
pos/dict6421_stacksub.png 1 0 0 19 19
pos/dict6422_stacksub.png 1 0 0 19 19
pos/dict6423_stacksub.png 1 0 0 19 19
pos/dict6424_stacksub.png 1 0 0 19 19
pos/dict6425_stacksub.png 1 0 0 19 19
pos/dict6426_stacksub.png 1 0 0 19 19
pos/dict6427_stacksub.png 1 0 0 19 19
pos/dict6428_stacksub.png 1 0 0 19 19
pos/dict6429_stacksub.png 1 0 0 19 19
pos/dict6430_stacksub.png 1 0 0 19 19
pos/dict6431_stacksub.png 1 0 0 19 19
pos/dict6432_stacksub.png 1 0 0 19 19
pos/dict6433_stacksub.png 1 0 0 19 19
pos/dict6434_stacksub.png 1 0 0 19 19
pos/dict6435_stacksub.png 1 0 0 19 19
pos/dict6436_stacksub.png 1 0 0 19 19
pos/dict6437_stacksub.png 1 0 0 19 19
pos/dict6438_stacksub.png 1 0 0 19 19
pos/dict6439_stacksub.png 1 0 0 19 19
pos/dict6440_stacksub.png 1 0 0 19 19
pos/dict6441_stacksub.png 1 0 0 19 19
pos/dict6442_stacksub.png 1 0 0 19 19
pos/dict6443_stacksub.png 1 0 0 19 19
pos/dict6444_stacksub.png 1 0 0 19 19
pos/dict6445_stacksub.png 1 0 0 19 19
pos/dict6446_stacksub.png 1 0 0 19 19
pos/dict6447_stacksub.png 1 0 0 19 19
pos/dict6448_stacksub.png 1 0 0 19 19
pos/dict6449_stacksub.png 1 0 0 19 19
pos/dict6450_stacksub.png 1 0 0 19 19
pos/dict6451_stacksub.png 1 0 0 19 19
pos/dict6452_stacksub.png 1 0 0 19 19
pos/dict6453_stacksub.png 1 0 0 19 19
pos/dict6454_stacksub.png 1 0 0 19 19
pos/dict6455_stacksub.png 1 0 0 19 19
pos/dict6456_stacksub.png 1 0 0 19 19
pos/dict6457_stacksub.png 1 0 0 19 19
pos/dict6458_stacksub.png 1 0 0 19 19
pos/dict6459_stacksub.png 1 0 0 19 19
pos/dict6460_stacksub.png 1 0 0 19 19
pos/dict6461_stacksub.png 1 0 0 19 19
pos/dict6462_stacksub.png 1 0 0 19 19
pos/dict6463_stacksub.png 1 0 0 19 19
pos/dict6464_stacksub.png 1 0 0 19 19
pos/dict6465_stacksub.png 1 0 0 19 19
pos/dict6466_stacksub.png 1 0 0 19 19
pos/dict6467_stacksub.png 1 0 0 19 19
pos/dict6468_stacksub.png 1 0 0 19 19
pos/dict6469_stacksub.png 1 0 0 19 19
pos/dict6470_stacksub.png 1 0 0 19 19
pos/dict6471_stacksub.png 1 0 0 19 19
pos/dict6472_stacksub.png 1 0 0 19 19
pos/dict6473_stacksub.png 1 0 0 19 19
pos/dict6474_stacksub.png 1 0 0 19 19
pos/dict6475_stacksub.png 1 0 0 19 19
pos/dict6476_stacksub.png 1 0 0 19 19
pos/dict6477_stacksub.png 1 0 0 19 19
pos/dict6478_stacksub.png 1 0 0 19 19
pos/dict6479_stacksub.png 1 0 0 19 19
pos/dict6480_stacksub.png 1 0 0 19 19
pos/dict6481_stacksub.png 1 0 0 19 19
pos/dict6482_stacksub.png 1 0 0 19 19
pos/dict6483_stacksub.png 1 0 0 19 19
pos/dict6484_stacksub.png 1 0 0 19 19
pos/dict6485_stacksub.png 1 0 0 19 19
pos/dict6486_stacksub.png 1 0 0 19 19
pos/dict6487_stacksub.png 1 0 0 19 19
pos/dict6488_stacksub.png 1 0 0 19 19
pos/dict6489_stacksub.png 1 0 0 19 19
pos/dict6490_stacksub.png 1 0 0 19 19
pos/dict6491_stacksub.png 1 0 0 19 19
pos/dict6492_stacksub.png 1 0 0 19 19
pos/dict6493_stacksub.png 1 0 0 19 19
pos/dict6494_stacksub.png 1 0 0 19 19
pos/dict6495_stacksub.png 1 0 0 19 19
pos/dict6496_stacksub.png 1 0 0 19 19
pos/dict6497_stacksub.png 1 0 0 19 19
pos/dict6498_stacksub.png 1 0 0 19 19
pos/dict6499_stacksub.png 1 0 0 19 19
pos/dict6500_stacksub.png 1 0 0 19 19
pos/dict6501_stacksub.png 1 0 0 19 19
pos/dict6502_stacksub.png 1 0 0 19 19
pos/dict6503_stacksub.png 1 0 0 19 19
pos/dict6504_stacksub.png 1 0 0 19 19
pos/dict6505_stacksub.png 1 0 0 19 19
pos/dict6506_stacksub.png 1 0 0 19 19
pos/dict6507_stacksub.png 1 0 0 19 19
pos/dict6508_stacksub.png 1 0 0 19 19
pos/dict6509_stacksub.png 1 0 0 19 19
pos/dict6510_stacksub.png 1 0 0 19 19
pos/dict6511_stacksub.png 1 0 0 19 19
pos/dict6512_stacksub.png 1 0 0 19 19
pos/dict6513_stacksub.png 1 0 0 19 19
pos/dict6514_stacksub.png 1 0 0 19 19
pos/dict6515_stacksub.png 1 0 0 19 19
pos/dict6516_stacksub.png 1 0 0 19 19
pos/dict6517_stacksub.png 1 0 0 19 19
pos/dict6518_stacksub.png 1 0 0 19 19
pos/dict6519_stacksub.png 1 0 0 19 19
pos/dict6520_stacksub.png 1 0 0 19 19
pos/dict6521_stacksub.png 1 0 0 19 19
pos/dict6522_stacksub.png 1 0 0 19 19
pos/dict6523_stacksub.png 1 0 0 19 19
pos/dict6524_stacksub.png 1 0 0 19 19
pos/dict6525_stacksub.png 1 0 0 19 19
pos/dict6526_stacksub.png 1 0 0 19 19
pos/dict6527_stacksub.png 1 0 0 19 19
pos/dict6528_stacksub.png 1 0 0 19 19
pos/dict6529_stacksub.png 1 0 0 19 19
pos/dict6530_stacksub.png 1 0 0 19 19
pos/dict6531_stacksub.png 1 0 0 19 19
pos/dict6532_stacksub.png 1 0 0 19 19
pos/dict6533_stacksub.png 1 0 0 19 19
pos/dict6534_stacksub.png 1 0 0 19 19
pos/dict6535_stacksub.png 1 0 0 19 19
pos/dict6536_stacksub.png 1 0 0 19 19
pos/dict6537_stacksub.png 1 0 0 19 19
pos/dict6538_stacksub.png 1 0 0 19 19
pos/dict6539_stacksub.png 1 0 0 19 19
pos/dict6540_stacksub.png 1 0 0 19 19
pos/dict6541_stacksub.png 1 0 0 19 19
pos/dict6542_stacksub.png 1 0 0 19 19
pos/dict6543_stacksub.png 1 0 0 19 19
pos/dict6544_stacksub.png 1 0 0 19 19
pos/dict6545_stacksub.png 1 0 0 19 19
pos/dict6546_stacksub.png 1 0 0 19 19
pos/dict6547_stacksub.png 1 0 0 19 19
pos/dict6548_stacksub.png 1 0 0 19 19
pos/dict6549_stacksub.png 1 0 0 19 19
pos/dict6550_stacksub.png 1 0 0 19 19
pos/dict6551_stacksub.png 1 0 0 19 19
pos/dict6552_stacksub.png 1 0 0 19 19
pos/dict6553_stacksub.png 1 0 0 19 19
pos/dict6554_stacksub.png 1 0 0 19 19
pos/dict6555_stacksub.png 1 0 0 19 19
pos/dict6556_stacksub.png 1 0 0 19 19
pos/dict6557_stacksub.png 1 0 0 19 19
pos/dict6558_stacksub.png 1 0 0 19 19
pos/dict6559_stacksub.png 1 0 0 19 19
pos/dict6560_stacksub.png 1 0 0 19 19
pos/dict6561_stacksub.png 1 0 0 19 19
pos/dict6562_stacksub.png 1 0 0 19 19
pos/dict6563_stacksub.png 1 0 0 19 19
pos/dict6564_stacksub.png 1 0 0 19 19
pos/dict6565_stacksub.png 1 0 0 19 19
pos/dict6566_stacksub.png 1 0 0 19 19
pos/dict6567_stacksub.png 1 0 0 19 19
pos/dict6568_stacksub.png 1 0 0 19 19
pos/dict6569_stacksub.png 1 0 0 19 19
pos/dict6570_stacksub.png 1 0 0 19 19
pos/dict6571_stacksub.png 1 0 0 19 19
pos/dict6572_stacksub.png 1 0 0 19 19
pos/dict6573_stacksub.png 1 0 0 19 19
pos/dict6574_stacksub.png 1 0 0 19 19
pos/dict6575_stacksub.png 1 0 0 19 19
pos/dict6576_stacksub.png 1 0 0 19 19
pos/dict6577_stacksub.png 1 0 0 19 19
pos/dict6578_stacksub.png 1 0 0 19 19
pos/dict6579_stacksub.png 1 0 0 19 19
pos/dict6580_stacksub.png 1 0 0 19 19
pos/dict6581_stacksub.png 1 0 0 19 19
pos/dict6582_stacksub.png 1 0 0 19 19
pos/dict6583_stacksub.png 1 0 0 19 19
pos/dict6584_stacksub.png 1 0 0 19 19
pos/dict6585_stacksub.png 1 0 0 19 19
pos/dict6586_stacksub.png 1 0 0 19 19
pos/dict6587_stacksub.png 1 0 0 19 19
pos/dict6588_stacksub.png 1 0 0 19 19
pos/dict6589_stacksub.png 1 0 0 19 19
pos/dict6590_stacksub.png 1 0 0 19 19
pos/dict6591_stacksub.png 1 0 0 19 19
pos/dict6592_stacksub.png 1 0 0 19 19
pos/dict6593_stacksub.png 1 0 0 19 19
pos/dict6594_stacksub.png 1 0 0 19 19
pos/dict6595_stacksub.png 1 0 0 19 19
pos/dict6596_stacksub.png 1 0 0 19 19
pos/dict6597_stacksub.png 1 0 0 19 19
pos/dict6598_stacksub.png 1 0 0 19 19
pos/dict6599_stacksub.png 1 0 0 19 19
pos/dict6600_stacksub.png 1 0 0 19 19
pos/dict6601_stacksub.png 1 0 0 19 19
pos/dict6602_stacksub.png 1 0 0 19 19
pos/dict6603_stacksub.png 1 0 0 19 19
pos/dict6604_stacksub.png 1 0 0 19 19
pos/dict6605_stacksub.png 1 0 0 19 19
pos/dict6606_stacksub.png 1 0 0 19 19
pos/dict6607_stacksub.png 1 0 0 19 19
pos/dict6608_stacksub.png 1 0 0 19 19
pos/dict6609_stacksub.png 1 0 0 19 19
pos/dict6610_stacksub.png 1 0 0 19 19
pos/dict6611_stacksub.png 1 0 0 19 19
pos/dict6612_stacksub.png 1 0 0 19 19
pos/dict6613_stacksub.png 1 0 0 19 19
pos/dict6614_stacksub.png 1 0 0 19 19
pos/dict6615_stacksub.png 1 0 0 19 19
pos/dict6616_stacksub.png 1 0 0 19 19
pos/dict6617_stacksub.png 1 0 0 19 19
pos/dict6618_stacksub.png 1 0 0 19 19
pos/dict6619_stacksub.png 1 0 0 19 19
pos/dict6620_stacksub.png 1 0 0 19 19
pos/dict6621_stacksub.png 1 0 0 19 19
pos/dict6622_stacksub.png 1 0 0 19 19
pos/dict6623_stacksub.png 1 0 0 19 19
pos/dict6624_stacksub.png 1 0 0 19 19
pos/dict6625_stacksub.png 1 0 0 19 19
pos/dict6626_stacksub.png 1 0 0 19 19
pos/dict6627_stacksub.png 1 0 0 19 19
pos/dict6628_stacksub.png 1 0 0 19 19
pos/dict6629_stacksub.png 1 0 0 19 19
pos/dict6630_stacksub.png 1 0 0 19 19
pos/dict6631_stacksub.png 1 0 0 19 19
pos/dict6632_stacksub.png 1 0 0 19 19
pos/dict6633_stacksub.png 1 0 0 19 19
pos/dict6634_stacksub.png 1 0 0 19 19
pos/dict6635_stacksub.png 1 0 0 19 19
pos/dict6636_stacksub.png 1 0 0 19 19
pos/dict6637_stacksub.png 1 0 0 19 19
pos/dict6638_stacksub.png 1 0 0 19 19
pos/dict6639_stacksub.png 1 0 0 19 19
pos/dict6640_stacksub.png 1 0 0 19 19
pos/dict6641_stacksub.png 1 0 0 19 19
pos/dict6642_stacksub.png 1 0 0 19 19
pos/dict6643_stacksub.png 1 0 0 19 19
pos/dict6644_stacksub.png 1 0 0 19 19
pos/dict6645_stacksub.png 1 0 0 19 19
pos/dict6646_stacksub.png 1 0 0 19 19
pos/dict6647_stacksub.png 1 0 0 19 19
pos/dict6648_stacksub.png 1 0 0 19 19
pos/dict6649_stacksub.png 1 0 0 19 19
pos/dict6650_stacksub.png 1 0 0 19 19
pos/dict6651_stacksub.png 1 0 0 19 19
pos/dict6652_stacksub.png 1 0 0 19 19
pos/dict6653_stacksub.png 1 0 0 19 19
pos/dict6654_stacksub.png 1 0 0 19 19
pos/dict6655_stacksub.png 1 0 0 19 19
pos/dict6656_stacksub.png 1 0 0 19 19
pos/dict6657_stacksub.png 1 0 0 19 19
pos/dict6658_stacksub.png 1 0 0 19 19
pos/dict6659_stacksub.png 1 0 0 19 19
pos/dict6660_stacksub.png 1 0 0 19 19
pos/dict6661_stacksub.png 1 0 0 19 19
pos/dict6662_stacksub.png 1 0 0 19 19
pos/dict6663_stacksub.png 1 0 0 19 19
pos/dict6664_stacksub.png 1 0 0 19 19
pos/dict6665_stacksub.png 1 0 0 19 19
pos/dict6666_stacksub.png 1 0 0 19 19
pos/dict6667_stacksub.png 1 0 0 19 19
pos/dict6668_stacksub.png 1 0 0 19 19
pos/dict6669_stacksub.png 1 0 0 19 19
pos/dict6670_stacksub.png 1 0 0 19 19
pos/dict6671_stacksub.png 1 0 0 19 19
pos/dict6672_stacksub.png 1 0 0 19 19
pos/dict6673_stacksub.png 1 0 0 19 19
pos/dict6674_stacksub.png 1 0 0 19 19
pos/dict6675_stacksub.png 1 0 0 19 19
pos/dict6676_stacksub.png 1 0 0 19 19
pos/dict6677_stacksub.png 1 0 0 19 19
pos/dict6678_stacksub.png 1 0 0 19 19
pos/dict6679_stacksub.png 1 0 0 19 19
pos/dict6680_stacksub.png 1 0 0 19 19
pos/dict6681_stacksub.png 1 0 0 19 19
pos/dict6682_stacksub.png 1 0 0 19 19
pos/dict6683_stacksub.png 1 0 0 19 19
pos/dict6684_stacksub.png 1 0 0 19 19
pos/dict6685_stacksub.png 1 0 0 19 19
pos/dict6686_stacksub.png 1 0 0 19 19
pos/dict6687_stacksub.png 1 0 0 19 19
pos/dict6688_stacksub.png 1 0 0 19 19
pos/dict6689_stacksub.png 1 0 0 19 19
pos/dict6690_stacksub.png 1 0 0 19 19
pos/dict6691_stacksub.png 1 0 0 19 19
pos/dict6692_stacksub.png 1 0 0 19 19
pos/dict6693_stacksub.png 1 0 0 19 19
pos/dict6694_stacksub.png 1 0 0 19 19
pos/dict6695_stacksub.png 1 0 0 19 19
pos/dict6696_stacksub.png 1 0 0 19 19
pos/dict6697_stacksub.png 1 0 0 19 19
pos/dict6698_stacksub.png 1 0 0 19 19
pos/dict6699_stacksub.png 1 0 0 19 19
pos/dict6700_stacksub.png 1 0 0 19 19
pos/dict6701_stacksub.png 1 0 0 19 19
pos/dict6702_stacksub.png 1 0 0 19 19
pos/dict6703_stacksub.png 1 0 0 19 19
pos/dict6704_stacksub.png 1 0 0 19 19
pos/dict6705_stacksub.png 1 0 0 19 19
pos/dict6706_stacksub.png 1 0 0 19 19
pos/dict6707_stacksub.png 1 0 0 19 19
pos/dict6708_stacksub.png 1 0 0 19 19
pos/dict6709_stacksub.png 1 0 0 19 19
pos/dict6710_stacksub.png 1 0 0 19 19
pos/dict6711_stacksub.png 1 0 0 19 19
pos/dict6712_stacksub.png 1 0 0 19 19
pos/dict6713_stacksub.png 1 0 0 19 19
pos/dict6714_stacksub.png 1 0 0 19 19
pos/dict6715_stacksub.png 1 0 0 19 19
pos/dict6716_stacksub.png 1 0 0 19 19
pos/dict6717_stacksub.png 1 0 0 19 19
pos/dict6718_stacksub.png 1 0 0 19 19
pos/dict6719_stacksub.png 1 0 0 19 19
pos/dict6720_stacksub.png 1 0 0 19 19
pos/dict6721_stacksub.png 1 0 0 19 19
pos/dict6722_stacksub.png 1 0 0 19 19
pos/dict6723_stacksub.png 1 0 0 19 19
pos/dict6724_stacksub.png 1 0 0 19 19
pos/dict6725_stacksub.png 1 0 0 19 19
pos/dict6726_stacksub.png 1 0 0 19 19
pos/dict6727_stacksub.png 1 0 0 19 19
pos/dict6728_stacksub.png 1 0 0 19 19
pos/dict6729_stacksub.png 1 0 0 19 19
pos/dict6730_stacksub.png 1 0 0 19 19
pos/dict6731_stacksub.png 1 0 0 19 19
pos/dict6732_stacksub.png 1 0 0 19 19
pos/dict6733_stacksub.png 1 0 0 19 19
pos/dict6734_stacksub.png 1 0 0 19 19
pos/dict6735_stacksub.png 1 0 0 19 19
pos/dict6736_stacksub.png 1 0 0 19 19
pos/dict6737_stacksub.png 1 0 0 19 19
pos/dict6738_stacksub.png 1 0 0 19 19
pos/dict6739_stacksub.png 1 0 0 19 19
pos/dict6740_stacksub.png 1 0 0 19 19
pos/dict6741_stacksub.png 1 0 0 19 19
pos/dict6742_stacksub.png 1 0 0 19 19
pos/dict6743_stacksub.png 1 0 0 19 19
pos/dict6744_stacksub.png 1 0 0 19 19
pos/dict6745_stacksub.png 1 0 0 19 19
pos/dict6746_stacksub.png 1 0 0 19 19
pos/dict6747_stacksub.png 1 0 0 19 19
pos/dict6748_stacksub.png 1 0 0 19 19
pos/dict6749_stacksub.png 1 0 0 19 19
pos/dict6750_stacksub.png 1 0 0 19 19
pos/dict6751_stacksub.png 1 0 0 19 19
pos/dict6752_stacksub.png 1 0 0 19 19
pos/dict6753_stacksub.png 1 0 0 19 19
pos/dict6754_stacksub.png 1 0 0 19 19
pos/dict6755_stacksub.png 1 0 0 19 19
pos/dict6756_stacksub.png 1 0 0 19 19
pos/dict6757_stacksub.png 1 0 0 19 19
pos/dict6758_stacksub.png 1 0 0 19 19
pos/dict6759_stacksub.png 1 0 0 19 19
pos/dict6760_stacksub.png 1 0 0 19 19
pos/dict6761_stacksub.png 1 0 0 19 19
pos/dict6762_stacksub.png 1 0 0 19 19
pos/dict6763_stacksub.png 1 0 0 19 19
pos/dict6764_stacksub.png 1 0 0 19 19
pos/dict6765_stacksub.png 1 0 0 19 19
pos/dict6766_stacksub.png 1 0 0 19 19
pos/dict6767_stacksub.png 1 0 0 19 19
pos/dict6768_stacksub.png 1 0 0 19 19
pos/dict6769_stacksub.png 1 0 0 19 19
pos/dict6770_stacksub.png 1 0 0 19 19
pos/dict6771_stacksub.png 1 0 0 19 19
pos/dict6772_stacksub.png 1 0 0 19 19
pos/dict6773_stacksub.png 1 0 0 19 19
pos/dict6774_stacksub.png 1 0 0 19 19
pos/dict6775_stacksub.png 1 0 0 19 19
pos/dict6776_stacksub.png 1 0 0 19 19
pos/dict6777_stacksub.png 1 0 0 19 19
pos/dict6778_stacksub.png 1 0 0 19 19
pos/dict6779_stacksub.png 1 0 0 19 19
pos/dict6780_stacksub.png 1 0 0 19 19
pos/dict6781_stacksub.png 1 0 0 19 19
pos/dict6782_stacksub.png 1 0 0 19 19
pos/dict6783_stacksub.png 1 0 0 19 19
pos/dict6784_stacksub.png 1 0 0 19 19
pos/dict6785_stacksub.png 1 0 0 19 19
pos/dict6786_stacksub.png 1 0 0 19 19
pos/dict6787_stacksub.png 1 0 0 19 19
pos/dict6788_stacksub.png 1 0 0 19 19
pos/dict6789_stacksub.png 1 0 0 19 19
pos/dict6790_stacksub.png 1 0 0 19 19
pos/dict6791_stacksub.png 1 0 0 19 19
pos/dict6792_stacksub.png 1 0 0 19 19
pos/dict6793_stacksub.png 1 0 0 19 19
pos/dict6794_stacksub.png 1 0 0 19 19
pos/dict6795_stacksub.png 1 0 0 19 19
pos/dict6796_stacksub.png 1 0 0 19 19
pos/dict6797_stacksub.png 1 0 0 19 19
pos/dict6798_stacksub.png 1 0 0 19 19
pos/dict6799_stacksub.png 1 0 0 19 19
pos/dict6800_stacksub.png 1 0 0 19 19
pos/dict6801_stacksub.png 1 0 0 19 19
pos/dict6802_stacksub.png 1 0 0 19 19
pos/dict6803_stacksub.png 1 0 0 19 19
pos/dict6804_stacksub.png 1 0 0 19 19
pos/dict6805_stacksub.png 1 0 0 19 19
pos/dict6806_stacksub.png 1 0 0 19 19
pos/dict6807_stacksub.png 1 0 0 19 19
pos/dict6808_stacksub.png 1 0 0 19 19
pos/dict6809_stacksub.png 1 0 0 19 19
pos/dict6810_stacksub.png 1 0 0 19 19
pos/dict6811_stacksub.png 1 0 0 19 19
pos/dict6812_stacksub.png 1 0 0 19 19
pos/dict6813_stacksub.png 1 0 0 19 19
pos/dict6814_stacksub.png 1 0 0 19 19
pos/dict6815_stacksub.png 1 0 0 19 19
pos/dict6816_stacksub.png 1 0 0 19 19
pos/dict6817_stacksub.png 1 0 0 19 19
pos/dict6818_stacksub.png 1 0 0 19 19
pos/dict6819_stacksub.png 1 0 0 19 19
pos/dict6820_stacksub.png 1 0 0 19 19
pos/dict6821_stacksub.png 1 0 0 19 19
pos/dict6822_stacksub.png 1 0 0 19 19
pos/dict6823_stacksub.png 1 0 0 19 19
pos/dict6824_stacksub.png 1 0 0 19 19
pos/dict6825_stacksub.png 1 0 0 19 19
pos/dict6826_stacksub.png 1 0 0 19 19
pos/dict6827_stacksub.png 1 0 0 19 19
pos/dict6828_stacksub.png 1 0 0 19 19
pos/dict6829_stacksub.png 1 0 0 19 19
pos/dict6830_stacksub.png 1 0 0 19 19
pos/dict6831_stacksub.png 1 0 0 19 19
pos/dict6832_stacksub.png 1 0 0 19 19
pos/dict6833_stacksub.png 1 0 0 19 19
pos/dict6834_stacksub.png 1 0 0 19 19
pos/dict6835_stacksub.png 1 0 0 19 19
pos/dict6836_stacksub.png 1 0 0 19 19
pos/dict6837_stacksub.png 1 0 0 19 19
pos/dict6838_stacksub.png 1 0 0 19 19
pos/dict6839_stacksub.png 1 0 0 19 19
pos/dict6840_stacksub.png 1 0 0 19 19
pos/dict6841_stacksub.png 1 0 0 19 19
pos/dict6842_stacksub.png 1 0 0 19 19
pos/dict6843_stacksub.png 1 0 0 19 19
pos/dict6844_stacksub.png 1 0 0 19 19
pos/dict6845_stacksub.png 1 0 0 19 19
pos/dict6846_stacksub.png 1 0 0 19 19
pos/dict6847_stacksub.png 1 0 0 19 19
pos/dict6848_stacksub.png 1 0 0 19 19
pos/dict6849_stacksub.png 1 0 0 19 19
pos/dict6850_stacksub.png 1 0 0 19 19
pos/dict6851_stacksub.png 1 0 0 19 19
pos/dict6852_stacksub.png 1 0 0 19 19
pos/dict6853_stacksub.png 1 0 0 19 19
pos/dict6854_stacksub.png 1 0 0 19 19
pos/dict6855_stacksub.png 1 0 0 19 19
pos/dict6856_stacksub.png 1 0 0 19 19
pos/dict6857_stacksub.png 1 0 0 19 19
pos/dict6858_stacksub.png 1 0 0 19 19
pos/dict6859_stacksub.png 1 0 0 19 19
pos/dict6860_stacksub.png 1 0 0 19 19
pos/dict6861_stacksub.png 1 0 0 19 19
pos/dict6862_stacksub.png 1 0 0 19 19
pos/dict6863_stacksub.png 1 0 0 19 19
pos/dict6864_stacksub.png 1 0 0 19 19
pos/dict6865_stacksub.png 1 0 0 19 19
pos/dict6866_stacksub.png 1 0 0 19 19
pos/dict6867_stacksub.png 1 0 0 19 19
pos/dict6868_stacksub.png 1 0 0 19 19
pos/dict6869_stacksub.png 1 0 0 19 19
pos/dict6870_stacksub.png 1 0 0 19 19
pos/dict6871_stacksub.png 1 0 0 19 19
pos/dict6872_stacksub.png 1 0 0 19 19
pos/dict6873_stacksub.png 1 0 0 19 19
pos/dict6874_stacksub.png 1 0 0 19 19
pos/dict6875_stacksub.png 1 0 0 19 19
pos/dict6876_stacksub.png 1 0 0 19 19
pos/dict6877_stacksub.png 1 0 0 19 19
pos/dict6878_stacksub.png 1 0 0 19 19
pos/dict6879_stacksub.png 1 0 0 19 19
pos/dict6880_stacksub.png 1 0 0 19 19
pos/dict6881_stacksub.png 1 0 0 19 19
pos/dict6882_stacksub.png 1 0 0 19 19
pos/dict6883_stacksub.png 1 0 0 19 19
pos/dict6884_stacksub.png 1 0 0 19 19
pos/dict6885_stacksub.png 1 0 0 19 19
pos/dict6886_stacksub.png 1 0 0 19 19
pos/dict6887_stacksub.png 1 0 0 19 19
pos/dict6888_stacksub.png 1 0 0 19 19
pos/dict6889_stacksub.png 1 0 0 19 19
pos/dict6890_stacksub.png 1 0 0 19 19
pos/dict6891_stacksub.png 1 0 0 19 19
pos/dict6892_stacksub.png 1 0 0 19 19
pos/dict6893_stacksub.png 1 0 0 19 19
pos/dict6894_stacksub.png 1 0 0 19 19
pos/dict6895_stacksub.png 1 0 0 19 19
pos/dict6896_stacksub.png 1 0 0 19 19
pos/dict6897_stacksub.png 1 0 0 19 19
pos/dict6898_stacksub.png 1 0 0 19 19
pos/dict6899_stacksub.png 1 0 0 19 19
pos/dict6900_stacksub.png 1 0 0 19 19
pos/dict6901_stacksub.png 1 0 0 19 19
pos/dict6902_stacksub.png 1 0 0 19 19
pos/dict6903_stacksub.png 1 0 0 19 19
pos/dict6904_stacksub.png 1 0 0 19 19
pos/dict6905_stacksub.png 1 0 0 19 19
pos/dict6906_stacksub.png 1 0 0 19 19
pos/dict6907_stacksub.png 1 0 0 19 19
pos/dict6908_stacksub.png 1 0 0 19 19
pos/dict6909_stacksub.png 1 0 0 19 19
pos/dict6910_stacksub.png 1 0 0 19 19
pos/dict6911_stacksub.png 1 0 0 19 19
pos/dict6912_stacksub.png 1 0 0 19 19
pos/dict6913_stacksub.png 1 0 0 19 19
pos/dict6914_stacksub.png 1 0 0 19 19
pos/dict6915_stacksub.png 1 0 0 19 19
pos/dict6916_stacksub.png 1 0 0 19 19
pos/dict6917_stacksub.png 1 0 0 19 19
pos/dict6918_stacksub.png 1 0 0 19 19
pos/dict6919_stacksub.png 1 0 0 19 19
pos/dict6920_stacksub.png 1 0 0 19 19
pos/dict6921_stacksub.png 1 0 0 19 19
pos/dict6922_stacksub.png 1 0 0 19 19
pos/dict6923_stacksub.png 1 0 0 19 19
pos/dict6924_stacksub.png 1 0 0 19 19
pos/dict6925_stacksub.png 1 0 0 19 19
pos/dict6926_stacksub.png 1 0 0 19 19
pos/dict6927_stacksub.png 1 0 0 19 19
pos/dict6928_stacksub.png 1 0 0 19 19
pos/dict6929_stacksub.png 1 0 0 19 19
pos/dict6930_stacksub.png 1 0 0 19 19
pos/dict6931_stacksub.png 1 0 0 19 19
pos/dict6932_stacksub.png 1 0 0 19 19
pos/dict6933_stacksub.png 1 0 0 19 19
pos/dict6934_stacksub.png 1 0 0 19 19
pos/dict6935_stacksub.png 1 0 0 19 19
pos/dict6936_stacksub.png 1 0 0 19 19
pos/dict6937_stacksub.png 1 0 0 19 19
pos/dict6938_stacksub.png 1 0 0 19 19
pos/dict6939_stacksub.png 1 0 0 19 19
pos/dict6940_stacksub.png 1 0 0 19 19
pos/dict6941_stacksub.png 1 0 0 19 19
pos/dict6942_stacksub.png 1 0 0 19 19
pos/dict6943_stacksub.png 1 0 0 19 19
pos/dict6944_stacksub.png 1 0 0 19 19
pos/dict6945_stacksub.png 1 0 0 19 19
pos/dict6946_stacksub.png 1 0 0 19 19
pos/dict6947_stacksub.png 1 0 0 19 19
pos/dict6948_stacksub.png 1 0 0 19 19
pos/dict6949_stacksub.png 1 0 0 19 19
pos/dict6950_stacksub.png 1 0 0 19 19
pos/dict6951_stacksub.png 1 0 0 19 19
pos/dict6952_stacksub.png 1 0 0 19 19
pos/dict6953_stacksub.png 1 0 0 19 19
pos/dict6954_stacksub.png 1 0 0 19 19
pos/dict6955_stacksub.png 1 0 0 19 19
pos/dict6956_stacksub.png 1 0 0 19 19
pos/dict6957_stacksub.png 1 0 0 19 19
pos/dict6958_stacksub.png 1 0 0 19 19
pos/dict6959_stacksub.png 1 0 0 19 19
pos/dict6960_stacksub.png 1 0 0 19 19
pos/dict6961_stacksub.png 1 0 0 19 19
pos/dict6962_stacksub.png 1 0 0 19 19
pos/dict6963_stacksub.png 1 0 0 19 19
pos/dict6964_stacksub.png 1 0 0 19 19
pos/dict6965_stacksub.png 1 0 0 19 19
pos/dict6966_stacksub.png 1 0 0 19 19
pos/dict6967_stacksub.png 1 0 0 19 19
pos/dict6968_stacksub.png 1 0 0 19 19
pos/dict6969_stacksub.png 1 0 0 19 19
pos/dict6970_stacksub.png 1 0 0 19 19
pos/dict6971_stacksub.png 1 0 0 19 19
pos/dict6972_stacksub.png 1 0 0 19 19
pos/dict6973_stacksub.png 1 0 0 19 19
pos/dict6974_stacksub.png 1 0 0 19 19
pos/dict6975_stacksub.png 1 0 0 19 19
pos/dict6976_stacksub.png 1 0 0 19 19
pos/dict6977_stacksub.png 1 0 0 19 19
pos/dict6978_stacksub.png 1 0 0 19 19
pos/dict6979_stacksub.png 1 0 0 19 19
pos/dict6980_stacksub.png 1 0 0 19 19
pos/dict6981_stacksub.png 1 0 0 19 19
pos/dict6982_stacksub.png 1 0 0 19 19
pos/dict6983_stacksub.png 1 0 0 19 19
pos/dict6984_stacksub.png 1 0 0 19 19
pos/dict6985_stacksub.png 1 0 0 19 19
pos/dict6986_stacksub.png 1 0 0 19 19
pos/dict6987_stacksub.png 1 0 0 19 19
pos/dict6988_stacksub.png 1 0 0 19 19
pos/dict6989_stacksub.png 1 0 0 19 19
pos/dict6990_stacksub.png 1 0 0 19 19
pos/dict6991_stacksub.png 1 0 0 19 19
pos/dict6992_stacksub.png 1 0 0 19 19
pos/dict6993_stacksub.png 1 0 0 19 19
pos/dict6994_stacksub.png 1 0 0 19 19
pos/dict6995_stacksub.png 1 0 0 19 19
pos/dict6996_stacksub.png 1 0 0 19 19
pos/dict6997_stacksub.png 1 0 0 19 19
pos/dict6998_stacksub.png 1 0 0 19 19
pos/dict6999_stacksub.png 1 0 0 19 19
pos/dict7000_stacksub.png 1 0 0 19 19
pos/dict7001_stacksub.png 1 0 0 19 19
pos/dict7002_stacksub.png 1 0 0 19 19
pos/dict7003_stacksub.png 1 0 0 19 19
pos/dict7004_stacksub.png 1 0 0 19 19
pos/dict7005_stacksub.png 1 0 0 19 19
pos/dict7006_stacksub.png 1 0 0 19 19
pos/dict7007_stacksub.png 1 0 0 19 19
pos/dict7008_stacksub.png 1 0 0 19 19
pos/dict7009_stacksub.png 1 0 0 19 19
pos/dict7010_stacksub.png 1 0 0 19 19
pos/dict7011_stacksub.png 1 0 0 19 19
pos/dict7012_stacksub.png 1 0 0 19 19
pos/dict7013_stacksub.png 1 0 0 19 19
pos/dict7014_stacksub.png 1 0 0 19 19
pos/dict7015_stacksub.png 1 0 0 19 19
pos/dict7016_stacksub.png 1 0 0 19 19
pos/dict7017_stacksub.png 1 0 0 19 19
pos/dict7018_stacksub.png 1 0 0 19 19
pos/dict7019_stacksub.png 1 0 0 19 19
pos/dict7020_stacksub.png 1 0 0 19 19
pos/dict7021_stacksub.png 1 0 0 19 19
pos/dict7022_stacksub.png 1 0 0 19 19
pos/dict7023_stacksub.png 1 0 0 19 19
pos/dict7024_stacksub.png 1 0 0 19 19
pos/dict7025_stacksub.png 1 0 0 19 19
pos/dict7026_stacksub.png 1 0 0 19 19
pos/dict7027_stacksub.png 1 0 0 19 19
pos/dict7028_stacksub.png 1 0 0 19 19
pos/dict7029_stacksub.png 1 0 0 19 19
pos/dict7030_stacksub.png 1 0 0 19 19
pos/dict7031_stacksub.png 1 0 0 19 19
pos/dict7032_stacksub.png 1 0 0 19 19
pos/dict7033_stacksub.png 1 0 0 19 19
pos/dict7034_stacksub.png 1 0 0 19 19
pos/dict7035_stacksub.png 1 0 0 19 19
pos/dict7036_stacksub.png 1 0 0 19 19
pos/dict7037_stacksub.png 1 0 0 19 19
pos/dict7038_stacksub.png 1 0 0 19 19
pos/dict7039_stacksub.png 1 0 0 19 19
pos/dict7040_stacksub.png 1 0 0 19 19
pos/dict7041_stacksub.png 1 0 0 19 19
pos/dict7042_stacksub.png 1 0 0 19 19
pos/dict7043_stacksub.png 1 0 0 19 19
pos/dict7044_stacksub.png 1 0 0 19 19
pos/dict7045_stacksub.png 1 0 0 19 19
pos/dict7046_stacksub.png 1 0 0 19 19
pos/dict7047_stacksub.png 1 0 0 19 19
pos/dict7048_stacksub.png 1 0 0 19 19
pos/dict7049_stacksub.png 1 0 0 19 19
pos/dict7050_stacksub.png 1 0 0 19 19
pos/dict7051_stacksub.png 1 0 0 19 19
pos/dict7052_stacksub.png 1 0 0 19 19
pos/dict7053_stacksub.png 1 0 0 19 19
pos/dict7054_stacksub.png 1 0 0 19 19
pos/dict7055_stacksub.png 1 0 0 19 19
pos/dict7056_stacksub.png 1 0 0 19 19
pos/dict7057_stacksub.png 1 0 0 19 19
pos/dict7058_stacksub.png 1 0 0 19 19
pos/dict7059_stacksub.png 1 0 0 19 19
pos/dict7060_stacksub.png 1 0 0 19 19
pos/dict7061_stacksub.png 1 0 0 19 19
pos/dict7062_stacksub.png 1 0 0 19 19
pos/dict7063_stacksub.png 1 0 0 19 19
pos/dict7064_stacksub.png 1 0 0 19 19
pos/dict7065_stacksub.png 1 0 0 19 19
pos/dict7066_stacksub.png 1 0 0 19 19
pos/dict7067_stacksub.png 1 0 0 19 19
pos/dict7068_stacksub.png 1 0 0 19 19
pos/dict7069_stacksub.png 1 0 0 19 19
pos/dict7070_stacksub.png 1 0 0 19 19
pos/dict7071_stacksub.png 1 0 0 19 19
pos/dict7072_stacksub.png 1 0 0 19 19
pos/dict7073_stacksub.png 1 0 0 19 19
pos/dict7074_stacksub.png 1 0 0 19 19
pos/dict7075_stacksub.png 1 0 0 19 19
pos/dict7076_stacksub.png 1 0 0 19 19
pos/dict7077_stacksub.png 1 0 0 19 19
pos/dict7078_stacksub.png 1 0 0 19 19
pos/dict7079_stacksub.png 1 0 0 19 19
pos/dict7080_stacksub.png 1 0 0 19 19
pos/dict7081_stacksub.png 1 0 0 19 19
pos/dict7082_stacksub.png 1 0 0 19 19
pos/dict7083_stacksub.png 1 0 0 19 19
pos/dict7084_stacksub.png 1 0 0 19 19
pos/dict7085_stacksub.png 1 0 0 19 19
pos/dict7086_stacksub.png 1 0 0 19 19
pos/dict7087_stacksub.png 1 0 0 19 19
pos/dict7088_stacksub.png 1 0 0 19 19
pos/dict7089_stacksub.png 1 0 0 19 19
pos/dict7090_stacksub.png 1 0 0 19 19
pos/dict7091_stacksub.png 1 0 0 19 19
pos/dict7092_stacksub.png 1 0 0 19 19
pos/dict7093_stacksub.png 1 0 0 19 19
pos/dict7094_stacksub.png 1 0 0 19 19
pos/dict7095_stacksub.png 1 0 0 19 19
pos/dict7096_stacksub.png 1 0 0 19 19
pos/dict7097_stacksub.png 1 0 0 19 19
pos/dict7098_stacksub.png 1 0 0 19 19
pos/dict7099_stacksub.png 1 0 0 19 19
pos/dict7100_stacksub.png 1 0 0 19 19
pos/dict7101_stacksub.png 1 0 0 19 19
pos/dict7102_stacksub.png 1 0 0 19 19
pos/dict7103_stacksub.png 1 0 0 19 19
pos/dict7104_stacksub.png 1 0 0 19 19
pos/dict7105_stacksub.png 1 0 0 19 19
pos/dict7106_stacksub.png 1 0 0 19 19
pos/dict7107_stacksub.png 1 0 0 19 19
pos/dict7108_stacksub.png 1 0 0 19 19
pos/dict7109_stacksub.png 1 0 0 19 19
pos/dict7110_stacksub.png 1 0 0 19 19
pos/dict7111_stacksub.png 1 0 0 19 19
pos/dict7112_stacksub.png 1 0 0 19 19
pos/dict7113_stacksub.png 1 0 0 19 19
pos/dict7114_stacksub.png 1 0 0 19 19
pos/dict7115_stacksub.png 1 0 0 19 19
pos/dict7116_stacksub.png 1 0 0 19 19
pos/dict7117_stacksub.png 1 0 0 19 19
pos/dict7118_stacksub.png 1 0 0 19 19
pos/dict7119_stacksub.png 1 0 0 19 19
pos/dict7120_stacksub.png 1 0 0 19 19
pos/dict7121_stacksub.png 1 0 0 19 19
pos/dict7122_stacksub.png 1 0 0 19 19
pos/dict7123_stacksub.png 1 0 0 19 19
pos/dict7124_stacksub.png 1 0 0 19 19
pos/dict7125_stacksub.png 1 0 0 19 19
pos/dict7126_stacksub.png 1 0 0 19 19
pos/dict7127_stacksub.png 1 0 0 19 19
pos/dict7128_stacksub.png 1 0 0 19 19
pos/dict7129_stacksub.png 1 0 0 19 19
pos/dict7130_stacksub.png 1 0 0 19 19
pos/dict7131_stacksub.png 1 0 0 19 19
pos/dict7132_stacksub.png 1 0 0 19 19
pos/dict7133_stacksub.png 1 0 0 19 19
pos/dict7134_stacksub.png 1 0 0 19 19
pos/dict7135_stacksub.png 1 0 0 19 19
pos/dict7136_stacksub.png 1 0 0 19 19
pos/dict7137_stacksub.png 1 0 0 19 19
pos/dict7138_stacksub.png 1 0 0 19 19
pos/dict7139_stacksub.png 1 0 0 19 19
pos/dict7140_stacksub.png 1 0 0 19 19
pos/dict7141_stacksub.png 1 0 0 19 19
pos/dict7142_stacksub.png 1 0 0 19 19
pos/dict7143_stacksub.png 1 0 0 19 19
pos/dict7144_stacksub.png 1 0 0 19 19
pos/dict7145_stacksub.png 1 0 0 19 19
pos/dict7146_stacksub.png 1 0 0 19 19
pos/dict7147_stacksub.png 1 0 0 19 19
pos/dict7148_stacksub.png 1 0 0 19 19
pos/dict7149_stacksub.png 1 0 0 19 19
pos/dict7150_stacksub.png 1 0 0 19 19
pos/dict7151_stacksub.png 1 0 0 19 19
pos/dict7152_stacksub.png 1 0 0 19 19
pos/dict7153_stacksub.png 1 0 0 19 19
pos/dict7154_stacksub.png 1 0 0 19 19
pos/dict7155_stacksub.png 1 0 0 19 19
pos/dict7156_stacksub.png 1 0 0 19 19
pos/dict7157_stacksub.png 1 0 0 19 19
pos/dict7158_stacksub.png 1 0 0 19 19
pos/dict7159_stacksub.png 1 0 0 19 19
pos/dict7160_stacksub.png 1 0 0 19 19
pos/dict7161_stacksub.png 1 0 0 19 19
pos/dict7162_stacksub.png 1 0 0 19 19
pos/dict7163_stacksub.png 1 0 0 19 19
pos/dict7164_stacksub.png 1 0 0 19 19
pos/dict7165_stacksub.png 1 0 0 19 19
pos/dict7166_stacksub.png 1 0 0 19 19
pos/dict7167_stacksub.png 1 0 0 19 19
pos/dict7168_stacksub.png 1 0 0 19 19
pos/dict7169_stacksub.png 1 0 0 19 19
pos/dict7170_stacksub.png 1 0 0 19 19
pos/dict7171_stacksub.png 1 0 0 19 19
pos/dict7172_stacksub.png 1 0 0 19 19
pos/dict7173_stacksub.png 1 0 0 19 19
pos/dict7174_stacksub.png 1 0 0 19 19
pos/dict7175_stacksub.png 1 0 0 19 19
pos/dict7176_stacksub.png 1 0 0 19 19
pos/dict7177_stacksub.png 1 0 0 19 19
pos/dict7178_stacksub.png 1 0 0 19 19
pos/dict7179_stacksub.png 1 0 0 19 19
pos/dict7180_stacksub.png 1 0 0 19 19
pos/dict7181_stacksub.png 1 0 0 19 19
pos/dict7182_stacksub.png 1 0 0 19 19
pos/dict7183_stacksub.png 1 0 0 19 19
pos/dict7184_stacksub.png 1 0 0 19 19
pos/dict7185_stacksub.png 1 0 0 19 19
pos/dict7186_stacksub.png 1 0 0 19 19
pos/dict7187_stacksub.png 1 0 0 19 19
pos/dict7188_stacksub.png 1 0 0 19 19
pos/dict7189_stacksub.png 1 0 0 19 19
pos/dict7190_stacksub.png 1 0 0 19 19
pos/dict7191_stacksub.png 1 0 0 19 19
pos/dict7192_stacksub.png 1 0 0 19 19
pos/dict7193_stacksub.png 1 0 0 19 19
pos/dict7194_stacksub.png 1 0 0 19 19
pos/dict7195_stacksub.png 1 0 0 19 19
pos/dict7196_stacksub.png 1 0 0 19 19
pos/dict7197_stacksub.png 1 0 0 19 19
pos/dict7198_stacksub.png 1 0 0 19 19
pos/dict7199_stacksub.png 1 0 0 19 19
pos/dict7200_stacksub.png 1 0 0 19 19
pos/dict7201_stacksub.png 1 0 0 19 19
pos/dict7202_stacksub.png 1 0 0 19 19
pos/dict7203_stacksub.png 1 0 0 19 19
pos/dict7204_stacksub.png 1 0 0 19 19
pos/dict7205_stacksub.png 1 0 0 19 19
pos/dict7206_stacksub.png 1 0 0 19 19
pos/dict7207_stacksub.png 1 0 0 19 19
pos/dict7208_stacksub.png 1 0 0 19 19
pos/dict7209_stacksub.png 1 0 0 19 19
pos/dict7210_stacksub.png 1 0 0 19 19
pos/dict7211_stacksub.png 1 0 0 19 19
pos/dict7212_stacksub.png 1 0 0 19 19
pos/dict7213_stacksub.png 1 0 0 19 19
pos/dict7214_stacksub.png 1 0 0 19 19
pos/dict7215_stacksub.png 1 0 0 19 19
pos/dict7216_stacksub.png 1 0 0 19 19
pos/dict7217_stacksub.png 1 0 0 19 19
pos/dict7218_stacksub.png 1 0 0 19 19
pos/dict7219_stacksub.png 1 0 0 19 19
pos/dict7220_stacksub.png 1 0 0 19 19
pos/dict7221_stacksub.png 1 0 0 19 19
pos/dict7222_stacksub.png 1 0 0 19 19
pos/dict7223_stacksub.png 1 0 0 19 19
pos/dict7224_stacksub.png 1 0 0 19 19
pos/dict7225_stacksub.png 1 0 0 19 19
pos/dict7226_stacksub.png 1 0 0 19 19
pos/dict7227_stacksub.png 1 0 0 19 19
pos/dict7228_stacksub.png 1 0 0 19 19
pos/dict7229_stacksub.png 1 0 0 19 19
pos/dict7230_stacksub.png 1 0 0 19 19
pos/dict7231_stacksub.png 1 0 0 19 19
pos/dict7232_stacksub.png 1 0 0 19 19
pos/dict7233_stacksub.png 1 0 0 19 19
pos/dict7234_stacksub.png 1 0 0 19 19
pos/dict7235_stacksub.png 1 0 0 19 19
pos/dict7236_stacksub.png 1 0 0 19 19
pos/dict7237_stacksub.png 1 0 0 19 19
pos/dict7238_stacksub.png 1 0 0 19 19
pos/dict7239_stacksub.png 1 0 0 19 19
pos/dict7240_stacksub.png 1 0 0 19 19
pos/dict7241_stacksub.png 1 0 0 19 19
pos/dict7242_stacksub.png 1 0 0 19 19
pos/dict7243_stacksub.png 1 0 0 19 19
pos/dict7244_stacksub.png 1 0 0 19 19
pos/dict7245_stacksub.png 1 0 0 19 19
pos/dict7246_stacksub.png 1 0 0 19 19
pos/dict7247_stacksub.png 1 0 0 19 19
pos/dict7248_stacksub.png 1 0 0 19 19
pos/dict7249_stacksub.png 1 0 0 19 19
pos/dict7250_stacksub.png 1 0 0 19 19
pos/dict7251_stacksub.png 1 0 0 19 19
pos/dict7252_stacksub.png 1 0 0 19 19
pos/dict7253_stacksub.png 1 0 0 19 19
pos/dict7254_stacksub.png 1 0 0 19 19
pos/dict7255_stacksub.png 1 0 0 19 19
pos/dict7256_stacksub.png 1 0 0 19 19
pos/dict7257_stacksub.png 1 0 0 19 19
pos/dict7258_stacksub.png 1 0 0 19 19
pos/dict7259_stacksub.png 1 0 0 19 19
pos/dict7260_stacksub.png 1 0 0 19 19
pos/dict7261_stacksub.png 1 0 0 19 19
pos/dict7262_stacksub.png 1 0 0 19 19
pos/dict7263_stacksub.png 1 0 0 19 19
pos/dict7264_stacksub.png 1 0 0 19 19
pos/dict7265_stacksub.png 1 0 0 19 19
pos/dict7266_stacksub.png 1 0 0 19 19
pos/dict7267_stacksub.png 1 0 0 19 19
pos/dict7268_stacksub.png 1 0 0 19 19
pos/dict7269_stacksub.png 1 0 0 19 19
pos/dict7270_stacksub.png 1 0 0 19 19
pos/dict7271_stacksub.png 1 0 0 19 19
pos/dict7272_stacksub.png 1 0 0 19 19
pos/dict7273_stacksub.png 1 0 0 19 19
pos/dict7274_stacksub.png 1 0 0 19 19
pos/dict7275_stacksub.png 1 0 0 19 19
pos/dict7276_stacksub.png 1 0 0 19 19
pos/dict7277_stacksub.png 1 0 0 19 19
pos/dict7278_stacksub.png 1 0 0 19 19
pos/dict7279_stacksub.png 1 0 0 19 19
pos/dict7280_stacksub.png 1 0 0 19 19
pos/dict7281_stacksub.png 1 0 0 19 19
pos/dict7282_stacksub.png 1 0 0 19 19
pos/dict7283_stacksub.png 1 0 0 19 19
pos/dict7284_stacksub.png 1 0 0 19 19
pos/dict7285_stacksub.png 1 0 0 19 19
pos/dict7286_stacksub.png 1 0 0 19 19
pos/dict7287_stacksub.png 1 0 0 19 19
pos/dict7288_stacksub.png 1 0 0 19 19
pos/dict7289_stacksub.png 1 0 0 19 19
pos/dict7290_stacksub.png 1 0 0 19 19
pos/dict7291_stacksub.png 1 0 0 19 19
pos/dict7292_stacksub.png 1 0 0 19 19
pos/dict7293_stacksub.png 1 0 0 19 19
pos/dict7294_stacksub.png 1 0 0 19 19
pos/dict7295_stacksub.png 1 0 0 19 19
pos/dict7296_stacksub.png 1 0 0 19 19
pos/dict7297_stacksub.png 1 0 0 19 19
pos/dict7298_stacksub.png 1 0 0 19 19
pos/dict7299_stacksub.png 1 0 0 19 19
pos/dict7300_stacksub.png 1 0 0 19 19
pos/dict7301_stacksub.png 1 0 0 19 19
pos/dict7302_stacksub.png 1 0 0 19 19
pos/dict7303_stacksub.png 1 0 0 19 19
pos/dict7304_stacksub.png 1 0 0 19 19
pos/dict7305_stacksub.png 1 0 0 19 19
pos/dict7306_stacksub.png 1 0 0 19 19
pos/dict7307_stacksub.png 1 0 0 19 19
pos/dict7308_stacksub.png 1 0 0 19 19
pos/dict7309_stacksub.png 1 0 0 19 19
pos/dict7310_stacksub.png 1 0 0 19 19
pos/dict7311_stacksub.png 1 0 0 19 19
pos/dict7312_stacksub.png 1 0 0 19 19
pos/dict7313_stacksub.png 1 0 0 19 19
pos/dict7314_stacksub.png 1 0 0 19 19
pos/dict7315_stacksub.png 1 0 0 19 19
pos/dict7316_stacksub.png 1 0 0 19 19
pos/dict7317_stacksub.png 1 0 0 19 19
pos/dict7318_stacksub.png 1 0 0 19 19
pos/dict7319_stacksub.png 1 0 0 19 19
pos/dict7320_stacksub.png 1 0 0 19 19
pos/dict7321_stacksub.png 1 0 0 19 19
pos/dict7322_stacksub.png 1 0 0 19 19
pos/dict7323_stacksub.png 1 0 0 19 19
pos/dict7324_stacksub.png 1 0 0 19 19
pos/dict7325_stacksub.png 1 0 0 19 19
pos/dict7326_stacksub.png 1 0 0 19 19
pos/dict7327_stacksub.png 1 0 0 19 19
pos/dict7328_stacksub.png 1 0 0 19 19
pos/dict7329_stacksub.png 1 0 0 19 19
pos/dict7330_stacksub.png 1 0 0 19 19
pos/dict7331_stacksub.png 1 0 0 19 19
pos/dict7332_stacksub.png 1 0 0 19 19
pos/dict7333_stacksub.png 1 0 0 19 19
pos/dict7334_stacksub.png 1 0 0 19 19
pos/dict7335_stacksub.png 1 0 0 19 19
pos/dict7336_stacksub.png 1 0 0 19 19
pos/dict7337_stacksub.png 1 0 0 19 19
pos/dict7338_stacksub.png 1 0 0 19 19
pos/dict7339_stacksub.png 1 0 0 19 19
pos/dict7340_stacksub.png 1 0 0 19 19
pos/dict7341_stacksub.png 1 0 0 19 19
pos/dict7342_stacksub.png 1 0 0 19 19
pos/dict7343_stacksub.png 1 0 0 19 19
pos/dict7344_stacksub.png 1 0 0 19 19
pos/dict7345_stacksub.png 1 0 0 19 19
pos/dict7346_stacksub.png 1 0 0 19 19
pos/dict7347_stacksub.png 1 0 0 19 19
pos/dict7348_stacksub.png 1 0 0 19 19
pos/dict7349_stacksub.png 1 0 0 19 19
pos/dict7350_stacksub.png 1 0 0 19 19
pos/dict7351_stacksub.png 1 0 0 19 19
pos/dict7352_stacksub.png 1 0 0 19 19
pos/dict7353_stacksub.png 1 0 0 19 19
pos/dict7354_stacksub.png 1 0 0 19 19
pos/dict7355_stacksub.png 1 0 0 19 19
pos/dict7356_stacksub.png 1 0 0 19 19
pos/dict7357_stacksub.png 1 0 0 19 19
pos/dict7358_stacksub.png 1 0 0 19 19
pos/dict7359_stacksub.png 1 0 0 19 19
pos/dict7360_stacksub.png 1 0 0 19 19
pos/dict7361_stacksub.png 1 0 0 19 19
pos/dict7362_stacksub.png 1 0 0 19 19
pos/dict7363_stacksub.png 1 0 0 19 19
pos/dict7364_stacksub.png 1 0 0 19 19
pos/dict7365_stacksub.png 1 0 0 19 19
pos/dict7366_stacksub.png 1 0 0 19 19
pos/dict7367_stacksub.png 1 0 0 19 19
pos/dict7368_stacksub.png 1 0 0 19 19
pos/dict7369_stacksub.png 1 0 0 19 19
pos/dict7370_stacksub.png 1 0 0 19 19
pos/dict7371_stacksub.png 1 0 0 19 19
pos/dict7372_stacksub.png 1 0 0 19 19
pos/dict7373_stacksub.png 1 0 0 19 19
pos/dict7374_stacksub.png 1 0 0 19 19
pos/dict7375_stacksub.png 1 0 0 19 19
pos/dict7376_stacksub.png 1 0 0 19 19
pos/dict7377_stacksub.png 1 0 0 19 19
pos/dict7378_stacksub.png 1 0 0 19 19
pos/dict7379_stacksub.png 1 0 0 19 19
pos/dict7380_stacksub.png 1 0 0 19 19
pos/dict7381_stacksub.png 1 0 0 19 19
pos/dict7382_stacksub.png 1 0 0 19 19
pos/dict7383_stacksub.png 1 0 0 19 19
pos/dict7384_stacksub.png 1 0 0 19 19
pos/dict7385_stacksub.png 1 0 0 19 19
pos/dict7386_stacksub.png 1 0 0 19 19
pos/dict7387_stacksub.png 1 0 0 19 19
pos/dict7388_stacksub.png 1 0 0 19 19
pos/dict7389_stacksub.png 1 0 0 19 19
pos/dict7390_stacksub.png 1 0 0 19 19
pos/dict7391_stacksub.png 1 0 0 19 19
pos/dict7392_stacksub.png 1 0 0 19 19
pos/dict7393_stacksub.png 1 0 0 19 19
pos/dict7394_stacksub.png 1 0 0 19 19
pos/dict7395_stacksub.png 1 0 0 19 19
pos/dict7396_stacksub.png 1 0 0 19 19
pos/dict7397_stacksub.png 1 0 0 19 19
pos/dict7398_stacksub.png 1 0 0 19 19
pos/dict7399_stacksub.png 1 0 0 19 19
pos/dict7400_stacksub.png 1 0 0 19 19
pos/dict7401_stacksub.png 1 0 0 19 19
pos/dict7402_stacksub.png 1 0 0 19 19
pos/dict7403_stacksub.png 1 0 0 19 19
pos/dict7404_stacksub.png 1 0 0 19 19
pos/dict7405_stacksub.png 1 0 0 19 19
pos/dict7406_stacksub.png 1 0 0 19 19
pos/dict7407_stacksub.png 1 0 0 19 19
pos/dict7408_stacksub.png 1 0 0 19 19
pos/dict7409_stacksub.png 1 0 0 19 19
pos/dict7410_stacksub.png 1 0 0 19 19
pos/dict7411_stacksub.png 1 0 0 19 19
pos/dict7412_stacksub.png 1 0 0 19 19
pos/dict7413_stacksub.png 1 0 0 19 19
pos/dict7414_stacksub.png 1 0 0 19 19
pos/dict7415_stacksub.png 1 0 0 19 19
pos/dict7416_stacksub.png 1 0 0 19 19
pos/dict7417_stacksub.png 1 0 0 19 19
pos/dict7418_stacksub.png 1 0 0 19 19
pos/dict7419_stacksub.png 1 0 0 19 19
pos/dict7420_stacksub.png 1 0 0 19 19
pos/dict7421_stacksub.png 1 0 0 19 19
pos/dict7422_stacksub.png 1 0 0 19 19
pos/dict7423_stacksub.png 1 0 0 19 19
pos/dict7424_stacksub.png 1 0 0 19 19
pos/dict7425_stacksub.png 1 0 0 19 19
pos/dict7426_stacksub.png 1 0 0 19 19
pos/dict7427_stacksub.png 1 0 0 19 19
pos/dict7428_stacksub.png 1 0 0 19 19
pos/dict7429_stacksub.png 1 0 0 19 19
pos/dict7430_stacksub.png 1 0 0 19 19
pos/dict7431_stacksub.png 1 0 0 19 19
pos/dict7432_stacksub.png 1 0 0 19 19
pos/dict7433_stacksub.png 1 0 0 19 19
pos/dict7434_stacksub.png 1 0 0 19 19
pos/dict7435_stacksub.png 1 0 0 19 19
pos/dict7436_stacksub.png 1 0 0 19 19
pos/dict7437_stacksub.png 1 0 0 19 19
pos/dict7438_stacksub.png 1 0 0 19 19
pos/dict7439_stacksub.png 1 0 0 19 19
pos/dict7440_stacksub.png 1 0 0 19 19
pos/dict7441_stacksub.png 1 0 0 19 19
pos/dict7442_stacksub.png 1 0 0 19 19
pos/dict7443_stacksub.png 1 0 0 19 19
pos/dict7444_stacksub.png 1 0 0 19 19
pos/dict7445_stacksub.png 1 0 0 19 19
pos/dict7446_stacksub.png 1 0 0 19 19
pos/dict7447_stacksub.png 1 0 0 19 19
pos/dict7448_stacksub.png 1 0 0 19 19
pos/dict7449_stacksub.png 1 0 0 19 19
pos/dict7450_stacksub.png 1 0 0 19 19
pos/dict7451_stacksub.png 1 0 0 19 19
pos/dict7452_stacksub.png 1 0 0 19 19
pos/dict7453_stacksub.png 1 0 0 19 19
pos/dict7454_stacksub.png 1 0 0 19 19
pos/dict7455_stacksub.png 1 0 0 19 19
pos/dict7456_stacksub.png 1 0 0 19 19
pos/dict7457_stacksub.png 1 0 0 19 19
pos/dict7458_stacksub.png 1 0 0 19 19
pos/dict7459_stacksub.png 1 0 0 19 19
pos/dict7460_stacksub.png 1 0 0 19 19
pos/dict7461_stacksub.png 1 0 0 19 19
pos/dict7462_stacksub.png 1 0 0 19 19
pos/dict7463_stacksub.png 1 0 0 19 19
pos/dict7464_stacksub.png 1 0 0 19 19
pos/dict7465_stacksub.png 1 0 0 19 19
pos/dict7466_stacksub.png 1 0 0 19 19
pos/dict7467_stacksub.png 1 0 0 19 19
pos/dict7468_stacksub.png 1 0 0 19 19
pos/dict7469_stacksub.png 1 0 0 19 19
pos/dict7470_stacksub.png 1 0 0 19 19
pos/dict7471_stacksub.png 1 0 0 19 19
pos/dict7472_stacksub.png 1 0 0 19 19
pos/dict7473_stacksub.png 1 0 0 19 19
pos/dict7474_stacksub.png 1 0 0 19 19
pos/dict7475_stacksub.png 1 0 0 19 19
pos/dict7476_stacksub.png 1 0 0 19 19
pos/dict7477_stacksub.png 1 0 0 19 19
pos/dict7478_stacksub.png 1 0 0 19 19
pos/dict7479_stacksub.png 1 0 0 19 19
pos/dict7480_stacksub.png 1 0 0 19 19
pos/dict7481_stacksub.png 1 0 0 19 19
pos/dict7482_stacksub.png 1 0 0 19 19
pos/dict7483_stacksub.png 1 0 0 19 19
pos/dict7484_stacksub.png 1 0 0 19 19
pos/dict7485_stacksub.png 1 0 0 19 19
pos/dict7486_stacksub.png 1 0 0 19 19
pos/dict7487_stacksub.png 1 0 0 19 19
pos/dict7488_stacksub.png 1 0 0 19 19
pos/dict7489_stacksub.png 1 0 0 19 19
pos/dict7490_stacksub.png 1 0 0 19 19
pos/dict7491_stacksub.png 1 0 0 19 19
pos/dict7492_stacksub.png 1 0 0 19 19
pos/dict7493_stacksub.png 1 0 0 19 19
pos/dict7494_stacksub.png 1 0 0 19 19
pos/dict7495_stacksub.png 1 0 0 19 19
pos/dict7496_stacksub.png 1 0 0 19 19
pos/dict7497_stacksub.png 1 0 0 19 19
pos/dict7498_stacksub.png 1 0 0 19 19
pos/dict7499_stacksub.png 1 0 0 19 19
pos/dict7500_stacksub.png 1 0 0 19 19
pos/dict7501_stacksub.png 1 0 0 19 19
pos/dict7502_stacksub.png 1 0 0 19 19
pos/dict7503_stacksub.png 1 0 0 19 19
pos/dict7504_stacksub.png 1 0 0 19 19
pos/dict7505_stacksub.png 1 0 0 19 19
pos/dict7506_stacksub.png 1 0 0 19 19
pos/dict7507_stacksub.png 1 0 0 19 19
pos/dict7508_stacksub.png 1 0 0 19 19
pos/dict7509_stacksub.png 1 0 0 19 19
pos/dict7510_stacksub.png 1 0 0 19 19
pos/dict7511_stacksub.png 1 0 0 19 19
pos/dict7512_stacksub.png 1 0 0 19 19
pos/dict7513_stacksub.png 1 0 0 19 19
pos/dict7514_stacksub.png 1 0 0 19 19
pos/dict7515_stacksub.png 1 0 0 19 19
pos/dict7516_stacksub.png 1 0 0 19 19
pos/dict7517_stacksub.png 1 0 0 19 19
pos/dict7518_stacksub.png 1 0 0 19 19
pos/dict7519_stacksub.png 1 0 0 19 19
pos/dict7520_stacksub.png 1 0 0 19 19
pos/dict7521_stacksub.png 1 0 0 19 19
pos/dict7522_stacksub.png 1 0 0 19 19
pos/dict7523_stacksub.png 1 0 0 19 19
pos/dict7524_stacksub.png 1 0 0 19 19
pos/dict7525_stacksub.png 1 0 0 19 19
pos/dict7526_stacksub.png 1 0 0 19 19
pos/dict7527_stacksub.png 1 0 0 19 19
pos/dict7528_stacksub.png 1 0 0 19 19
pos/dict7529_stacksub.png 1 0 0 19 19
pos/dict7530_stacksub.png 1 0 0 19 19
pos/dict7531_stacksub.png 1 0 0 19 19
pos/dict7532_stacksub.png 1 0 0 19 19
pos/dict7533_stacksub.png 1 0 0 19 19
pos/dict7534_stacksub.png 1 0 0 19 19
pos/dict7535_stacksub.png 1 0 0 19 19
pos/dict7536_stacksub.png 1 0 0 19 19
pos/dict7537_stacksub.png 1 0 0 19 19
pos/dict7538_stacksub.png 1 0 0 19 19
pos/dict7539_stacksub.png 1 0 0 19 19
pos/dict7540_stacksub.png 1 0 0 19 19
pos/dict7541_stacksub.png 1 0 0 19 19
pos/dict7542_stacksub.png 1 0 0 19 19
pos/dict7543_stacksub.png 1 0 0 19 19
pos/dict7544_stacksub.png 1 0 0 19 19
pos/dict7545_stacksub.png 1 0 0 19 19
pos/dict7546_stacksub.png 1 0 0 19 19
pos/dict7547_stacksub.png 1 0 0 19 19
pos/dict7548_stacksub.png 1 0 0 19 19
pos/dict7549_stacksub.png 1 0 0 19 19
pos/dict7550_stacksub.png 1 0 0 19 19
pos/dict7551_stacksub.png 1 0 0 19 19
pos/dict7552_stacksub.png 1 0 0 19 19
pos/dict7553_stacksub.png 1 0 0 19 19
pos/dict7554_stacksub.png 1 0 0 19 19
pos/dict7555_stacksub.png 1 0 0 19 19
pos/dict7556_stacksub.png 1 0 0 19 19
pos/dict7557_stacksub.png 1 0 0 19 19
pos/dict7558_stacksub.png 1 0 0 19 19
pos/dict7559_stacksub.png 1 0 0 19 19
pos/dict7560_stacksub.png 1 0 0 19 19
pos/dict7561_stacksub.png 1 0 0 19 19
pos/dict7562_stacksub.png 1 0 0 19 19
pos/dict7563_stacksub.png 1 0 0 19 19
pos/dict7564_stacksub.png 1 0 0 19 19
pos/dict7565_stacksub.png 1 0 0 19 19
pos/dict7566_stacksub.png 1 0 0 19 19
pos/dict7567_stacksub.png 1 0 0 19 19
pos/dict7568_stacksub.png 1 0 0 19 19
pos/dict7569_stacksub.png 1 0 0 19 19
pos/dict7570_stacksub.png 1 0 0 19 19
pos/dict7571_stacksub.png 1 0 0 19 19
pos/dict7572_stacksub.png 1 0 0 19 19
pos/dict7573_stacksub.png 1 0 0 19 19
pos/dict7574_stacksub.png 1 0 0 19 19
pos/dict7575_stacksub.png 1 0 0 19 19
pos/dict7576_stacksub.png 1 0 0 19 19
pos/dict7577_stacksub.png 1 0 0 19 19
pos/dict7578_stacksub.png 1 0 0 19 19
pos/dict7579_stacksub.png 1 0 0 19 19
pos/dict7580_stacksub.png 1 0 0 19 19
pos/dict7581_stacksub.png 1 0 0 19 19
pos/dict7582_stacksub.png 1 0 0 19 19
pos/dict7583_stacksub.png 1 0 0 19 19
pos/dict7584_stacksub.png 1 0 0 19 19
pos/dict7585_stacksub.png 1 0 0 19 19
pos/dict7586_stacksub.png 1 0 0 19 19
pos/dict7587_stacksub.png 1 0 0 19 19
pos/dict7588_stacksub.png 1 0 0 19 19
pos/dict7589_stacksub.png 1 0 0 19 19
pos/dict7590_stacksub.png 1 0 0 19 19
pos/dict7591_stacksub.png 1 0 0 19 19
pos/dict7592_stacksub.png 1 0 0 19 19
pos/dict7593_stacksub.png 1 0 0 19 19
pos/dict7594_stacksub.png 1 0 0 19 19
pos/dict7595_stacksub.png 1 0 0 19 19
pos/dict7596_stacksub.png 1 0 0 19 19
pos/dict7597_stacksub.png 1 0 0 19 19
pos/dict7598_stacksub.png 1 0 0 19 19
pos/dict7599_stacksub.png 1 0 0 19 19
pos/dict7600_stacksub.png 1 0 0 19 19
pos/dict7601_stacksub.png 1 0 0 19 19
pos/dict7602_stacksub.png 1 0 0 19 19
pos/dict7603_stacksub.png 1 0 0 19 19
pos/dict7604_stacksub.png 1 0 0 19 19
pos/dict7605_stacksub.png 1 0 0 19 19
pos/dict7606_stacksub.png 1 0 0 19 19
pos/dict7607_stacksub.png 1 0 0 19 19
pos/dict7608_stacksub.png 1 0 0 19 19
pos/dict7609_stacksub.png 1 0 0 19 19
pos/dict7610_stacksub.png 1 0 0 19 19
pos/dict7611_stacksub.png 1 0 0 19 19
pos/dict7612_stacksub.png 1 0 0 19 19
pos/dict7613_stacksub.png 1 0 0 19 19
pos/dict7614_stacksub.png 1 0 0 19 19
pos/dict7615_stacksub.png 1 0 0 19 19
pos/dict7616_stacksub.png 1 0 0 19 19
pos/dict7617_stacksub.png 1 0 0 19 19
pos/dict7618_stacksub.png 1 0 0 19 19
pos/dict7619_stacksub.png 1 0 0 19 19
pos/dict7620_stacksub.png 1 0 0 19 19
pos/dict7621_stacksub.png 1 0 0 19 19
pos/dict7622_stacksub.png 1 0 0 19 19
pos/dict7623_stacksub.png 1 0 0 19 19
pos/dict7624_stacksub.png 1 0 0 19 19
pos/dict7625_stacksub.png 1 0 0 19 19
pos/dict7626_stacksub.png 1 0 0 19 19
pos/dict7627_stacksub.png 1 0 0 19 19
pos/dict7628_stacksub.png 1 0 0 19 19
pos/dict7629_stacksub.png 1 0 0 19 19
pos/dict7630_stacksub.png 1 0 0 19 19
pos/dict7631_stacksub.png 1 0 0 19 19
pos/dict7632_stacksub.png 1 0 0 19 19
pos/dict7633_stacksub.png 1 0 0 19 19
pos/dict7634_stacksub.png 1 0 0 19 19
pos/dict7635_stacksub.png 1 0 0 19 19
pos/dict7636_stacksub.png 1 0 0 19 19
pos/dict7637_stacksub.png 1 0 0 19 19
pos/dict7638_stacksub.png 1 0 0 19 19
pos/dict7639_stacksub.png 1 0 0 19 19
pos/dict7640_stacksub.png 1 0 0 19 19
pos/dict7641_stacksub.png 1 0 0 19 19
pos/dict7642_stacksub.png 1 0 0 19 19
pos/dict7643_stacksub.png 1 0 0 19 19
pos/dict7644_stacksub.png 1 0 0 19 19
pos/dict7645_stacksub.png 1 0 0 19 19
pos/dict7646_stacksub.png 1 0 0 19 19
pos/dict7647_stacksub.png 1 0 0 19 19
pos/dict7648_stacksub.png 1 0 0 19 19
pos/dict7649_stacksub.png 1 0 0 19 19
pos/dict7650_stacksub.png 1 0 0 19 19
pos/dict7651_stacksub.png 1 0 0 19 19
pos/dict7652_stacksub.png 1 0 0 19 19
pos/dict7653_stacksub.png 1 0 0 19 19
pos/dict7654_stacksub.png 1 0 0 19 19
pos/dict7655_stacksub.png 1 0 0 19 19
pos/dict7656_stacksub.png 1 0 0 19 19
pos/dict7657_stacksub.png 1 0 0 19 19
pos/dict7658_stacksub.png 1 0 0 19 19
pos/dict7659_stacksub.png 1 0 0 19 19
pos/dict7660_stacksub.png 1 0 0 19 19
pos/dict7661_stacksub.png 1 0 0 19 19
pos/dict7662_stacksub.png 1 0 0 19 19
pos/dict7663_stacksub.png 1 0 0 19 19
pos/dict7664_stacksub.png 1 0 0 19 19
pos/dict7665_stacksub.png 1 0 0 19 19
pos/dict7666_stacksub.png 1 0 0 19 19
pos/dict7667_stacksub.png 1 0 0 19 19
pos/dict7668_stacksub.png 1 0 0 19 19
pos/dict7669_stacksub.png 1 0 0 19 19
pos/dict7670_stacksub.png 1 0 0 19 19
pos/dict7671_stacksub.png 1 0 0 19 19
pos/dict7672_stacksub.png 1 0 0 19 19
pos/dict7673_stacksub.png 1 0 0 19 19
pos/dict7674_stacksub.png 1 0 0 19 19
pos/dict7675_stacksub.png 1 0 0 19 19
pos/dict7676_stacksub.png 1 0 0 19 19
pos/dict7677_stacksub.png 1 0 0 19 19
pos/dict7678_stacksub.png 1 0 0 19 19
pos/dict7679_stacksub.png 1 0 0 19 19
pos/dict7680_stacksub.png 1 0 0 19 19
pos/dict7681_stacksub.png 1 0 0 19 19
pos/dict7682_stacksub.png 1 0 0 19 19
pos/dict7683_stacksub.png 1 0 0 19 19
pos/dict7684_stacksub.png 1 0 0 19 19
pos/dict7685_stacksub.png 1 0 0 19 19
pos/dict7686_stacksub.png 1 0 0 19 19
pos/dict7687_stacksub.png 1 0 0 19 19
pos/dict7688_stacksub.png 1 0 0 19 19
pos/dict7689_stacksub.png 1 0 0 19 19
pos/dict7690_stacksub.png 1 0 0 19 19
pos/dict7691_stacksub.png 1 0 0 19 19
pos/dict7692_stacksub.png 1 0 0 19 19
pos/dict7693_stacksub.png 1 0 0 19 19
pos/dict7694_stacksub.png 1 0 0 19 19
pos/dict7695_stacksub.png 1 0 0 19 19
pos/dict7696_stacksub.png 1 0 0 19 19
pos/dict7697_stacksub.png 1 0 0 19 19
pos/dict7698_stacksub.png 1 0 0 19 19
pos/dict7699_stacksub.png 1 0 0 19 19
pos/dict7700_stacksub.png 1 0 0 19 19
pos/dict7701_stacksub.png 1 0 0 19 19
pos/dict7702_stacksub.png 1 0 0 19 19
pos/dict7703_stacksub.png 1 0 0 19 19
pos/dict7704_stacksub.png 1 0 0 19 19
pos/dict7705_stacksub.png 1 0 0 19 19
pos/dict7706_stacksub.png 1 0 0 19 19
pos/dict7707_stacksub.png 1 0 0 19 19
pos/dict7708_stacksub.png 1 0 0 19 19
pos/dict7709_stacksub.png 1 0 0 19 19
pos/dict7710_stacksub.png 1 0 0 19 19
pos/dict7711_stacksub.png 1 0 0 19 19
pos/dict7712_stacksub.png 1 0 0 19 19
pos/dict7713_stacksub.png 1 0 0 19 19
pos/dict7714_stacksub.png 1 0 0 19 19
pos/dict7715_stacksub.png 1 0 0 19 19
pos/dict7716_stacksub.png 1 0 0 19 19
pos/dict7717_stacksub.png 1 0 0 19 19
pos/dict7718_stacksub.png 1 0 0 19 19
pos/dict7719_stacksub.png 1 0 0 19 19
pos/dict7720_stacksub.png 1 0 0 19 19
pos/dict7721_stacksub.png 1 0 0 19 19
pos/dict7722_stacksub.png 1 0 0 19 19
pos/dict7723_stacksub.png 1 0 0 19 19
pos/dict7724_stacksub.png 1 0 0 19 19
pos/dict7725_stacksub.png 1 0 0 19 19
pos/dict7726_stacksub.png 1 0 0 19 19
pos/dict7727_stacksub.png 1 0 0 19 19
pos/dict7728_stacksub.png 1 0 0 19 19
pos/dict7729_stacksub.png 1 0 0 19 19
pos/dict7730_stacksub.png 1 0 0 19 19
pos/dict7731_stacksub.png 1 0 0 19 19
pos/dict7732_stacksub.png 1 0 0 19 19
pos/dict7733_stacksub.png 1 0 0 19 19
pos/dict7734_stacksub.png 1 0 0 19 19
pos/dict7735_stacksub.png 1 0 0 19 19
pos/dict7736_stacksub.png 1 0 0 19 19
pos/dict7737_stacksub.png 1 0 0 19 19
pos/dict7738_stacksub.png 1 0 0 19 19
pos/dict7739_stacksub.png 1 0 0 19 19
pos/dict7740_stacksub.png 1 0 0 19 19
pos/dict7741_stacksub.png 1 0 0 19 19
pos/dict7742_stacksub.png 1 0 0 19 19
pos/dict7743_stacksub.png 1 0 0 19 19
pos/dict7744_stacksub.png 1 0 0 19 19
pos/dict7745_stacksub.png 1 0 0 19 19
pos/dict7746_stacksub.png 1 0 0 19 19
pos/dict7747_stacksub.png 1 0 0 19 19
pos/dict7748_stacksub.png 1 0 0 19 19
pos/dict7749_stacksub.png 1 0 0 19 19
pos/dict7750_stacksub.png 1 0 0 19 19
pos/dict7751_stacksub.png 1 0 0 19 19
pos/dict7752_stacksub.png 1 0 0 19 19
pos/dict7753_stacksub.png 1 0 0 19 19
pos/dict7754_stacksub.png 1 0 0 19 19
pos/dict7755_stacksub.png 1 0 0 19 19
pos/dict7756_stacksub.png 1 0 0 19 19
pos/dict7757_stacksub.png 1 0 0 19 19
pos/dict7758_stacksub.png 1 0 0 19 19
pos/dict7759_stacksub.png 1 0 0 19 19
pos/dict7760_stacksub.png 1 0 0 19 19
pos/dict7761_stacksub.png 1 0 0 19 19
pos/dict7762_stacksub.png 1 0 0 19 19
pos/dict7763_stacksub.png 1 0 0 19 19
pos/dict7764_stacksub.png 1 0 0 19 19
pos/dict7765_stacksub.png 1 0 0 19 19
pos/dict7766_stacksub.png 1 0 0 19 19
pos/dict7767_stacksub.png 1 0 0 19 19
pos/dict7768_stacksub.png 1 0 0 19 19
pos/dict7769_stacksub.png 1 0 0 19 19
pos/dict7770_stacksub.png 1 0 0 19 19
pos/dict7771_stacksub.png 1 0 0 19 19
pos/dict7772_stacksub.png 1 0 0 19 19
pos/dict7773_stacksub.png 1 0 0 19 19
pos/dict7774_stacksub.png 1 0 0 19 19
pos/dict7775_stacksub.png 1 0 0 19 19
pos/dict7776_stacksub.png 1 0 0 19 19
pos/dict7777_stacksub.png 1 0 0 19 19
pos/dict7778_stacksub.png 1 0 0 19 19
pos/dict7779_stacksub.png 1 0 0 19 19
pos/dict7780_stacksub.png 1 0 0 19 19
pos/dict7781_stacksub.png 1 0 0 19 19
pos/dict7782_stacksub.png 1 0 0 19 19
pos/dict7783_stacksub.png 1 0 0 19 19
pos/dict7784_stacksub.png 1 0 0 19 19
pos/dict7785_stacksub.png 1 0 0 19 19
pos/dict7786_stacksub.png 1 0 0 19 19
pos/dict7787_stacksub.png 1 0 0 19 19
pos/dict7788_stacksub.png 1 0 0 19 19
pos/dict7789_stacksub.png 1 0 0 19 19
pos/dict7790_stacksub.png 1 0 0 19 19
pos/dict7791_stacksub.png 1 0 0 19 19
pos/dict7792_stacksub.png 1 0 0 19 19
pos/dict7793_stacksub.png 1 0 0 19 19
pos/dict7794_stacksub.png 1 0 0 19 19
pos/dict7795_stacksub.png 1 0 0 19 19
pos/dict7796_stacksub.png 1 0 0 19 19
pos/dict7797_stacksub.png 1 0 0 19 19
pos/dict7798_stacksub.png 1 0 0 19 19
pos/dict7799_stacksub.png 1 0 0 19 19
pos/dict7800_stacksub.png 1 0 0 19 19
pos/dict7801_stacksub.png 1 0 0 19 19
pos/dict7802_stacksub.png 1 0 0 19 19
pos/dict7803_stacksub.png 1 0 0 19 19
pos/dict7804_stacksub.png 1 0 0 19 19
pos/dict7805_stacksub.png 1 0 0 19 19
pos/dict7806_stacksub.png 1 0 0 19 19
pos/dict7807_stacksub.png 1 0 0 19 19
pos/dict7808_stacksub.png 1 0 0 19 19
pos/dict7809_stacksub.png 1 0 0 19 19
pos/dict7810_stacksub.png 1 0 0 19 19
pos/dict7811_stacksub.png 1 0 0 19 19
pos/dict7812_stacksub.png 1 0 0 19 19
pos/dict7813_stacksub.png 1 0 0 19 19
pos/dict7814_stacksub.png 1 0 0 19 19
pos/dict7815_stacksub.png 1 0 0 19 19
pos/dict7816_stacksub.png 1 0 0 19 19
pos/dict7817_stacksub.png 1 0 0 19 19
pos/dict7818_stacksub.png 1 0 0 19 19
pos/dict7819_stacksub.png 1 0 0 19 19
pos/dict7820_stacksub.png 1 0 0 19 19
pos/dict7821_stacksub.png 1 0 0 19 19
pos/dict7822_stacksub.png 1 0 0 19 19
pos/dict7823_stacksub.png 1 0 0 19 19
pos/dict7824_stacksub.png 1 0 0 19 19
pos/dict7825_stacksub.png 1 0 0 19 19
pos/dict7826_stacksub.png 1 0 0 19 19
pos/dict7827_stacksub.png 1 0 0 19 19
pos/dict7828_stacksub.png 1 0 0 19 19
pos/dict7829_stacksub.png 1 0 0 19 19
pos/dict7830_stacksub.png 1 0 0 19 19
pos/dict7831_stacksub.png 1 0 0 19 19
pos/dict7832_stacksub.png 1 0 0 19 19
pos/dict7833_stacksub.png 1 0 0 19 19
pos/dict7834_stacksub.png 1 0 0 19 19
pos/dict7835_stacksub.png 1 0 0 19 19
pos/dict7836_stacksub.png 1 0 0 19 19
pos/dict7837_stacksub.png 1 0 0 19 19
pos/dict7838_stacksub.png 1 0 0 19 19
pos/dict7839_stacksub.png 1 0 0 19 19
pos/dict7840_stacksub.png 1 0 0 19 19
pos/dict7841_stacksub.png 1 0 0 19 19
pos/dict7842_stacksub.png 1 0 0 19 19
pos/dict7843_stacksub.png 1 0 0 19 19
pos/dict7844_stacksub.png 1 0 0 19 19
pos/dict7845_stacksub.png 1 0 0 19 19
pos/dict7846_stacksub.png 1 0 0 19 19
pos/dict7847_stacksub.png 1 0 0 19 19
pos/dict7848_stacksub.png 1 0 0 19 19
pos/dict7849_stacksub.png 1 0 0 19 19
pos/dict7850_stacksub.png 1 0 0 19 19
pos/dict7851_stacksub.png 1 0 0 19 19
pos/dict7852_stacksub.png 1 0 0 19 19
pos/dict7853_stacksub.png 1 0 0 19 19
pos/dict7854_stacksub.png 1 0 0 19 19
pos/dict7855_stacksub.png 1 0 0 19 19
pos/dict7856_stacksub.png 1 0 0 19 19
pos/dict7857_stacksub.png 1 0 0 19 19
pos/dict7858_stacksub.png 1 0 0 19 19
pos/dict7859_stacksub.png 1 0 0 19 19
pos/dict7860_stacksub.png 1 0 0 19 19
pos/dict7861_stacksub.png 1 0 0 19 19
pos/dict7862_stacksub.png 1 0 0 19 19
pos/dict7863_stacksub.png 1 0 0 19 19
pos/dict7864_stacksub.png 1 0 0 19 19
pos/dict7865_stacksub.png 1 0 0 19 19
pos/dict7866_stacksub.png 1 0 0 19 19
pos/dict7867_stacksub.png 1 0 0 19 19
pos/dict7868_stacksub.png 1 0 0 19 19
pos/dict7869_stacksub.png 1 0 0 19 19
pos/dict7870_stacksub.png 1 0 0 19 19
pos/dict7871_stacksub.png 1 0 0 19 19
pos/dict7872_stacksub.png 1 0 0 19 19
pos/dict7873_stacksub.png 1 0 0 19 19
pos/dict7874_stacksub.png 1 0 0 19 19
pos/dict7875_stacksub.png 1 0 0 19 19
pos/dict7876_stacksub.png 1 0 0 19 19
pos/dict7877_stacksub.png 1 0 0 19 19
pos/dict7878_stacksub.png 1 0 0 19 19
pos/dict7879_stacksub.png 1 0 0 19 19
pos/dict7880_stacksub.png 1 0 0 19 19
pos/dict7881_stacksub.png 1 0 0 19 19
pos/dict7882_stacksub.png 1 0 0 19 19
pos/dict7883_stacksub.png 1 0 0 19 19
pos/dict7884_stacksub.png 1 0 0 19 19
pos/dict7885_stacksub.png 1 0 0 19 19
pos/dict7886_stacksub.png 1 0 0 19 19
pos/dict7887_stacksub.png 1 0 0 19 19
pos/dict7888_stacksub.png 1 0 0 19 19
pos/dict7889_stacksub.png 1 0 0 19 19
pos/dict7890_stacksub.png 1 0 0 19 19
pos/dict7891_stacksub.png 1 0 0 19 19
pos/dict7892_stacksub.png 1 0 0 19 19
pos/dict7893_stacksub.png 1 0 0 19 19
pos/dict7894_stacksub.png 1 0 0 19 19
pos/dict7895_stacksub.png 1 0 0 19 19
pos/dict7896_stacksub.png 1 0 0 19 19
pos/dict7897_stacksub.png 1 0 0 19 19
pos/dict7898_stacksub.png 1 0 0 19 19
pos/dict7899_stacksub.png 1 0 0 19 19
pos/dict7900_stacksub.png 1 0 0 19 19
pos/dict7901_stacksub.png 1 0 0 19 19
pos/dict7902_stacksub.png 1 0 0 19 19
pos/dict7903_stacksub.png 1 0 0 19 19
pos/dict7904_stacksub.png 1 0 0 19 19
pos/dict7905_stacksub.png 1 0 0 19 19
pos/dict7906_stacksub.png 1 0 0 19 19
pos/dict7907_stacksub.png 1 0 0 19 19
pos/dict7908_stacksub.png 1 0 0 19 19
pos/dict7909_stacksub.png 1 0 0 19 19
pos/dict7910_stacksub.png 1 0 0 19 19
pos/dict7911_stacksub.png 1 0 0 19 19
pos/dict7912_stacksub.png 1 0 0 19 19
pos/dict7913_stacksub.png 1 0 0 19 19
pos/dict7914_stacksub.png 1 0 0 19 19
pos/dict7915_stacksub.png 1 0 0 19 19
pos/dict7916_stacksub.png 1 0 0 19 19
pos/dict7917_stacksub.png 1 0 0 19 19
pos/dict7918_stacksub.png 1 0 0 19 19
pos/dict7919_stacksub.png 1 0 0 19 19
pos/dict7920_stacksub.png 1 0 0 19 19
pos/dict7921_stacksub.png 1 0 0 19 19
pos/dict7922_stacksub.png 1 0 0 19 19
pos/dict7923_stacksub.png 1 0 0 19 19
pos/dict7924_stacksub.png 1 0 0 19 19
pos/dict7925_stacksub.png 1 0 0 19 19
pos/dict7926_stacksub.png 1 0 0 19 19
pos/dict7927_stacksub.png 1 0 0 19 19
pos/dict7928_stacksub.png 1 0 0 19 19
pos/dict7929_stacksub.png 1 0 0 19 19
pos/dict7930_stacksub.png 1 0 0 19 19
pos/dict7931_stacksub.png 1 0 0 19 19
pos/dict7932_stacksub.png 1 0 0 19 19
pos/dict7933_stacksub.png 1 0 0 19 19
pos/dict7934_stacksub.png 1 0 0 19 19
pos/dict7935_stacksub.png 1 0 0 19 19
pos/dict7936_stacksub.png 1 0 0 19 19
pos/dict7937_stacksub.png 1 0 0 19 19
pos/dict7938_stacksub.png 1 0 0 19 19
pos/dict7939_stacksub.png 1 0 0 19 19
pos/dict7940_stacksub.png 1 0 0 19 19
pos/dict7941_stacksub.png 1 0 0 19 19
pos/dict7942_stacksub.png 1 0 0 19 19
pos/dict7943_stacksub.png 1 0 0 19 19
pos/dict7944_stacksub.png 1 0 0 19 19
pos/dict7945_stacksub.png 1 0 0 19 19
pos/dict7946_stacksub.png 1 0 0 19 19
pos/dict7947_stacksub.png 1 0 0 19 19
pos/dict7948_stacksub.png 1 0 0 19 19
pos/dict7949_stacksub.png 1 0 0 19 19
pos/dict7950_stacksub.png 1 0 0 19 19
pos/dict7951_stacksub.png 1 0 0 19 19
pos/dict7952_stacksub.png 1 0 0 19 19
pos/dict7953_stacksub.png 1 0 0 19 19
pos/dict7954_stacksub.png 1 0 0 19 19
pos/dict7955_stacksub.png 1 0 0 19 19
pos/dict7956_stacksub.png 1 0 0 19 19
pos/dict7957_stacksub.png 1 0 0 19 19
pos/dict7958_stacksub.png 1 0 0 19 19
pos/dict7959_stacksub.png 1 0 0 19 19
pos/dict7960_stacksub.png 1 0 0 19 19
pos/dict7961_stacksub.png 1 0 0 19 19
pos/dict7962_stacksub.png 1 0 0 19 19
pos/dict7963_stacksub.png 1 0 0 19 19
pos/dict7964_stacksub.png 1 0 0 19 19
pos/dict7965_stacksub.png 1 0 0 19 19
pos/dict7966_stacksub.png 1 0 0 19 19
pos/dict7967_stacksub.png 1 0 0 19 19
pos/dict7968_stacksub.png 1 0 0 19 19
pos/dict7969_stacksub.png 1 0 0 19 19
pos/dict7970_stacksub.png 1 0 0 19 19
pos/dict7971_stacksub.png 1 0 0 19 19
pos/dict7972_stacksub.png 1 0 0 19 19
pos/dict7973_stacksub.png 1 0 0 19 19
pos/dict7974_stacksub.png 1 0 0 19 19
pos/dict7975_stacksub.png 1 0 0 19 19
pos/dict7976_stacksub.png 1 0 0 19 19
pos/dict7977_stacksub.png 1 0 0 19 19
pos/dict7978_stacksub.png 1 0 0 19 19
pos/dict7979_stacksub.png 1 0 0 19 19
pos/dict7980_stacksub.png 1 0 0 19 19
pos/dict7981_stacksub.png 1 0 0 19 19
pos/dict7982_stacksub.png 1 0 0 19 19
pos/dict7983_stacksub.png 1 0 0 19 19
pos/dict7984_stacksub.png 1 0 0 19 19
pos/dict7985_stacksub.png 1 0 0 19 19
pos/dict7986_stacksub.png 1 0 0 19 19
pos/dict7987_stacksub.png 1 0 0 19 19
pos/dict7988_stacksub.png 1 0 0 19 19
pos/dict7989_stacksub.png 1 0 0 19 19
pos/dict7990_stacksub.png 1 0 0 19 19
pos/dict7991_stacksub.png 1 0 0 19 19
pos/dict7992_stacksub.png 1 0 0 19 19
pos/dict7993_stacksub.png 1 0 0 19 19
pos/dict7994_stacksub.png 1 0 0 19 19
pos/dict7995_stacksub.png 1 0 0 19 19
pos/dict7996_stacksub.png 1 0 0 19 19
pos/dict7997_stacksub.png 1 0 0 19 19
pos/dict7998_stacksub.png 1 0 0 19 19
pos/dict7999_stacksub.png 1 0 0 19 19
